<?xml version="1.0" encoding="utf-8"?><testsuites name="pytest tests"><testsuite name="pytest" errors="0" failures="1" skipped="0" tests="36" time="37.699" timestamp="2026-09-14T15:45:51.514922+07:00" hostname="Bayramov-N-mb"><testcase classname="tests.integration.test_recheck_prior_v2" name="test_actual_worker_routes_accepted_start" time="2.449" /><testcase classname="tests.integration.test_recheck_prior_v2" name="test_actual_scheduler_discovers_active_budgets" time="0.384" /><testcase classname="tests.integration.test_recheck_prior_v2" name="test_ai_latency_within_provider_timeout_does_not_kill_transaction" time="11.673" /><testcase classname="tests.integration.test_recheck_prior_v2" name="test_downstream_retry_no_duplicate" time="0.610" /><testcase classname="tests.integration.test_recheck_prior_v2" name="test_downstream_stale_lease_cannot_post" time="0.309" /><testcase classname="tests.integration.test_recheck_prior_v2" name="test_downstream_failed_reply_is_retried" time="0.366" /><testcase classname="tests.integration.test_recheck_prior_v2" name="test_downstream_group_is_private" time="0.353" /><testcase classname="tests.integration.test_recheck_prior_v2" name="test_edit_versions_accept_third_update" time="0.244" /><testcase classname="tests.integration.test_recheck_prior_v2" name="test_transfer_semantics_survive_confirmation" time="0.222" /><testcase classname="tests.integration.test_recheck_prior_v2" name="test_import_export_actions[exp:xlsx]" time="0.356" /><testcase classname="tests.integration.test_recheck_prior_v2" name="test_import_export_actions[exp:csv]" time="0.210" /><testcase classname="tests.integration.test_recheck_prior_v2" name="test_import_export_actions[imp:start]" time="0.231" /><testcase classname="tests.integration.test_recheck_prior_v2" name="test_expired_lease_is_invalid" time="0.270" /><testcase classname="tests.integration.test_recheck_prior_v2" name="test_removed_member_cannot_finish_inflight_write" time="0.271" /><testcase classname="tests.integration.test_recheck_prior_v3" name="test_bad_delete_confirmation_does_not_fence_budget" time="0.220" /><testcase classname="tests.integration.test_recheck_prior_v3" name="test_void_refund_restores_refundable_amount" time="0.315" /><testcase classname="tests.integration.test_recheck_prior_v3" name="test_runtime_retention_clears_expired_private_draft" time="0.279" /><testcase classname="tests.integration.test_recheck_prior_v3" name="test_quarantined_budget_does_not_show_financial_history" time="0.270" /><testcase classname="tests.integration.test_recheck_prior_v3" name="test_completed_revoke_survives_restored_old_acl" time="0.411" /><testcase classname="tests.integration.test_recheck_prior_v3" name="test_deleted_budget_financial_data_is_purged_after_deadline" time="0.417" /><testcase classname="tests.integration.test_recheck_prior_v3" name="test_invite_secret_is_not_retained_in_global_job" time="0.242" /><testcase classname="tests.integration.test_recheck_adversarial" name="test_lease_lost_during_command_cannot_commit" time="0.495" /><testcase classname="tests.integration.test_recheck_adversarial" name="test_same_event_concurrently_creates_one_expense" time="0.486" /><testcase classname="tests.integration.test_recheck_adversarial" name="test_edited_message_does_not_add_second_expense" time="0.813" /><testcase classname="tests.integration.test_recheck_adversarial" name="test_restoring_old_refund_cannot_exceed_purchase" time="0.324" /><testcase classname="tests.integration.test_recheck_adversarial" name="test_new_budget_has_default_weekly_analysis" time="0.231" /><testcase classname="tests.integration.test_recheck_adversarial" name="test_background_slow_ai_does_not_break_transaction" time="11.402" /><testcase classname="tests.integration.test_recheck_adversarial" name="test_deferred_reply_is_not_sent_after_member_removal" time="0.429"><failure message="RuntimeError: coroutine raised StopIteration">tests/integration/test_recheck_adversarial.py:175: in test_deferred_reply_is_not_sent_after_member_removal
    reply_job = next(j for j in jobs if j.job_type == "deliver_reply")
                ^^^^^^^^^^^^^^^^^^^^^^^^^^^^^^^^^^^^^^^^^^^^^^^^^^^^^^
E   StopIteration

The above exception was the direct cause of the following exception:
/Users/Bayramov_N/Desktop/Other/financial-tracker/.venv/lib/python3.13/site-packages/pytest_asyncio/plugin.py:549: in runtest
    super().runtest()
/Users/Bayramov_N/Desktop/Other/financial-tracker/.venv/lib/python3.13/site-packages/pytest_asyncio/plugin.py:1069: in inner
    _loop.run_until_complete(task)
/Users/Bayramov_N/.local/share/uv/python/cpython-3.13.15-macos-aarch64-none/lib/python3.13/asyncio/base_events.py:726: in run_until_complete
    return future.result()
           ^^^^^^^^^^^^^^^
E   RuntimeError: coroutine raised StopIteration</failure></testcase><testcase classname="tests.integration.test_recheck_adversarial" name="test_runtime_retention_deletes_expired_receipt" time="0.221" /><testcase classname="tests.integration.test_recheck_adversarial" name="test_budget_purge_also_removes_receipts" time="0.370" /><testcase classname="tests.integration.test_recheck_adversarial" name="test_restore_replays_deleted_workspace_state" time="0.322" /><testcase classname="tests.integration.test_recheck_adversarial" name="test_rejected_security_change_does_not_leave_fence" time="0.286" /><testcase classname="tests.integration.test_recheck_adversarial" name="test_expired_lease_cannot_be_renewed" time="0.326" /><testcase classname="tests.integration.test_recheck_adversarial" name="test_restored_refund_counts_in_remaining_limit" time="0.387" /><testcase classname="tests.integration.test_recheck_adversarial" name="test_xlsx_message_reaches_import_handler" time="0.255" /><testcase classname="tests.integration.test_recheck_adversarial" name="test_invite_expiring_after_preview_does_not_fence_budget" time="0.493" /></testsuite></testsuites>