<?xml version="1.0" encoding="utf-8"?><testsuites name="pytest tests"><testsuite name="pytest" errors="0" failures="0" skipped="0" tests="4" time="2.338" timestamp="2026-09-15T00:21:24.613067+07:00" hostname="Bayramov-N-mb"><testcase classname="tests.integration.test_ops_recheck" name="test_strict_response_allowed_null_is_accepted" time="0.043" /><testcase classname="tests.integration.test_ops_recheck" name="test_truncated_png_rejected_before_vision" time="1.519" /><testcase classname="tests.integration.test_ops_recheck" name="test_existing_readonly_root_is_not_ready" time="0.203" /><testcase classname="tests.integration.test_ops_recheck" name="test_metrics_include_tenant_deliveries" time="0.212" /></testsuite></testsuites>