<?xml version="1.0" encoding="utf-8"?><testsuites name="pytest tests"><testsuite name="pytest" errors="0" failures="11" skipped="0" tests="11" time="8.039" timestamp="2026-09-14T02:04:59.238790+07:00" hostname="Bayramov-N-mb"><testcase classname=".planning.audits.2026-09-14-readiness.flows.test_flow_readiness" name="test_category_archive_is_accessible_and_can_restore" time="2.053"><failure message="AssertionError: Действие недоступно.&#10;assert 'Рестораны' in 'Действие недоступно.'&#10; +  where 'Действие недоступно.' = text()&#10; +    where text = BotUser(settings=Settings(env=&lt;Environment.TEST: 'test'&gt;, app_name='fintracker', db=DatabaseSettings(owner_dsn='postgr...12, 9, 0, tzinfo=datetime.timezone.utc), last_replies=[Reply(text='Действие недоступно.', buttons=(), immediate=True)]).text">.planning/audits/2026-09-14-readiness/flows/test_flow_readiness.py:46: in test_category_archive_is_accessible_and_can_restore
    assert "Рестораны" in user.text(), user.text()
E   AssertionError: Действие недоступно.
E   assert 'Рестораны' in 'Действие недоступно.'
E    +  where 'Действие недоступно.' = text()
E    +    where text = BotUser(settings=Settings(env=&lt;Environment.TEST: 'test'&gt;, app_name='fintracker', db=DatabaseSettings(owner_dsn='postgr...12, 9, 0, tzinfo=datetime.timezone.utc), last_replies=[Reply(text='Действие недоступно.', buttons=(), immediate=True)]).text</failure></testcase><testcase classname=".planning.audits.2026-09-14-readiness.flows.test_flow_readiness" name="test_category_rename_button_saves_name" time="0.459"><failure message="AssertionError: ('Не понял сообщение. Отправьте /help, чтобы увидеть примеры.', ['Продукты', 'Рестораны', 'Транспорт', 'Жильё'])&#10;assert ('Кафе' in ['Продукты', 'Рестораны', 'Транспорт', 'Жильё'])">.planning/audits/2026-09-14-readiness/flows/test_flow_readiness.py:60: in test_category_rename_button_saves_name
    assert "Кафе" in names and "Рестораны" not in names, (user.text(), names)
E   AssertionError: ('Не понял сообщение. Отправьте /help, чтобы увидеть примеры.', ['Продукты', 'Рестораны', 'Транспорт', 'Жильё'])
E   assert ('Кафе' in ['Продукты', 'Рестораны', 'Транспорт', 'Жильё'])</failure></testcase><testcase classname=".planning.audits.2026-09-14-readiness.flows.test_flow_readiness" name="test_goal_creation_button_enters_wizard" time="0.415"><failure message="AssertionError: Кнопка устарела. Откройте нужный раздел заново.&#10;assert ('Кнопка устарела' not in 'Кнопка уста...здел заново.'&#10;  &#10;  'Кнопка устарела' is contained here:&#10;    Кнопка устарела. Откройте нужный раздел заново.&#10;  ? +++++++++++++++)">.planning/audits/2026-09-14-readiness/flows/test_flow_readiness.py:68: in test_goal_creation_button_enters_wizard
    assert "Кнопка устарела" not in user.text() and "Действие недоступно" not in user.text(), user.text()
E   AssertionError: Кнопка устарела. Откройте нужный раздел заново.
E   assert ('Кнопка устарела' not in 'Кнопка уста...здел заново.'
E     
E     'Кнопка устарела' is contained here:
E       Кнопка устарела. Откройте нужный раздел заново.
E     ? +++++++++++++++)</failure></testcase><testcase classname=".planning.audits.2026-09-14-readiness.flows.test_flow_readiness" name="test_new_payment_button_enters_form" time="0.439"><failure message="AssertionError: Кнопка устарела. Откройте раздел «Платежи».&#10;assert 'Кнопка устарела' not in 'Кнопка уста...л «Платежи».'&#10;  &#10;  'Кнопка устарела' is contained here:&#10;    Кнопка устарела. Откройте раздел «Платежи».&#10;  ? +++++++++++++++">.planning/audits/2026-09-14-readiness/flows/test_flow_readiness.py:76: in test_new_payment_button_enters_form
    assert "Кнопка устарела" not in user.text(), user.text()
E   AssertionError: Кнопка устарела. Откройте раздел «Платежи».
E   assert 'Кнопка устарела' not in 'Кнопка уста...л «Платежи».'
E     
E     'Кнопка устарела' is contained here:
E       Кнопка устарела. Откройте раздел «Платежи».
E     ? +++++++++++++++</failure></testcase><testcase classname=".planning.audits.2026-09-14-readiness.flows.test_flow_readiness" name="test_wizard_keeps_commitment_and_goal_inputs" time="0.378"><failure message="AssertionError: ('Бюджет «Аудит мастера» создан.&#10;  Постоянный ID: 9F2864DC&#10;  Текущий период: 2026-09-10 — 2026-10-09&#10;  Следующий период начнётся 2026-10-10&#10;  Ваша роль: администратор', [], [])&#10;assert ('Аренда' in [])">.planning/audits/2026-09-14-readiness/flows/test_flow_readiness.py:97: in test_wizard_keeps_commitment_and_goal_inputs
    assert "Аренда" in schedules and "Отпуск" in goals, (user.text(), schedules, goals)
E   AssertionError: ('Бюджет «Аудит мастера» создан.
E     Постоянный ID: 9F2864DC
E     Текущий период: 2026-09-10 — 2026-10-09
E     Следующий период начнётся 2026-10-10
E     Ваша роль: администратор', [], [])
E   assert ('Аренда' in [])</failure></testcase><testcase classname=".planning.audits.2026-09-14-readiness.flows.test_flow_readiness" name="test_media_retry_button_reprocesses_saved_draft" time="0.493"><failure message="AssertionError: ('Отправьте уточнение сообщением — например, сумму числом или название категории.', ['failed_retryable'])&#10;assert (1 &gt; 1)&#10; +  where 1 = len([{'input': [{'content': [{'text': &quot;Справочник пространства (только эти ID допустимы):\n{'categories': [{'id': '7266a8d... и суммы.\n- category_id только из переданного справочника.', 'prompt_version': 'receipt-1.0', 'schema': 'receipt_v1'}])&#10; +    where [{'input': [{'content': [{'text': &quot;Справочник пространства (только эти ID допустимы):\n{'categories': [{'id': '7266a8d... и суммы.\n- category_id только из переданного справочника.', 'prompt_version': 'receipt-1.0', 'schema': 'receipt_v1'}] = ScriptedAIProvider(responses=['{&quot;schema_version&quot;: &quot;1.0&quot;, &quot;document_kind&quot;: &quot;receipt&quot;, &quot;payment_confirmed&quot;: true, &quot;total...0'}], fail_with=None, usage=AIUsage(input_tokens=1200, cached_input_tokens=0, output_tokens=300, reasoning_tokens=120)).calls">.planning/audits/2026-09-14-readiness/flows/test_flow_readiness.py:135: in test_media_retry_button_reprocesses_saved_draft
    assert len(provider.calls) &gt; calls and user.has_button("Записать"), (user.text(), states)
E   AssertionError: ('Отправьте уточнение сообщением — например, сумму числом или название категории.', ['failed_retryable'])
E   assert (1 &gt; 1)
E    +  where 1 = len([{'input': [{'content': [{'text': "Справочник пространства (только эти ID допустимы):\n{'categories': [{'id': '7266a8d... и суммы.\n- category_id только из переданного справочника.', 'prompt_version': 'receipt-1.0', 'schema': 'receipt_v1'}])
E    +    where [{'input': [{'content': [{'text': "Справочник пространства (только эти ID допустимы):\n{'categories': [{'id': '7266a8d... и суммы.\n- category_id только из переданного справочника.', 'prompt_version': 'receipt-1.0', 'schema': 'receipt_v1'}] = ScriptedAIProvider(responses=['{"schema_version": "1.0", "document_kind": "receipt", "payment_confirmed": true, "total...0'}], fail_with=None, usage=AIUsage(input_tokens=1200, cached_input_tokens=0, output_tokens=300, reasoning_tokens=120)).calls</failure></testcase><testcase classname=".planning.audits.2026-09-14-readiness.flows.test_flow_readiness" name="test_invoice_paid_button_produces_confirmable_record" time="0.492"><failure message="AssertionError: ('Отправьте уточнение сообщением — например, сумму числом или название категории.', ['needs_clarification'], [])&#10;assert (False)&#10; +  where False = has_button('Записать')&#10; +    where has_button = BotUser(settings=Settings(env=&lt;Environment.TEST: 'test'&gt;, app_name='fintracker', db=DatabaseSettings(owner_dsn='postgr...y(text='Отправьте уточнение сообщением — например, сумму числом или название категории.', buttons=(), immediate=True)]).has_button">.planning/audits/2026-09-14-readiness/flows/test_flow_readiness.py:148: in test_invoice_paid_button_produces_confirmable_record
    assert user.has_button("Записать") and candidates, (user.text(), states, candidates)
E   AssertionError: ('Отправьте уточнение сообщением — например, сумму числом или название категории.', ['needs_clarification'], [])
E   assert (False)
E    +  where False = has_button('Записать')
E    +    where has_button = BotUser(settings=Settings(env=&lt;Environment.TEST: 'test'&gt;, app_name='fintracker', db=DatabaseSettings(owner_dsn='postgr...y(text='Отправьте уточнение сообщением — например, сумму числом или название категории.', buttons=(), immediate=True)]).has_button</failure></testcase><testcase classname=".planning.audits.2026-09-14-readiness.flows.test_flow_readiness" name="test_ready_draft_edit_updates_same_draft" time="0.570"><failure message="AssertionError: ('Бюджет: Наш общий бюджет&#10;  Записано 450,00\xa0₽ — Продукты&#10;  12 сентября 2026&#10;  Период: 10 сентября — 9 октября&#10;  По статье: Лимит не задан', [45000], ['ready', 'posted'])&#10;assert [45000] == [60000]&#10;  &#10;  At index 0 diff: 45000 != 60000&#10;  Use -v to get more diff">.planning/audits/2026-09-14-readiness/flows/test_flow_readiness.py:162: in test_ready_draft_edit_updates_same_draft
    assert amounts == [60000], (user.text(), amounts, drafts)
E   AssertionError: ('Бюджет: Наш общий бюджет
E     Записано 450,00\xa0₽ — Продукты
E     12 сентября 2026
E     Период: 10 сентября — 9 октября
E     По статье: Лимит не задан', [45000], ['ready', 'posted'])
E   assert [45000] == [60000]
E     
E     At index 0 diff: 45000 != 60000
E     Use -v to get more diff</failure></testcase><testcase classname=".planning.audits.2026-09-14-readiness.flows.test_flow_readiness" name="test_payment_done_links_record_to_occurrence" time="0.353"><failure message="AssertionError: ('planned', 0, 'Бюджет: Тестовый бюджет&#10;  Записано 1\xa0000,00\xa0₽ — Без категории&#10;  12 сентября 2026&#10;  Период: 10 сентября — 9 октября')&#10;assert ('planned' == 'settled'&#10;  &#10;  - settled&#10;  + planned)">.planning/audits/2026-09-14-readiness/flows/test_flow_readiness.py:181: in test_payment_done_links_record_to_occurrence
    assert value.state == "settled" and value.settled_minor == 100000, (value.state, value.settled_minor, user.text())
E   AssertionError: ('planned', 0, 'Бюджет: Тестовый бюджет
E     Записано 1\xa0000,00\xa0₽ — Без категории
E     12 сентября 2026
E     Период: 10 сентября — 9 октября')
E   assert ('planned' == 'settled'
E     
E     - settled
E     + planned)</failure></testcase><testcase classname=".planning.audits.2026-09-14-readiness.flows.test_flow_readiness" name="test_comment_search_survives_page_navigation" time="1.166"><failure message="AssertionError: Фильтры: без ограничений · по дате операции&#10;  Записи 9–10 из 10:&#10;  12 сентября — 101,00 ₽ · Продукты #x1F4AC&#10;  12 сентября — 100,00 ₽ · Продукты #x1F4AC&#10;assert ('из 9' in 'Фильтры: без ограничений · по дате операции\nЗаписи 9–10 из 10:\n12 сентября — 101,00\xa0₽ · Продукты #x1F4AC\n12 сентября — 100,00\xa0₽ · Продукты #x1F4AC')&#10; +  where 'Фильтры: без ограничений · по дате операции\nЗаписи 9–10 из 10:\n12 сентября — 101,00\xa0₽ · Продукты #x1F4AC\n12 сентября — 100,00\xa0₽ · Продукты #x1F4AC' = text()&#10; +    where text = BotUser(settings=Settings(env=&lt;Environment.TEST: 'test'&gt;, app_name='fintracker', db=DatabaseSettings(owner_dsn='postgr...ext='Последние добавленные', data='hist:sort:-:o:0:-')), (Button(text='← Меню', data='menu:main'),)), immediate=True)]).text">.planning/audits/2026-09-14-readiness/flows/test_flow_readiness.py:193: in test_comment_search_survives_page_navigation
    assert "из 9" in user.text() and "Поиск по комментарию" in user.text(), user.text()
E   AssertionError: Фильтры: без ограничений · по дате операции
E     Записи 9–10 из 10:
E     12 сентября — 101,00 ₽ · Продукты #x1F4AC
E     12 сентября — 100,00 ₽ · Продукты #x1F4AC
E   assert ('из 9' in 'Фильтры: без ограничений · по дате операции\nЗаписи 9–10 из 10:\n12 сентября — 101,00\xa0₽ · Продукты #x1F4AC\n12 сентября — 100,00\xa0₽ · Продукты #x1F4AC')
E    +  where 'Фильтры: без ограничений · по дате операции\nЗаписи 9–10 из 10:\n12 сентября — 101,00\xa0₽ · Продукты #x1F4AC\n12 сентября — 100,00\xa0₽ · Продукты #x1F4AC' = text()
E    +    where text = BotUser(settings=Settings(env=&lt;Environment.TEST: 'test'&gt;, app_name='fintracker', db=DatabaseSettings(owner_dsn='postgr...ext='Последние добавленные', data='hist:sort:-:o:0:-')), (Button(text='← Меню', data='menu:main'),)), immediate=True)]).text</failure></testcase><testcase classname=".planning.audits.2026-09-14-readiness.flows.test_flow_readiness" name="test_reply_to_old_author_card_does_not_edit_latest_record" time="1.119"><failure message="AssertionError: [(45000, None), (80000, 'первая покупка')]&#10;assert [(45000, None...вая покупка')] == [(45000, 'пер...(80000, None)]&#10;  &#10;  At index 0 diff: (45000, None) != (45000, 'первая покупка')&#10;  Use -v to get more diff">.planning/audits/2026-09-14-readiness/flows/test_flow_readiness.py:218: in test_reply_to_old_author_card_does_not_edit_latest_record
    assert rows == [(45000, "первая покупка"), (80000, None)], rows
E   AssertionError: [(45000, None), (80000, 'первая покупка')]
E   assert [(45000, None...вая покупка')] == [(45000, 'пер...(80000, None)]
E     
E     At index 0 diff: (45000, None) != (45000, 'первая покупка')
E     Use -v to get more diff</failure></testcase></testsuite></testsuites>