<?xml version="1.0" encoding="utf-8"?><testsuites name="pytest tests"><testsuite name="pytest" errors="0" failures="0" skipped="0" tests="21" time="19.171" timestamp="2026-09-14T16:08:56.345032+07:00" hostname="Bayramov-N-mb"><testcase classname="tests.integration.test_deep_audit_v2" name="test_actual_worker_routes_accepted_start" time="1.717" /><testcase classname="tests.integration.test_deep_audit_v2" name="test_actual_scheduler_discovers_active_budgets" time="0.192" /><testcase classname="tests.integration.test_deep_audit_v2" name="test_ai_latency_within_provider_timeout_does_not_kill_transaction" time="11.450" /><testcase classname="tests.integration.test_deep_audit_v2" name="test_downstream_retry_no_duplicate" time="0.603" /><testcase classname="tests.integration.test_deep_audit_v2" name="test_downstream_stale_lease_cannot_post" time="0.299" /><testcase classname="tests.integration.test_deep_audit_v2" name="test_downstream_failed_reply_is_retried" time="0.328" /><testcase classname="tests.integration.test_deep_audit_v2" name="test_downstream_group_is_private" time="0.306" /><testcase classname="tests.integration.test_deep_audit_v2" name="test_edit_versions_accept_third_update" time="0.236" /><testcase classname="tests.integration.test_deep_audit_v2" name="test_transfer_semantics_survive_confirmation" time="0.214" /><testcase classname="tests.integration.test_deep_audit_v2" name="test_import_export_actions[exp:xlsx]" time="0.400" /><testcase classname="tests.integration.test_deep_audit_v2" name="test_import_export_actions[exp:csv]" time="0.241" /><testcase classname="tests.integration.test_deep_audit_v2" name="test_import_export_actions[imp:start]" time="0.222" /><testcase classname="tests.integration.test_deep_audit_v2" name="test_expired_lease_is_invalid" time="0.244" /><testcase classname="tests.integration.test_deep_audit_v2" name="test_removed_member_cannot_finish_inflight_write" time="0.329" /><testcase classname="tests.integration.test_deep_audit_v3" name="test_bad_delete_confirmation_does_not_fence_budget" time="0.239" /><testcase classname="tests.integration.test_deep_audit_v3" name="test_void_refund_restores_refundable_amount" time="0.281" /><testcase classname="tests.integration.test_deep_audit_v3" name="test_runtime_retention_clears_expired_private_draft" time="0.215" /><testcase classname="tests.integration.test_deep_audit_v3" name="test_quarantined_budget_does_not_show_financial_history" time="0.217" /><testcase classname="tests.integration.test_deep_audit_v3" name="test_completed_revoke_survives_restored_old_acl" time="0.319" /><testcase classname="tests.integration.test_deep_audit_v3" name="test_deleted_budget_financial_data_is_purged_after_deadline" time="0.364" /><testcase classname="tests.integration.test_deep_audit_v3" name="test_invite_secret_is_not_retained_in_global_job" time="0.315" /></testsuite></testsuites>