<?xml version="1.0" encoding="utf-8"?><testsuites name="pytest tests"><testsuite name="pytest" errors="0" failures="20" skipped="0" tests="21" time="18.549" timestamp="2026-09-13T19:56:58.149395+07:00" hostname="Bayramov-N-mb"><testcase classname="tests.integration.test_deep_audit_v2" name="test_actual_worker_routes_accepted_start" time="1.728"><failure message="AssertionError: No reply, state=ignored; supported Update lost&#10;assert ([])&#10; +  where [] = RecordingSender(sent=[], fail_for_chats=set(), blocked_chats=set(), unknown_chats=set(), _next_id=1).sent">tests/integration/test_deep_audit_v2.py:43: in test_actual_worker_routes_accepted_start
    assert sender.sent and state=="processed",f"No reply, state={state}; supported Update lost"
E   AssertionError: No reply, state=ignored; supported Update lost
E   assert ([])
E    +  where [] = RecordingSender(sent=[], fail_for_chats=set(), blocked_chats=set(), unknown_chats=set(), _next_id=1).sent</failure></testcase><testcase classname="tests.integration.test_deep_audit_v2" name="test_actual_scheduler_discovers_active_budgets" time="0.177"><failure message="AssertionError: Active workspace jobs: []&#10;assert ('open_next_period' in [])">tests/integration/test_deep_audit_v2.py:53: in test_actual_scheduler_discovers_active_budgets
    assert "open_next_period" in jobs and "payment_reminders" in jobs,f"Active workspace jobs: {jobs}"
E   AssertionError: Active workspace jobs: []
E   assert ('open_next_period' in [])</failure></testcase><testcase classname="tests.integration.test_deep_audit_v2" name="test_ai_latency_within_provider_timeout_does_not_kill_transaction" time="11.248"><failure message="sqlalchemy.exc.InternalError: (psycopg.errors.IdleInTransactionSessionTimeout) terminating connection due to idle-in-transaction timeout&#10;[SQL: INSERT INTO drafts (id, workspace_id, owner_user_id, owner_membership_generation, logical_message_id, source_kind, state, raw_text, transcript, source_fingerprint, expires_at, delete_raw_after, failure_reason) VALUES (%(id)s::UUID, %(workspace_id)s::UUID, %(owner_user_id)s::UUID, %(owner_membership_generation)s::UUID, %(logical_message_id)s::UUID, %(source_kind)s::VARCHAR, %(state)s::VARCHAR, %(raw_text)s::VARCHAR, %(transcript)s::VARCHAR, %(source_fingerprint)s::VARCHAR, %(expires_at)s::TIMESTAMP WITH TIME ZONE, %(delete_raw_after)s::TIMESTAMP WITH TIME ZONE, %(failure_reason)s::VARCHAR) RETURNING drafts.version, drafts.created_at, drafts.updated_at]&#10;[parameters: {'id': UUID('0865e027-59e3-4402-abca-f871bef6762f'), 'workspace_id': UUID('b18a3a13-ae4b-44e2-a315-b2b321d40508'), 'owner_user_id': UUID('d4710a06-7a7e-47e1-9762-d478ff282107'), 'owner_membership_generation': UUID('a1621a98-8b55-49af-b9b9-6e72b47e9bb7'), 'logical_message_id': None, 'source_kind': 'text', 'state': 'ready', 'raw_text': 'продукты 450', 'transcript': None, 'source_fingerprint': None, 'expires_at': datetime.datetime(2026, 9, 20, 12, 57, 11, 744649, tzinfo=datetime.timezone.utc), 'delete_raw_after': datetime.datetime(2026, 9, 20, 12, 57, 11, 744649, tzinfo=datetime.timezone.utc), 'failure_reason': None}]&#10;(Background on this error at: https://sqlalche.me/e/20/2j85)">/var/folders/gp/36jzrv8s3nv8hhml14b9k9740000gq/T/fintracker-audit-repro-p3ji2l4w/.venv/lib/python3.13/site-packages/sqlalchemy/engine/base.py:1969: in _exec_single_context
    self.dialect.do_execute(
/var/folders/gp/36jzrv8s3nv8hhml14b9k9740000gq/T/fintracker-audit-repro-p3ji2l4w/.venv/lib/python3.13/site-packages/sqlalchemy/engine/default.py:952: in do_execute
    cursor.execute(statement, parameters)
/var/folders/gp/36jzrv8s3nv8hhml14b9k9740000gq/T/fintracker-audit-repro-p3ji2l4w/.venv/lib/python3.13/site-packages/sqlalchemy/dialects/postgresql/psycopg.py:642: in execute
    result = self.await_(self._cursor.execute(query, params, **kw))
             ^^^^^^^^^^^^^^^^^^^^^^^^^^^^^^^^^^^^^^^^^^^^^^^^^^^^^^
/var/folders/gp/36jzrv8s3nv8hhml14b9k9740000gq/T/fintracker-audit-repro-p3ji2l4w/.venv/lib/python3.13/site-packages/sqlalchemy/util/_concurrency_py3k.py:132: in await_only
    return current.parent.switch(awaitable)  # type: ignore[no-any-return,attr-defined] # noqa: E501
           ^^^^^^^^^^^^^^^^^^^^^^^^^^^^^^^^
/var/folders/gp/36jzrv8s3nv8hhml14b9k9740000gq/T/fintracker-audit-repro-p3ji2l4w/.venv/lib/python3.13/site-packages/sqlalchemy/util/_concurrency_py3k.py:196: in greenlet_spawn
    value = await result
            ^^^^^^^^^^^^
/var/folders/gp/36jzrv8s3nv8hhml14b9k9740000gq/T/fintracker-audit-repro-p3ji2l4w/.venv/lib/python3.13/site-packages/psycopg/cursor_async.py:117: in execute
    raise ex.with_traceback(None)
E   psycopg.errors.IdleInTransactionSessionTimeout: terminating connection due to idle-in-transaction timeout

The above exception was the direct cause of the following exception:
tests/integration/test_deep_audit_v2.py:66: in test_ai_latency_within_provider_timeout_does_not_kill_transaction
    replies=await record_free_text(configured,actor=f.actor,workspace=f.workspace,
/var/folders/gp/36jzrv8s3nv8hhml14b9k9740000gq/T/fintracker-audit-repro-p3ji2l4w/src/fintracker/application/conversation/service.py:408: in record_free_text
    draft, candidates = await create_draft_with_candidates(
/var/folders/gp/36jzrv8s3nv8hhml14b9k9740000gq/T/fintracker-audit-repro-p3ji2l4w/src/fintracker/application/conversation/entry.py:475: in create_draft_with_candidates
    await session.flush()
/var/folders/gp/36jzrv8s3nv8hhml14b9k9740000gq/T/fintracker-audit-repro-p3ji2l4w/.venv/lib/python3.13/site-packages/sqlalchemy/ext/asyncio/session.py:786: in flush
    await greenlet_spawn(self.sync_session.flush, objects=objects)
/var/folders/gp/36jzrv8s3nv8hhml14b9k9740000gq/T/fintracker-audit-repro-p3ji2l4w/.venv/lib/python3.13/site-packages/sqlalchemy/util/_concurrency_py3k.py:203: in greenlet_spawn
    result = context.switch(value)
             ^^^^^^^^^^^^^^^^^^^^^
/var/folders/gp/36jzrv8s3nv8hhml14b9k9740000gq/T/fintracker-audit-repro-p3ji2l4w/.venv/lib/python3.13/site-packages/sqlalchemy/orm/session.py:4353: in flush
    self._flush(objects)
/var/folders/gp/36jzrv8s3nv8hhml14b9k9740000gq/T/fintracker-audit-repro-p3ji2l4w/.venv/lib/python3.13/site-packages/sqlalchemy/orm/session.py:4488: in _flush
    with util.safe_reraise():
         ^^^^^^^^^^^^^^^^^^^
/var/folders/gp/36jzrv8s3nv8hhml14b9k9740000gq/T/fintracker-audit-repro-p3ji2l4w/.venv/lib/python3.13/site-packages/sqlalchemy/util/langhelpers.py:122: in __exit__
    raise exc_value.with_traceback(exc_tb)
/var/folders/gp/36jzrv8s3nv8hhml14b9k9740000gq/T/fintracker-audit-repro-p3ji2l4w/.venv/lib/python3.13/site-packages/sqlalchemy/orm/session.py:4449: in _flush
    flush_context.execute()
/var/folders/gp/36jzrv8s3nv8hhml14b9k9740000gq/T/fintracker-audit-repro-p3ji2l4w/.venv/lib/python3.13/site-packages/sqlalchemy/orm/unitofwork.py:465: in execute
    rec.execute(self)
/var/folders/gp/36jzrv8s3nv8hhml14b9k9740000gq/T/fintracker-audit-repro-p3ji2l4w/.venv/lib/python3.13/site-packages/sqlalchemy/orm/unitofwork.py:641: in execute
    util.preloaded.orm_persistence.save_obj(
/var/folders/gp/36jzrv8s3nv8hhml14b9k9740000gq/T/fintracker-audit-repro-p3ji2l4w/.venv/lib/python3.13/site-packages/sqlalchemy/orm/persistence.py:94: in save_obj
    _emit_insert_statements(
/var/folders/gp/36jzrv8s3nv8hhml14b9k9740000gq/T/fintracker-audit-repro-p3ji2l4w/.venv/lib/python3.13/site-packages/sqlalchemy/orm/persistence.py:1234: in _emit_insert_statements
    result = connection.execute(
/var/folders/gp/36jzrv8s3nv8hhml14b9k9740000gq/T/fintracker-audit-repro-p3ji2l4w/.venv/lib/python3.13/site-packages/sqlalchemy/engine/base.py:1421: in execute
    return meth(
/var/folders/gp/36jzrv8s3nv8hhml14b9k9740000gq/T/fintracker-audit-repro-p3ji2l4w/.venv/lib/python3.13/site-packages/sqlalchemy/sql/elements.py:526: in _execute_on_connection
    return connection._execute_clauseelement(
/var/folders/gp/36jzrv8s3nv8hhml14b9k9740000gq/T/fintracker-audit-repro-p3ji2l4w/.venv/lib/python3.13/site-packages/sqlalchemy/engine/base.py:1643: in _execute_clauseelement
    ret = self._execute_context(
/var/folders/gp/36jzrv8s3nv8hhml14b9k9740000gq/T/fintracker-audit-repro-p3ji2l4w/.venv/lib/python3.13/site-packages/sqlalchemy/engine/base.py:1848: in _execute_context
    return self._exec_single_context(
/var/folders/gp/36jzrv8s3nv8hhml14b9k9740000gq/T/fintracker-audit-repro-p3ji2l4w/.venv/lib/python3.13/site-packages/sqlalchemy/engine/base.py:1988: in _exec_single_context
    self._handle_dbapi_exception(
/var/folders/gp/36jzrv8s3nv8hhml14b9k9740000gq/T/fintracker-audit-repro-p3ji2l4w/.venv/lib/python3.13/site-packages/sqlalchemy/engine/base.py:2365: in _handle_dbapi_exception
    raise sqlalchemy_exception.with_traceback(exc_info[2]) from e
/var/folders/gp/36jzrv8s3nv8hhml14b9k9740000gq/T/fintracker-audit-repro-p3ji2l4w/.venv/lib/python3.13/site-packages/sqlalchemy/engine/base.py:1969: in _exec_single_context
    self.dialect.do_execute(
/var/folders/gp/36jzrv8s3nv8hhml14b9k9740000gq/T/fintracker-audit-repro-p3ji2l4w/.venv/lib/python3.13/site-packages/sqlalchemy/engine/default.py:952: in do_execute
    cursor.execute(statement, parameters)
/var/folders/gp/36jzrv8s3nv8hhml14b9k9740000gq/T/fintracker-audit-repro-p3ji2l4w/.venv/lib/python3.13/site-packages/sqlalchemy/dialects/postgresql/psycopg.py:642: in execute
    result = self.await_(self._cursor.execute(query, params, **kw))
             ^^^^^^^^^^^^^^^^^^^^^^^^^^^^^^^^^^^^^^^^^^^^^^^^^^^^^^
/var/folders/gp/36jzrv8s3nv8hhml14b9k9740000gq/T/fintracker-audit-repro-p3ji2l4w/.venv/lib/python3.13/site-packages/sqlalchemy/util/_concurrency_py3k.py:132: in await_only
    return current.parent.switch(awaitable)  # type: ignore[no-any-return,attr-defined] # noqa: E501
           ^^^^^^^^^^^^^^^^^^^^^^^^^^^^^^^^
/var/folders/gp/36jzrv8s3nv8hhml14b9k9740000gq/T/fintracker-audit-repro-p3ji2l4w/.venv/lib/python3.13/site-packages/sqlalchemy/util/_concurrency_py3k.py:196: in greenlet_spawn
    value = await result
            ^^^^^^^^^^^^
/var/folders/gp/36jzrv8s3nv8hhml14b9k9740000gq/T/fintracker-audit-repro-p3ji2l4w/.venv/lib/python3.13/site-packages/psycopg/cursor_async.py:117: in execute
    raise ex.with_traceback(None)
E   sqlalchemy.exc.InternalError: (psycopg.errors.IdleInTransactionSessionTimeout) terminating connection due to idle-in-transaction timeout
E   [SQL: INSERT INTO drafts (id, workspace_id, owner_user_id, owner_membership_generation, logical_message_id, source_kind, state, raw_text, transcript, source_fingerprint, expires_at, delete_raw_after, failure_reason) VALUES (%(id)s::UUID, %(workspace_id)s::UUID, %(owner_user_id)s::UUID, %(owner_membership_generation)s::UUID, %(logical_message_id)s::UUID, %(source_kind)s::VARCHAR, %(state)s::VARCHAR, %(raw_text)s::VARCHAR, %(transcript)s::VARCHAR, %(source_fingerprint)s::VARCHAR, %(expires_at)s::TIMESTAMP WITH TIME ZONE, %(delete_raw_after)s::TIMESTAMP WITH TIME ZONE, %(failure_reason)s::VARCHAR) RETURNING drafts.version, drafts.created_at, drafts.updated_at]
E   [parameters: {'id': UUID('0865e027-59e3-4402-abca-f871bef6762f'), 'workspace_id': UUID('b18a3a13-ae4b-44e2-a315-b2b321d40508'), 'owner_user_id': UUID('d4710a06-7a7e-47e1-9762-d478ff282107'), 'owner_membership_generation': UUID('a1621a98-8b55-49af-b9b9-6e72b47e9bb7'), 'logical_message_id': None, 'source_kind': 'text', 'state': 'ready', 'raw_text': 'продукты 450', 'transcript': None, 'source_fingerprint': None, 'expires_at': datetime.datetime(2026, 9, 20, 12, 57, 11, 744649, tzinfo=datetime.timezone.utc), 'delete_raw_after': datetime.datetime(2026, 9, 20, 12, 57, 11, 744649, tzinfo=datetime.timezone.utc), 'failure_reason': None}]
E   (Background on this error at: https://sqlalche.me/e/20/2j85)</failure></testcase><testcase classname="tests.integration.test_deep_audit_v2" name="test_downstream_retry_no_duplicate" time="0.456"><failure message="AssertionError: Same inbound event created two financial transactions&#10;assert 2 == 1">tests/integration/test_deep_audit_v2.py:74: in test_downstream_retry_no_duplicate
    await initial.test_audit_restart_after_post_does_not_duplicate(owner_session,test_settings)
tests/integration/test_deep_audit.py:72: in test_audit_restart_after_post_does_not_duplicate
    assert await tx_count(test_settings,f)==1, "Same inbound event created two financial transactions"
E   AssertionError: Same inbound event created two financial transactions
E   assert 2 == 1</failure></testcase><testcase classname="tests.integration.test_deep_audit_v2" name="test_downstream_stale_lease_cannot_post" time="0.362"><failure message="AssertionError: Worker posted money before checking its lost lease&#10;assert 1 == 0">tests/integration/test_deep_audit_v2.py:77: in test_downstream_stale_lease_cannot_post
    await initial.test_audit_stale_lease_cannot_post(owner_session,test_settings)
tests/integration/test_deep_audit.py:84: in test_audit_stale_lease_cannot_post
    assert await tx_count(test_settings,f)==0, "Worker posted money before checking its lost lease"
E   AssertionError: Worker posted money before checking its lost lease
E   assert 1 == 0</failure></testcase><testcase classname="tests.integration.test_deep_audit_v2" name="test_downstream_failed_reply_is_retried" time="0.270"><failure message="AssertionError: Failed reply was acknowledged as processed and will never be retried&#10;assert 'processed' != 'processed'">tests/integration/test_deep_audit_v2.py:80: in test_downstream_failed_reply_is_retried
    await initial.test_audit_failed_immediate_reply_remains_retryable(owner_session,test_settings)
tests/integration/test_deep_audit.py:97: in test_audit_failed_immediate_reply_remains_retryable
    assert state!="processed", "Failed reply was acknowledged as processed and will never be retried"
E   AssertionError: Failed reply was acknowledged as processed and will never be retried
E   assert 'processed' != 'processed'</failure></testcase><testcase classname="tests.integration.test_deep_audit_v2" name="test_downstream_group_is_private" time="0.270"><failure message="AssertionError: Private budget name was sent to all members of an unrelated Telegram group&#10;assert not [{'buttons': [[{'callback_data': 'wiz:start', 'text': 'Создать бюджет'}, {'callback_data': 'join:start', 'text': 'Прис...юджеты'}]], 'chat_id': -100987654321, 'text': 'С возвращением! Ваши бюджеты:\n• Тестовый бюджет (admin, ID F919BB04)'}]">tests/integration/test_deep_audit_v2.py:83: in test_downstream_group_is_private
    await initial.test_audit_group_message_does_not_disclose_private_budgets(owner_session,test_settings)
tests/integration/test_deep_audit.py:110: in test_audit_group_message_does_not_disclose_private_budgets
    assert not exposed, "Private budget name was sent to all members of an unrelated Telegram group"
E   AssertionError: Private budget name was sent to all members of an unrelated Telegram group
E   assert not [{'buttons': [[{'callback_data': 'wiz:start', 'text': 'Создать бюджет'}, {'callback_data': 'join:start', 'text': 'Прис...юджеты'}]], 'chat_id': -100987654321, 'text': 'С возвращением! Ваши бюджеты:\n• Тестовый бюджет (admin, ID F919BB04)'}]</failure></testcase><testcase classname="tests.integration.test_deep_audit_v2" name="test_edit_versions_accept_third_update" time="0.214"><failure message="sqlalchemy.exc.InvalidRequestError: Can't operate on closed transaction inside context manager.  Please complete the context manager before emitting further commands.">tests/integration/test_deep_audit_v2.py:86: in test_edit_versions_accept_third_update
    await initial.test_audit_multiple_edits_are_accepted(owner_session,test_settings)
tests/integration/test_deep_audit.py:118: in test_audit_multiple_edits_are_accepted
    accepted=await accept_telegram_update(test_settings,incoming(f,"продукты 700",update_id=203,message_id=99,edited=True))
             ^^^^^^^^^^^^^^^^^^^^^^^^^^^^^^^^^^^^^^^^^^^^^^^^^^^^^^^^^^^^^^^^^^^^^^^^^^^^^^^^^^^^^^^^^^^^^^^^^^^^^^^^^^^^^^
/var/folders/gp/36jzrv8s3nv8hhml14b9k9740000gq/T/fintracker-audit-repro-p3ji2l4w/src/fintracker/application/ingestion/accept_update.py:268: in accept_telegram_update
    await session.execute(
/var/folders/gp/36jzrv8s3nv8hhml14b9k9740000gq/T/fintracker-audit-repro-p3ji2l4w/.venv/lib/python3.13/site-packages/sqlalchemy/ext/asyncio/session.py:448: in execute
    result = await greenlet_spawn(
/var/folders/gp/36jzrv8s3nv8hhml14b9k9740000gq/T/fintracker-audit-repro-p3ji2l4w/.venv/lib/python3.13/site-packages/sqlalchemy/util/_concurrency_py3k.py:190: in greenlet_spawn
    result = context.switch(*args, **kwargs)
             ^^^^^^^^^^^^^^^^^^^^^^^^^^^^^^^
/var/folders/gp/36jzrv8s3nv8hhml14b9k9740000gq/T/fintracker-audit-repro-p3ji2l4w/.venv/lib/python3.13/site-packages/sqlalchemy/orm/session.py:2373: in execute
    return self._execute_internal(
/var/folders/gp/36jzrv8s3nv8hhml14b9k9740000gq/T/fintracker-audit-repro-p3ji2l4w/.venv/lib/python3.13/site-packages/sqlalchemy/orm/session.py:2261: in _execute_internal
    conn = self._connection_for_bind(bind)
           ^^^^^^^^^^^^^^^^^^^^^^^^^^^^^^^
/var/folders/gp/36jzrv8s3nv8hhml14b9k9740000gq/T/fintracker-audit-repro-p3ji2l4w/.venv/lib/python3.13/site-packages/sqlalchemy/orm/session.py:2108: in _connection_for_bind
    TransactionalContext._trans_ctx_check(self)
/var/folders/gp/36jzrv8s3nv8hhml14b9k9740000gq/T/fintracker-audit-repro-p3ji2l4w/.venv/lib/python3.13/site-packages/sqlalchemy/engine/util.py:111: in _trans_ctx_check
    raise exc.InvalidRequestError(
E   sqlalchemy.exc.InvalidRequestError: Can't operate on closed transaction inside context manager.  Please complete the context manager before emitting further commands.</failure></testcase><testcase classname="tests.integration.test_deep_audit_v2" name="test_transfer_semantics_survive_confirmation" time="0.242"><failure message="AssertionError: Confirmed transfer is stored as an expense&#10;assert 'expense' not in ['expense']">tests/integration/test_deep_audit_v2.py:89: in test_transfer_semantics_survive_confirmation
    await initial.test_audit_transfer_is_not_converted_into_expense(owner_session,test_settings)
tests/integration/test_deep_audit.py:135: in test_audit_transfer_is_not_converted_into_expense
    assert "expense" not in kinds, "Confirmed transfer is stored as an expense"
E   AssertionError: Confirmed transfer is stored as an expense
E   assert 'expense' not in ['expense']</failure></testcase><testcase classname="tests.integration.test_deep_audit_v2" name="test_import_export_actions[exp:xlsx]" time="0.193"><failure message="AssertionError: exp:xlsx displayed by menu but has no handler&#10;assert not True&#10; +  where True = any(&lt;generator object test_audit_export_import_buttons_are_wired.&lt;locals&gt;.&lt;genexpr&gt; at 0x10db10ad0&gt;)">tests/integration/test_deep_audit_v2.py:93: in test_import_export_actions
    await initial.test_audit_export_import_buttons_are_wired(owner_session,test_settings,button)
tests/integration/test_deep_audit.py:142: in test_audit_export_import_buttons_are_wired
    assert not any("Кнопка устарела" in r.text for r in replies), f"{button} displayed by menu but has no handler"
E   AssertionError: exp:xlsx displayed by menu but has no handler
E   assert not True
E    +  where True = any(&lt;generator object test_audit_export_import_buttons_are_wired.&lt;locals&gt;.&lt;genexpr&gt; at 0x10db10ad0&gt;)</failure></testcase><testcase classname="tests.integration.test_deep_audit_v2" name="test_import_export_actions[exp:csv]" time="0.199"><failure message="AssertionError: exp:csv displayed by menu but has no handler&#10;assert not True&#10; +  where True = any(&lt;generator object test_audit_export_import_buttons_are_wired.&lt;locals&gt;.&lt;genexpr&gt; at 0x10d800fb0&gt;)">tests/integration/test_deep_audit_v2.py:93: in test_import_export_actions
    await initial.test_audit_export_import_buttons_are_wired(owner_session,test_settings,button)
tests/integration/test_deep_audit.py:142: in test_audit_export_import_buttons_are_wired
    assert not any("Кнопка устарела" in r.text for r in replies), f"{button} displayed by menu but has no handler"
E   AssertionError: exp:csv displayed by menu but has no handler
E   assert not True
E    +  where True = any(&lt;generator object test_audit_export_import_buttons_are_wired.&lt;locals&gt;.&lt;genexpr&gt; at 0x10d800fb0&gt;)</failure></testcase><testcase classname="tests.integration.test_deep_audit_v2" name="test_import_export_actions[imp:start]" time="0.191"><failure message="AssertionError: imp:start displayed by menu but has no handler&#10;assert not True&#10; +  where True = any(&lt;generator object test_audit_export_import_buttons_are_wired.&lt;locals&gt;.&lt;genexpr&gt; at 0x10dacb5e0&gt;)">tests/integration/test_deep_audit_v2.py:93: in test_import_export_actions
    await initial.test_audit_export_import_buttons_are_wired(owner_session,test_settings,button)
tests/integration/test_deep_audit.py:142: in test_audit_export_import_buttons_are_wired
    assert not any("Кнопка устарела" in r.text for r in replies), f"{button} displayed by menu but has no handler"
E   AssertionError: imp:start displayed by menu but has no handler
E   assert not True
E    +  where True = any(&lt;generator object test_audit_export_import_buttons_are_wired.&lt;locals&gt;.&lt;genexpr&gt; at 0x10dacb5e0&gt;)</failure></testcase><testcase classname="tests.integration.test_deep_audit_v2" name="test_expired_lease_is_invalid" time="0.244"><failure message="AssertionError: Expired lease accepted before any other worker reclaims it&#10;assert not True">tests/integration/test_deep_audit_v2.py:96: in test_expired_lease_is_invalid
    await initial.test_audit_expired_lease_is_invalid_without_reclaim(owner_session,test_settings)
tests/integration/test_deep_audit.py:151: in test_audit_expired_lease_is_invalid_without_reclaim
    assert not valid, "Expired lease accepted before any other worker reclaims it"
E   AssertionError: Expired lease accepted before any other worker reclaims it
E   assert not True</failure></testcase><testcase classname="tests.integration.test_deep_audit_v2" name="test_removed_member_cannot_finish_inflight_write" time="0.271"><failure message="AssertionError: Removed member writes after SecurityChange completed using stale ActorContext&#10;assert 1 == 0">tests/integration/test_deep_audit_v2.py:119: in test_removed_member_cannot_finish_inflight_write
    assert n==0,"Removed member writes after SecurityChange completed using stale ActorContext"
E   AssertionError: Removed member writes after SecurityChange completed using stale ActorContext
E   assert 1 == 0</failure></testcase><testcase classname="tests.integration.test_deep_audit_v3" name="test_bad_delete_confirmation_does_not_fence_budget" time="0.204"><failure message="AssertionError: User typo leaves committed security_fence and permanently blocks writes&#10;assert UUID('42d66733-4910-4246-8d8c-a2f467bd6ef7') is None">tests/integration/test_deep_audit_v3.py:31: in test_bad_delete_confirmation_does_not_fence_budget
    assert fence is None,"User typo leaves committed security_fence and permanently blocks writes"
E   AssertionError: User typo leaves committed security_fence and permanently blocks writes
E   assert UUID('42d66733-4910-4246-8d8c-a2f467bd6ef7') is None</failure></testcase><testcase classname="tests.integration.test_deep_audit_v3" name="test_void_refund_restores_refundable_amount" time="0.208"><failure message="AssertionError: Voided refund still consumes refund allowance via active TransactionLink&#10;assert 0 == 100000&#10; +  where 0 = sum(&lt;generator object test_void_refund_restores_refundable_amount.&lt;locals&gt;.&lt;genexpr&gt; at 0x10ce7ec80&gt;)">tests/integration/test_deep_audit_v3.py:42: in test_void_refund_restores_refundable_amount
    assert sum(p.refundable_minor for p in remaining)==100000,"Voided refund still consumes refund allowance via active TransactionLink"
E   AssertionError: Voided refund still consumes refund allowance via active TransactionLink
E   assert 0 == 100000
E    +  where 0 = sum(&lt;generator object test_void_refund_restores_refundable_amount.&lt;locals&gt;.&lt;genexpr&gt; at 0x10ce7ec80&gt;)</failure></testcase><testcase classname="tests.integration.test_deep_audit_v3" name="test_runtime_retention_clears_expired_private_draft" time="0.211"><failure message="AssertionError: Expired draft survives: ready, raw retained=True&#10;assert ('AUDIT PRIVATE SOURCE' is None)&#10; +  where 'AUDIT PRIVATE SOURCE' = &lt;fintracker.db.models.platform.Draft object at 0x10cebe030&gt;.raw_text">tests/integration/test_deep_audit_v3.py:56: in test_runtime_retention_clears_expired_private_draft
    assert row.raw_text is None and row.state=="expired",f"Expired draft survives: {row.state}, raw retained={bool(row.raw_text)}"
E   AssertionError: Expired draft survives: ready, raw retained=True
E   assert ('AUDIT PRIVATE SOURCE' is None)
E    +  where 'AUDIT PRIVATE SOURCE' = &lt;fintracker.db.models.platform.Draft object at 0x10cebe030&gt;.raw_text</failure></testcase><testcase classname="tests.integration.test_deep_audit_v3" name="test_quarantined_budget_does_not_show_financial_history" time="0.243" /><testcase classname="tests.integration.test_deep_audit_v3" name="test_completed_revoke_survives_restored_old_acl" time="0.260"><failure message="AssertionError: Restored old membership is active despite committed revoke; pending=[]&#10;assert not True">tests/integration/test_deep_audit_v3.py:92: in test_completed_revoke_survives_restored_old_acl
    assert not accessible,f"Restored old membership is active despite committed revoke; pending={pending}"
E   AssertionError: Restored old membership is active despite committed revoke; pending=[]
E   assert not True</failure></testcase><testcase classname="tests.integration.test_deep_audit_v3" name="test_deleted_budget_financial_data_is_purged_after_deadline" time="0.266"><failure message="AssertionError: Deleted workspace retains financial data beyond 24h; no purge handler&#10;assert 1 == 0">tests/integration/test_deep_audit_v3.py:106: in test_deleted_budget_financial_data_is_purged_after_deadline
    assert await tx_count(test_settings,f)==0,"Deleted workspace retains financial data beyond 24h; no purge handler"
E   AssertionError: Deleted workspace retains financial data beyond 24h; no purge handler
E   assert 1 == 0</failure></testcase><testcase classname="tests.integration.test_deep_audit_v3" name="test_invite_secret_is_not_retained_in_global_job" time="0.297"><failure message="AssertionError: Raw invitation secret is stored in a global table readable without workspace context&#10;assert not 'ABCDEFGHJJKJ'&#10; +  where 'ABCDEFGHJJKJ' = &lt;built-in method get of dict object at 0x10d871480&gt;('invite_code')&#10; +    where &lt;built-in method get of dict object at 0x10d871480&gt; = {'inbound_event_id': '43e2390e-6e91-484b-b6d8-4b8629f0d0bd', 'invite_code': 'ABCDEFGHJJKJ', 'schema_version': 1}.get&#10; +      where {'inbound_event_id': '43e2390e-6e91-484b-b6d8-4b8629f0d0bd', 'invite_code': 'ABCDEFGHJJKJ', 'schema_version': 1} = &lt;fintracker.db.models.platform.Job object at 0x10c01d350&gt;.payload">tests/integration/test_deep_audit_v3.py:116: in test_invite_secret_is_not_retained_in_global_job
    assert not job.payload.get("invite_code"),"Raw invitation secret is stored in a global table readable without workspace context"
E   AssertionError: Raw invitation secret is stored in a global table readable without workspace context
E   assert not 'ABCDEFGHJJKJ'
E    +  where 'ABCDEFGHJJKJ' = &lt;built-in method get of dict object at 0x10d871480&gt;('invite_code')
E    +    where &lt;built-in method get of dict object at 0x10d871480&gt; = {'inbound_event_id': '43e2390e-6e91-484b-b6d8-4b8629f0d0bd', 'invite_code': 'ABCDEFGHJJKJ', 'schema_version': 1}.get
E    +      where {'inbound_event_id': '43e2390e-6e91-484b-b6d8-4b8629f0d0bd', 'invite_code': 'ABCDEFGHJJKJ', 'schema_version': 1} = &lt;fintracker.db.models.platform.Job object at 0x10c01d350&gt;.payload</failure></testcase></testsuite></testsuites>