<?xml version="1.0" encoding="utf-8"?><testsuites name="pytest tests"><testsuite name="pytest" errors="0" failures="0" skipped="0" tests="8" time="113.778" timestamp="2026-09-13T19:45:16.587075+07:00" hostname="Bayramov-N-mb"><testcase classname="tests.performance.test_performance" name="test_nfr06_report_on_large_journal" time="44.291" /><testcase classname="tests.performance.test_performance" name="test_nfr06_filtered_journal_on_large_volume" time="26.599" /><testcase classname="tests.performance.test_performance" name="test_nfr01_nfr07_intake_rate" time="30.580" /><testcase classname="tests.performance.test_performance" name="test_nfr08_concurrent_workspaces" time="7.685" /><testcase classname="tests.performance.test_performance" name="test_nfr02_nfr03_dialog_latency" time="1.929" /><testcase classname="tests.performance.test_performance" name="test_ar33_nfr10_restore_drill" time="2.049" /><testcase classname="tests.integration.test_import_export" name="test_a69_a74_a82_real_source_reconciles_to_kopeck" time="0.312" /><testcase classname="tests.integration.test_import_export" name="test_a73_formula_is_preserved_as_text" time="0.139" /></testsuite></testsuites>