<?xml version="1.0" encoding="utf-8"?><testsuites name="pytest tests"><testsuite name="pytest" errors="0" failures="7" skipped="0" tests="11" time="4.284" timestamp="2026-09-13T19:40:02.028201+07:00" hostname="Bayramov-N-mb"><testcase classname="tests.integration.test_deep_audit" name="test_audit_ai_enabled_text_can_finish" time="1.626" /><testcase classname="tests.integration.test_deep_audit" name="test_audit_restart_after_post_does_not_duplicate" time="0.215"><failure message="Failed: DID NOT RAISE &lt;class 'RuntimeError'&gt;">tests/integration/test_deep_audit.py:67: in test_audit_restart_after_post_does_not_duplicate
    with pytest.raises(RuntimeError,match="AUDIT"):
         ^^^^^^^^^^^^^^^^^^^^^^^^^^^^^^^^^^^^^^^^^
E   Failed: DID NOT RAISE &lt;class 'RuntimeError'&gt;</failure></testcase><testcase classname="tests.integration.test_deep_audit" name="test_audit_stale_lease_cannot_post" time="0.214" /><testcase classname="tests.integration.test_deep_audit" name="test_audit_failed_immediate_reply_remains_retryable" time="0.240" /><testcase classname="tests.integration.test_deep_audit" name="test_audit_group_message_does_not_disclose_private_budgets" time="0.230" /><testcase classname="tests.integration.test_deep_audit" name="test_audit_multiple_edits_are_accepted" time="0.228"><failure message="sqlalchemy.exc.InvalidRequestError: Can't operate on closed transaction inside context manager.  Please complete the context manager before emitting further commands.">tests/integration/test_deep_audit.py:118: in test_audit_multiple_edits_are_accepted
    accepted=await accept_telegram_update(test_settings,incoming(f,"продукты 700",update_id=203,message_id=99,edited=True))
             ^^^^^^^^^^^^^^^^^^^^^^^^^^^^^^^^^^^^^^^^^^^^^^^^^^^^^^^^^^^^^^^^^^^^^^^^^^^^^^^^^^^^^^^^^^^^^^^^^^^^^^^^^^^^^^
/var/folders/gp/36jzrv8s3nv8hhml14b9k9740000gq/T/fintracker-audit-3vy71x2l/src/fintracker/application/ingestion/accept_update.py:268: in accept_telegram_update
    await session.execute(
/Users/Bayramov_N/Desktop/Other/financial-tracker/.venv/lib/python3.13/site-packages/sqlalchemy/ext/asyncio/session.py:448: in execute
    result = await greenlet_spawn(
/Users/Bayramov_N/Desktop/Other/financial-tracker/.venv/lib/python3.13/site-packages/sqlalchemy/util/_concurrency_py3k.py:190: in greenlet_spawn
    result = context.switch(*args, **kwargs)
             ^^^^^^^^^^^^^^^^^^^^^^^^^^^^^^^
/Users/Bayramov_N/Desktop/Other/financial-tracker/.venv/lib/python3.13/site-packages/sqlalchemy/orm/session.py:2373: in execute
    return self._execute_internal(
/Users/Bayramov_N/Desktop/Other/financial-tracker/.venv/lib/python3.13/site-packages/sqlalchemy/orm/session.py:2261: in _execute_internal
    conn = self._connection_for_bind(bind)
           ^^^^^^^^^^^^^^^^^^^^^^^^^^^^^^^
/Users/Bayramov_N/Desktop/Other/financial-tracker/.venv/lib/python3.13/site-packages/sqlalchemy/orm/session.py:2108: in _connection_for_bind
    TransactionalContext._trans_ctx_check(self)
/Users/Bayramov_N/Desktop/Other/financial-tracker/.venv/lib/python3.13/site-packages/sqlalchemy/engine/util.py:111: in _trans_ctx_check
    raise exc.InvalidRequestError(
E   sqlalchemy.exc.InvalidRequestError: Can't operate on closed transaction inside context manager.  Please complete the context manager before emitting further commands.</failure></testcase><testcase classname="tests.integration.test_deep_audit" name="test_audit_transfer_is_not_converted_into_expense" time="0.228"><failure message="AssertionError: Confirmed transfer is stored as an expense&#10;assert 'expense' not in ['expense']">tests/integration/test_deep_audit.py:135: in test_audit_transfer_is_not_converted_into_expense
    assert "expense" not in kinds, "Confirmed transfer is stored as an expense"
E   AssertionError: Confirmed transfer is stored as an expense
E   assert 'expense' not in ['expense']</failure></testcase><testcase classname="tests.integration.test_deep_audit" name="test_audit_export_import_buttons_are_wired[exp:xlsx]" time="0.220"><failure message="AssertionError: exp:xlsx displayed by menu but has no handler&#10;assert not True&#10; +  where True = any(&lt;generator object test_audit_export_import_buttons_are_wired.&lt;locals&gt;.&lt;genexpr&gt; at 0x10e9f3ed0&gt;)">tests/integration/test_deep_audit.py:142: in test_audit_export_import_buttons_are_wired
    assert not any("Кнопка устарела" in r.text for r in replies), f"{button} displayed by menu but has no handler"
E   AssertionError: exp:xlsx displayed by menu but has no handler
E   assert not True
E    +  where True = any(&lt;generator object test_audit_export_import_buttons_are_wired.&lt;locals&gt;.&lt;genexpr&gt; at 0x10e9f3ed0&gt;)</failure></testcase><testcase classname="tests.integration.test_deep_audit" name="test_audit_export_import_buttons_are_wired[exp:csv]" time="0.214"><failure message="AssertionError: exp:csv displayed by menu but has no handler&#10;assert not True&#10; +  where True = any(&lt;generator object test_audit_export_import_buttons_are_wired.&lt;locals&gt;.&lt;genexpr&gt; at 0x10e9e2260&gt;)">tests/integration/test_deep_audit.py:142: in test_audit_export_import_buttons_are_wired
    assert not any("Кнопка устарела" in r.text for r in replies), f"{button} displayed by menu but has no handler"
E   AssertionError: exp:csv displayed by menu but has no handler
E   assert not True
E    +  where True = any(&lt;generator object test_audit_export_import_buttons_are_wired.&lt;locals&gt;.&lt;genexpr&gt; at 0x10e9e2260&gt;)</failure></testcase><testcase classname="tests.integration.test_deep_audit" name="test_audit_export_import_buttons_are_wired[imp:start]" time="0.200"><failure message="AssertionError: imp:start displayed by menu but has no handler&#10;assert not True&#10; +  where True = any(&lt;generator object test_audit_export_import_buttons_are_wired.&lt;locals&gt;.&lt;genexpr&gt; at 0x10e6ed970&gt;)">tests/integration/test_deep_audit.py:142: in test_audit_export_import_buttons_are_wired
    assert not any("Кнопка устарела" in r.text for r in replies), f"{button} displayed by menu but has no handler"
E   AssertionError: imp:start displayed by menu but has no handler
E   assert not True
E    +  where True = any(&lt;generator object test_audit_export_import_buttons_are_wired.&lt;locals&gt;.&lt;genexpr&gt; at 0x10e6ed970&gt;)</failure></testcase><testcase classname="tests.integration.test_deep_audit" name="test_audit_expired_lease_is_invalid_without_reclaim" time="0.294"><failure message="AssertionError: Expired lease accepted before any other worker reclaims it&#10;assert not True">tests/integration/test_deep_audit.py:151: in test_audit_expired_lease_is_invalid_without_reclaim
    assert not valid, "Expired lease accepted before any other worker reclaims it"
E   AssertionError: Expired lease accepted before any other worker reclaims it
E   assert not True</failure></testcase></testsuite></testsuites>