<?xml version="1.0" encoding="utf-8"?><testsuites name="pytest tests"><testsuite name="pytest" errors="0" failures="0" skipped="0" tests="21" time="18.685" timestamp="2026-09-13T20:49:58.502896+07:00" hostname="Bayramov-N-mb"><testcase classname="tests.integration.test_deep_audit_v2" name="test_actual_worker_routes_accepted_start" time="1.668" /><testcase classname="tests.integration.test_deep_audit_v2" name="test_actual_scheduler_discovers_active_budgets" time="0.176" /><testcase classname="tests.integration.test_deep_audit_v2" name="test_ai_latency_within_provider_timeout_does_not_kill_transaction" time="11.399" /><testcase classname="tests.integration.test_deep_audit_v2" name="test_downstream_retry_no_duplicate" time="0.555" /><testcase classname="tests.integration.test_deep_audit_v2" name="test_downstream_stale_lease_cannot_post" time="0.338" /><testcase classname="tests.integration.test_deep_audit_v2" name="test_downstream_failed_reply_is_retried" time="0.300" /><testcase classname="tests.integration.test_deep_audit_v2" name="test_downstream_group_is_private" time="0.255" /><testcase classname="tests.integration.test_deep_audit_v2" name="test_edit_versions_accept_third_update" time="0.235" /><testcase classname="tests.integration.test_deep_audit_v2" name="test_transfer_semantics_survive_confirmation" time="0.222" /><testcase classname="tests.integration.test_deep_audit_v2" name="test_import_export_actions[exp:xlsx]" time="0.362" /><testcase classname="tests.integration.test_deep_audit_v2" name="test_import_export_actions[exp:csv]" time="0.210" /><testcase classname="tests.integration.test_deep_audit_v2" name="test_import_export_actions[imp:start]" time="0.194" /><testcase classname="tests.integration.test_deep_audit_v2" name="test_expired_lease_is_invalid" time="0.239" /><testcase classname="tests.integration.test_deep_audit_v2" name="test_removed_member_cannot_finish_inflight_write" time="0.284" /><testcase classname="tests.integration.test_deep_audit_v3" name="test_bad_delete_confirmation_does_not_fence_budget" time="0.196" /><testcase classname="tests.integration.test_deep_audit_v3" name="test_void_refund_restores_refundable_amount" time="0.235" /><testcase classname="tests.integration.test_deep_audit_v3" name="test_runtime_retention_clears_expired_private_draft" time="0.208" /><testcase classname="tests.integration.test_deep_audit_v3" name="test_quarantined_budget_does_not_show_financial_history" time="0.220" /><testcase classname="tests.integration.test_deep_audit_v3" name="test_completed_revoke_survives_restored_old_acl" time="0.273" /><testcase classname="tests.integration.test_deep_audit_v3" name="test_deleted_budget_financial_data_is_purged_after_deadline" time="0.342" /><testcase classname="tests.integration.test_deep_audit_v3" name="test_invite_secret_is_not_retained_in_global_job" time="0.313" /></testsuite></testsuites>