<?xml version="1.0" encoding="utf-8"?><testsuites name="pytest tests"><testsuite name="pytest" errors="0" failures="6" skipped="0" tests="8" time="5.176" timestamp="2026-09-14T18:43:27.630204+07:00" hostname="Bayramov-N-mb"><testcase classname="tests.integration.test_async_recheck" name="test_notification_rechecks_authority_after_render[expired_lease]" time="1.704"><failure message="AssertionError: Financial notification sent after expired_lease: [{'chat_id': 31109696, 'text': 'Тестовый бюджет\nДобавлена категория: Продукты', 'buttons': None}]&#10;assert [{'buttons': ...я: Продукты'}] == []&#10;  &#10;  Left contains one more item: {'buttons': None, 'chat_id': 31109696, 'text': 'Тестовый бюджет\nДобавлена категория: Продукты'}&#10;  Use -v to get more diff">tests/integration/test_async_recheck.py:68: in test_notification_rechecks_authority_after_render
    assert sender.sent == [], f"Financial notification sent after {invalidation}: {sender.sent}"
E   AssertionError: Financial notification sent after expired_lease: [{'chat_id': 31109696, 'text': 'Тестовый бюджет\nДобавлена категория: Продукты', 'buttons': None}]
E   assert [{'buttons': ...я: Продукты'}] == []
E     
E     Left contains one more item: {'buttons': None, 'chat_id': 31109696, 'text': 'Тестовый бюджет\nДобавлена категория: Продукты'}
E     Use -v to get more diff</failure></testcase><testcase classname="tests.integration.test_async_recheck" name="test_notification_rechecks_authority_after_render[security_fence]" time="0.213"><failure message="AssertionError: Financial notification sent after security_fence: [{'chat_id': 992067187, 'text': 'Тестовый бюджет\nДобавлена категория: Продукты', 'buttons': None}]&#10;assert [{'buttons': ...я: Продукты'}] == []&#10;  &#10;  Left contains one more item: {'buttons': None, 'chat_id': 992067187, 'text': 'Тестовый бюджет\nДобавлена категория: Продукты'}&#10;  Use -v to get more diff">tests/integration/test_async_recheck.py:68: in test_notification_rechecks_authority_after_render
    assert sender.sent == [], f"Financial notification sent after {invalidation}: {sender.sent}"
E   AssertionError: Financial notification sent after security_fence: [{'chat_id': 992067187, 'text': 'Тестовый бюджет\nДобавлена категория: Продукты', 'buttons': None}]
E   assert [{'buttons': ...я: Продукты'}] == []
E     
E     Left contains one more item: {'buttons': None, 'chat_id': 992067187, 'text': 'Тестовый бюджет\nДобавлена категория: Продукты'}
E     Use -v to get more diff</failure></testcase><testcase classname="tests.integration.test_async_recheck" name="test_notification_rechecks_authority_after_render[quarantined]" time="0.206"><failure message="AssertionError: Financial notification sent after quarantined: [{'chat_id': 556036096, 'text': 'Тестовый бюджет\nДобавлена категория: Продукты', 'buttons': None}]&#10;assert [{'buttons': ...я: Продукты'}] == []&#10;  &#10;  Left contains one more item: {'buttons': None, 'chat_id': 556036096, 'text': 'Тестовый бюджет\nДобавлена категория: Продукты'}&#10;  Use -v to get more diff">tests/integration/test_async_recheck.py:68: in test_notification_rechecks_authority_after_render
    assert sender.sent == [], f"Financial notification sent after {invalidation}: {sender.sent}"
E   AssertionError: Financial notification sent after quarantined: [{'chat_id': 556036096, 'text': 'Тестовый бюджет\nДобавлена категория: Продукты', 'buttons': None}]
E   assert [{'buttons': ...я: Продукты'}] == []
E     
E     Left contains one more item: {'buttons': None, 'chat_id': 556036096, 'text': 'Тестовый бюджет\nДобавлена категория: Продукты'}
E     Use -v to get more diff</failure></testcase><testcase classname="tests.integration.test_async_recheck" name="test_paused_notification_remains_runnable_after_security_gate_clears" time="0.207"><failure message="AssertionError: Pending notification stranded after temporary ACL fence: [('4a3b7237-a447-40cb-adf5-d90f4bd261eb', 'succeeded')]&#10;assert []">tests/integration/test_async_recheck.py:83: in test_paused_notification_remains_runnable_after_security_gate_clears
    assert runnable, f"Pending notification stranded after temporary ACL fence: {states}"
E   AssertionError: Pending notification stranded after temporary ACL fence: [('4a3b7237-a447-40cb-adf5-d90f4bd261eb', 'succeeded')]
E   assert []</failure></testcase><testcase classname="tests.integration.test_async_recheck" name="test_older_security_journal_does_not_confirm_current_database" time="0.195"><failure message="ValueError: Неизвестный вид изменения доступа: role_change">tests/integration/test_async_recheck.py:97: in test_older_security_journal_does_not_confirm_current_database
    await run_security_change(test_settings, workspace_id=fixture.workspace.id, kind="role_change", initiated_by=fixture.user.id, apply=unchanged_access, correlation_id="journal-second", security_log=journal)
/var/folders/gp/36jzrv8s3nv8hhml14b9k9740000gq/T/fintracker-recheck-async-_gv1snxi/src/fintracker/application/identity/security_change.py:133: in run_security_change
    return await _attempt_change(
/var/folders/gp/36jzrv8s3nv8hhml14b9k9740000gq/T/fintracker-recheck-async-_gv1snxi/src/fintracker/application/identity/security_change.py:171: in _attempt_change
    return await _run_fenced_change(
/var/folders/gp/36jzrv8s3nv8hhml14b9k9740000gq/T/fintracker-recheck-async-_gv1snxi/src/fintracker/application/identity/security_change.py:291: in _run_fenced_change
    raise ValueError(f"Неизвестный вид изменения доступа: {kind}")
E   ValueError: Неизвестный вид изменения доступа: role_change</failure></testcase><testcase classname="tests.integration.test_async_recheck" name="test_published_recommendation_is_not_current_after_new_expense" time="0.248"><failure message="TypeError: UnitOfWork.__init__() missing 1 required positional argument: 'correlation_id'">tests/integration/test_async_recheck.py:117: in test_published_recommendation_is_not_current_after_new_expense
    await post_transaction(session, UnitOfWork(session=session), actor=fixture.actor, spec=expense_spec(fixture, amount=rub(500), category="Рестораны", occurred=TODAY), origin="form")
                                    ^^^^^^^^^^^^^^^^^^^^^^^^^^^
E   TypeError: UnitOfWork.__init__() missing 1 required positional argument: 'correlation_id'</failure></testcase><testcase classname="tests.integration.test_async_recheck" name="test_cancelled_receipt_releases_slot_and_preserves_unknown_cost" time="0.187" /><testcase classname="tests.integration.test_async_recheck" name="test_maintenance_frees_abandoned_slot_without_erasing_cost" time="1.730" /></testsuite></testsuites>