<?xml version="1.0" encoding="utf-8"?><testsuites name="pytest tests"><testsuite name="pytest" errors="0" failures="0" skipped="0" tests="8" time="3.814" timestamp="2026-09-15T00:21:19.504668+07:00" hostname="Bayramov-N-mb"><testcase classname="tests.integration.test_async_recheck" name="test_notification_rechecks_authority_after_render[expired_lease]" time="1.756" /><testcase classname="tests.integration.test_async_recheck" name="test_notification_rechecks_authority_after_render[security_fence]" time="0.209" /><testcase classname="tests.integration.test_async_recheck" name="test_notification_rechecks_authority_after_render[quarantined]" time="0.216" /><testcase classname="tests.integration.test_async_recheck" name="test_paused_notification_remains_runnable_after_security_gate_clears" time="0.230" /><testcase classname="tests.integration.test_async_recheck" name="test_older_security_journal_does_not_confirm_current_database" time="0.274" /><testcase classname="tests.integration.test_async_recheck" name="test_published_recommendation_is_not_current_after_new_expense" time="0.307" /><testcase classname="tests.integration.test_async_recheck" name="test_cancelled_receipt_releases_slot_and_preserves_unknown_cost" time="0.184" /><testcase classname="tests.integration.test_async_recheck" name="test_maintenance_frees_abandoned_slot_without_erasing_cost" time="0.243" /></testsuite></testsuites>