<?xml version="1.0" encoding="utf-8"?><testsuites name="pytest tests"><testsuite name="pytest" errors="0" failures="0" skipped="0" tests="5" time="1.972" timestamp="2026-09-14T13:02:48.925980+07:00" hostname="Bayramov-N-mb"><testcase classname="tests.integration.test_contract_readiness" name="test_provider_schema_satisfies_documented_required_contract[ExtractionResponse]" time="0.006" /><testcase classname="tests.integration.test_contract_readiness" name="test_provider_schema_satisfies_documented_required_contract[ReceiptResponse]" time="0.004" /><testcase classname="tests.integration.test_contract_readiness" name="test_provider_schema_satisfies_documented_required_contract[RecommendationResponse]" time="0.005" /><testcase classname="tests.integration.test_contract_readiness" name="test_provider_schema_satisfies_documented_required_contract[AnalyticsPlan]" time="0.004" /><testcase classname="tests.integration.test_contract_readiness" name="test_image_bytes_validated_before_paid_provider" time="1.919" /></testsuite></testsuites>