<?xml version="1.0" encoding="utf-8"?><testsuites name="pytest tests"><testsuite name="pytest" errors="0" failures="11" skipped="0" tests="33" time="33.869" timestamp="2026-09-13T21:42:38.251084+07:00" hostname="Bayramov-N-mb"><testcase classname="tests.integration.test_recheck_prior_v2" name="test_actual_worker_routes_accepted_start" time="1.541" /><testcase classname="tests.integration.test_recheck_prior_v2" name="test_actual_scheduler_discovers_active_budgets" time="0.181" /><testcase classname="tests.integration.test_recheck_prior_v2" name="test_ai_latency_within_provider_timeout_does_not_kill_transaction" time="11.445" /><testcase classname="tests.integration.test_recheck_prior_v2" name="test_downstream_retry_no_duplicate" time="0.507" /><testcase classname="tests.integration.test_recheck_prior_v2" name="test_downstream_stale_lease_cannot_post" time="0.284" /><testcase classname="tests.integration.test_recheck_prior_v2" name="test_downstream_failed_reply_is_retried" time="0.323" /><testcase classname="tests.integration.test_recheck_prior_v2" name="test_downstream_group_is_private" time="0.270" /><testcase classname="tests.integration.test_recheck_prior_v2" name="test_edit_versions_accept_third_update" time="0.254" /><testcase classname="tests.integration.test_recheck_prior_v2" name="test_transfer_semantics_survive_confirmation" time="0.236" /><testcase classname="tests.integration.test_recheck_prior_v2" name="test_import_export_actions[exp:xlsx]" time="0.367" /><testcase classname="tests.integration.test_recheck_prior_v2" name="test_import_export_actions[exp:csv]" time="0.188" /><testcase classname="tests.integration.test_recheck_prior_v2" name="test_import_export_actions[imp:start]" time="0.211" /><testcase classname="tests.integration.test_recheck_prior_v2" name="test_expired_lease_is_invalid" time="0.267" /><testcase classname="tests.integration.test_recheck_prior_v2" name="test_removed_member_cannot_finish_inflight_write" time="0.307" /><testcase classname="tests.integration.test_recheck_prior_v3" name="test_bad_delete_confirmation_does_not_fence_budget" time="0.217" /><testcase classname="tests.integration.test_recheck_prior_v3" name="test_void_refund_restores_refundable_amount" time="0.248" /><testcase classname="tests.integration.test_recheck_prior_v3" name="test_runtime_retention_clears_expired_private_draft" time="0.228" /><testcase classname="tests.integration.test_recheck_prior_v3" name="test_quarantined_budget_does_not_show_financial_history" time="0.227" /><testcase classname="tests.integration.test_recheck_prior_v3" name="test_completed_revoke_survives_restored_old_acl" time="0.299" /><testcase classname="tests.integration.test_recheck_prior_v3" name="test_deleted_budget_financial_data_is_purged_after_deadline" time="0.352" /><testcase classname="tests.integration.test_recheck_prior_v3" name="test_invite_secret_is_not_retained_in_global_job" time="0.205" /><testcase classname="tests.integration.test_recheck_adversarial" name="test_lease_lost_during_command_cannot_commit" time="0.401"><failure message="AssertionError: Old worker committed money after losing its lease during processing&#10;assert 1 == 0">tests/integration/test_recheck_adversarial.py:55: in test_lease_lost_during_command_cannot_commit
    assert await tx_count(test_settings, f) == 0, "Old worker committed money after losing its lease during processing"
E   AssertionError: Old worker committed money after losing its lease during processing
E   assert 1 == 0</failure></testcase><testcase classname="tests.integration.test_recheck_adversarial" name="test_same_event_concurrently_creates_one_expense" time="0.321"><failure message="AssertionError: Two executions of one inbound event created two expenses&#10;assert 2 == 1">tests/integration/test_recheck_adversarial.py:81: in test_same_event_concurrently_creates_one_expense
    assert await tx_count(test_settings, f) == 1, "Two executions of one inbound event created two expenses"
E   AssertionError: Two executions of one inbound event created two expenses
E   assert 2 == 1</failure></testcase><testcase classname="tests.integration.test_recheck_adversarial" name="test_edited_message_does_not_add_second_expense" time="0.581"><failure message="AssertionError: Editing one Telegram message adds a new expense instead of correcting or requesting confirmation&#10;assert 2 == 1">tests/integration/test_recheck_adversarial.py:95: in test_edited_message_does_not_add_second_expense
    assert await tx_count(test_settings, f) == 1, "Editing one Telegram message adds a new expense instead of correcting or requesting confirmation"
E   AssertionError: Editing one Telegram message adds a new expense instead of correcting or requesting confirmation
E   assert 2 == 1</failure></testcase><testcase classname="tests.integration.test_recheck_adversarial" name="test_restoring_old_refund_cannot_exceed_purchase" time="0.283" /><testcase classname="tests.integration.test_recheck_adversarial" name="test_new_budget_has_default_weekly_analysis" time="0.140"><failure message="AssertionError: No analysis: transient AnalysisPreference has None server defaults&#10;assert False&#10; +  where False = any(&lt;generator object test_new_budget_has_default_weekly_analysis.&lt;locals&gt;.&lt;genexpr&gt; at 0x10b035700&gt;)">tests/integration/test_recheck_adversarial.py:122: in test_new_budget_has_default_weekly_analysis
    assert any(item.run_kind == "weekly_review" for item in due), "No analysis: transient AnalysisPreference has None server defaults"
E   AssertionError: No analysis: transient AnalysisPreference has None server defaults
E   assert False
E    +  where False = any(&lt;generator object test_new_budget_has_default_weekly_analysis.&lt;locals&gt;.&lt;genexpr&gt; at 0x10b035700&gt;)</failure></testcase><testcase classname="tests.integration.test_recheck_adversarial" name="test_background_slow_ai_does_not_break_transaction" time="11.338"><failure message="sqlalchemy.exc.InternalError: (psycopg.errors.IdleInTransactionSessionTimeout) terminating connection due to idle-in-transaction timeout&#10;[SQL: UPDATE workspaces SET event_seq=(workspaces.event_seq + %(event_seq_1)s::BIGINT) WHERE workspaces.id = %(id_1)s::UUID RETURNING workspaces.event_seq]&#10;[parameters: {'event_seq_1': 1, 'id_1': UUID('f6e68de8-de18-4966-808c-1e7b4584472e')}]&#10;(Background on this error at: https://sqlalche.me/e/20/2j85)">/var/folders/gp/36jzrv8s3nv8hhml14b9k9740000gq/T/fintracker-recheck-probes-av69g7lc/.venv/lib/python3.13/site-packages/sqlalchemy/engine/base.py:1969: in _exec_single_context
    self.dialect.do_execute(
/var/folders/gp/36jzrv8s3nv8hhml14b9k9740000gq/T/fintracker-recheck-probes-av69g7lc/.venv/lib/python3.13/site-packages/sqlalchemy/engine/default.py:952: in do_execute
    cursor.execute(statement, parameters)
/var/folders/gp/36jzrv8s3nv8hhml14b9k9740000gq/T/fintracker-recheck-probes-av69g7lc/.venv/lib/python3.13/site-packages/sqlalchemy/dialects/postgresql/psycopg.py:642: in execute
    result = self.await_(self._cursor.execute(query, params, **kw))
             ^^^^^^^^^^^^^^^^^^^^^^^^^^^^^^^^^^^^^^^^^^^^^^^^^^^^^^
/var/folders/gp/36jzrv8s3nv8hhml14b9k9740000gq/T/fintracker-recheck-probes-av69g7lc/.venv/lib/python3.13/site-packages/sqlalchemy/util/_concurrency_py3k.py:132: in await_only
    return current.parent.switch(awaitable)  # type: ignore[no-any-return,attr-defined] # noqa: E501
           ^^^^^^^^^^^^^^^^^^^^^^^^^^^^^^^^
/var/folders/gp/36jzrv8s3nv8hhml14b9k9740000gq/T/fintracker-recheck-probes-av69g7lc/.venv/lib/python3.13/site-packages/sqlalchemy/util/_concurrency_py3k.py:196: in greenlet_spawn
    value = await result
            ^^^^^^^^^^^^
/var/folders/gp/36jzrv8s3nv8hhml14b9k9740000gq/T/fintracker-recheck-probes-av69g7lc/.venv/lib/python3.13/site-packages/psycopg/cursor_async.py:117: in execute
    raise ex.with_traceback(None)
E   psycopg.errors.IdleInTransactionSessionTimeout: terminating connection due to idle-in-transaction timeout

The above exception was the direct cause of the following exception:
tests/integration/test_recheck_adversarial.py:146: in test_background_slow_ai_does_not_break_transaction
    await handle_run_analysis(configured, jobs[0])
/var/folders/gp/36jzrv8s3nv8hhml14b9k9740000gq/T/fintracker-recheck-probes-av69g7lc/src/fintracker/application/intelligence/schedule.py:198: in handle_run_analysis
    outcome = await run_analysis(
/var/folders/gp/36jzrv8s3nv8hhml14b9k9740000gq/T/fintracker-recheck-probes-av69g7lc/src/fintracker/application/intelligence/analysis.py:526: in run_analysis
    await uow.emit(
/var/folders/gp/36jzrv8s3nv8hhml14b9k9740000gq/T/fintracker-recheck-probes-av69g7lc/src/fintracker/db/uow.py:209: in emit
    await self.session.execute(
/var/folders/gp/36jzrv8s3nv8hhml14b9k9740000gq/T/fintracker-recheck-probes-av69g7lc/.venv/lib/python3.13/site-packages/sqlalchemy/ext/asyncio/session.py:448: in execute
    result = await greenlet_spawn(
/var/folders/gp/36jzrv8s3nv8hhml14b9k9740000gq/T/fintracker-recheck-probes-av69g7lc/.venv/lib/python3.13/site-packages/sqlalchemy/util/_concurrency_py3k.py:203: in greenlet_spawn
    result = context.switch(value)
             ^^^^^^^^^^^^^^^^^^^^^
/var/folders/gp/36jzrv8s3nv8hhml14b9k9740000gq/T/fintracker-recheck-probes-av69g7lc/.venv/lib/python3.13/site-packages/sqlalchemy/orm/session.py:2373: in execute
    return self._execute_internal(
/var/folders/gp/36jzrv8s3nv8hhml14b9k9740000gq/T/fintracker-recheck-probes-av69g7lc/.venv/lib/python3.13/site-packages/sqlalchemy/orm/session.py:2271: in _execute_internal
    result: Result[Any] = compile_state_cls.orm_execute_statement(
/var/folders/gp/36jzrv8s3nv8hhml14b9k9740000gq/T/fintracker-recheck-probes-av69g7lc/.venv/lib/python3.13/site-packages/sqlalchemy/orm/bulk_persistence.py:1676: in orm_execute_statement
    return super().orm_execute_statement(
/var/folders/gp/36jzrv8s3nv8hhml14b9k9740000gq/T/fintracker-recheck-probes-av69g7lc/.venv/lib/python3.13/site-packages/sqlalchemy/orm/context.py:306: in orm_execute_statement
    result = conn.execute(
/var/folders/gp/36jzrv8s3nv8hhml14b9k9740000gq/T/fintracker-recheck-probes-av69g7lc/.venv/lib/python3.13/site-packages/sqlalchemy/engine/base.py:1421: in execute
    return meth(
/var/folders/gp/36jzrv8s3nv8hhml14b9k9740000gq/T/fintracker-recheck-probes-av69g7lc/.venv/lib/python3.13/site-packages/sqlalchemy/sql/elements.py:526: in _execute_on_connection
    return connection._execute_clauseelement(
/var/folders/gp/36jzrv8s3nv8hhml14b9k9740000gq/T/fintracker-recheck-probes-av69g7lc/.venv/lib/python3.13/site-packages/sqlalchemy/engine/base.py:1643: in _execute_clauseelement
    ret = self._execute_context(
/var/folders/gp/36jzrv8s3nv8hhml14b9k9740000gq/T/fintracker-recheck-probes-av69g7lc/.venv/lib/python3.13/site-packages/sqlalchemy/engine/base.py:1848: in _execute_context
    return self._exec_single_context(
/var/folders/gp/36jzrv8s3nv8hhml14b9k9740000gq/T/fintracker-recheck-probes-av69g7lc/.venv/lib/python3.13/site-packages/sqlalchemy/engine/base.py:1988: in _exec_single_context
    self._handle_dbapi_exception(
/var/folders/gp/36jzrv8s3nv8hhml14b9k9740000gq/T/fintracker-recheck-probes-av69g7lc/.venv/lib/python3.13/site-packages/sqlalchemy/engine/base.py:2365: in _handle_dbapi_exception
    raise sqlalchemy_exception.with_traceback(exc_info[2]) from e
/var/folders/gp/36jzrv8s3nv8hhml14b9k9740000gq/T/fintracker-recheck-probes-av69g7lc/.venv/lib/python3.13/site-packages/sqlalchemy/engine/base.py:1969: in _exec_single_context
    self.dialect.do_execute(
/var/folders/gp/36jzrv8s3nv8hhml14b9k9740000gq/T/fintracker-recheck-probes-av69g7lc/.venv/lib/python3.13/site-packages/sqlalchemy/engine/default.py:952: in do_execute
    cursor.execute(statement, parameters)
/var/folders/gp/36jzrv8s3nv8hhml14b9k9740000gq/T/fintracker-recheck-probes-av69g7lc/.venv/lib/python3.13/site-packages/sqlalchemy/dialects/postgresql/psycopg.py:642: in execute
    result = self.await_(self._cursor.execute(query, params, **kw))
             ^^^^^^^^^^^^^^^^^^^^^^^^^^^^^^^^^^^^^^^^^^^^^^^^^^^^^^
/var/folders/gp/36jzrv8s3nv8hhml14b9k9740000gq/T/fintracker-recheck-probes-av69g7lc/.venv/lib/python3.13/site-packages/sqlalchemy/util/_concurrency_py3k.py:132: in await_only
    return current.parent.switch(awaitable)  # type: ignore[no-any-return,attr-defined] # noqa: E501
           ^^^^^^^^^^^^^^^^^^^^^^^^^^^^^^^^
/var/folders/gp/36jzrv8s3nv8hhml14b9k9740000gq/T/fintracker-recheck-probes-av69g7lc/.venv/lib/python3.13/site-packages/sqlalchemy/util/_concurrency_py3k.py:196: in greenlet_spawn
    value = await result
            ^^^^^^^^^^^^
/var/folders/gp/36jzrv8s3nv8hhml14b9k9740000gq/T/fintracker-recheck-probes-av69g7lc/.venv/lib/python3.13/site-packages/psycopg/cursor_async.py:117: in execute
    raise ex.with_traceback(None)
E   sqlalchemy.exc.InternalError: (psycopg.errors.IdleInTransactionSessionTimeout) terminating connection due to idle-in-transaction timeout
E   [SQL: UPDATE workspaces SET event_seq=(workspaces.event_seq + %(event_seq_1)s::BIGINT) WHERE workspaces.id = %(id_1)s::UUID RETURNING workspaces.event_seq]
E   [parameters: {'event_seq_1': 1, 'id_1': UUID('f6e68de8-de18-4966-808c-1e7b4584472e')}]
E   (Background on this error at: https://sqlalche.me/e/20/2j85)</failure></testcase><testcase classname="tests.integration.test_recheck_adversarial" name="test_deferred_reply_is_not_sent_after_member_removal" time="0.371"><failure message="AssertionError: Deferred private financial history delivered after completed membership revocation&#10;assert not [{'buttons': [[{'callback_data': 'tx:open:eb25dfeb51c64e49', 'text': 'Запись 1'}], [{'callback_data': 'hist:filters:-:..., 'text': 'Фильтры: без ограничений · по дате операции\nЗаписи 1–1 из 1:\n12 сентября — 98\xa0765,00\xa0₽ · Продукты'}]&#10; +  where [{'buttons': [[{'callback_data': 'tx:open:eb25dfeb51c64e49', 'text': 'Запись 1'}], [{'callback_data': 'hist:filters:-:..., 'text': 'Фильтры: без ограничений · по дате операции\nЗаписи 1–1 из 1:\n12 сентября — 98\xa0765,00\xa0₽ · Продукты'}] = RecordingSender(sent=[{'chat_id': 880099991, 'text': 'Фильтры: без ограничений · по дате операции\nЗаписи 1–1 из 1:\n1...back_data': 'menu:main'}]]}], documents=[], fail_for_chats=set(), blocked_chats=set(), unknown_chats=set(), _next_id=2).sent">tests/integration/test_recheck_adversarial.py:175: in test_deferred_reply_is_not_sent_after_member_removal
    assert not delivered.sent, "Deferred private financial history delivered after completed membership revocation"
E   AssertionError: Deferred private financial history delivered after completed membership revocation
E   assert not [{'buttons': [[{'callback_data': 'tx:open:eb25dfeb51c64e49', 'text': 'Запись 1'}], [{'callback_data': 'hist:filters:-:..., 'text': 'Фильтры: без ограничений · по дате операции\nЗаписи 1–1 из 1:\n12 сентября — 98\xa0765,00\xa0₽ · Продукты'}]
E    +  where [{'buttons': [[{'callback_data': 'tx:open:eb25dfeb51c64e49', 'text': 'Запись 1'}], [{'callback_data': 'hist:filters:-:..., 'text': 'Фильтры: без ограничений · по дате операции\nЗаписи 1–1 из 1:\n12 сентября — 98\xa0765,00\xa0₽ · Продукты'}] = RecordingSender(sent=[{'chat_id': 880099991, 'text': 'Фильтры: без ограничений · по дате операции\nЗаписи 1–1 из 1:\n1...back_data': 'menu:main'}]]}], documents=[], fail_for_chats=set(), blocked_chats=set(), unknown_chats=set(), _next_id=2).sent</failure></testcase><testcase classname="tests.integration.test_recheck_adversarial" name="test_runtime_retention_deletes_expired_receipt" time="0.228"><failure message="AssertionError: Global retention still cannot see expired receipt under RLS&#10;assert (&lt;fintracker.db.models.platform.Attachment object at 0x10a17f390&gt; is None or 'ready' == 'deleted'&#10;  &#10;  - deleted&#10;  + ready)">tests/integration/test_recheck_adversarial.py:199: in test_runtime_retention_deletes_expired_receipt
    assert row is None or row.state == "deleted", "Global retention still cannot see expired receipt under RLS"
E   AssertionError: Global retention still cannot see expired receipt under RLS
E   assert (&lt;fintracker.db.models.platform.Attachment object at 0x10a17f390&gt; is None or 'ready' == 'deleted'
E     
E     - deleted
E     + ready)</failure></testcase><testcase classname="tests.integration.test_recheck_adversarial" name="test_budget_purge_also_removes_receipts" time="0.355"><failure message="AssertionError: Workspace marked purged while receipt metadata/object remain&#10;assert (&lt;fintracker.db.models.platform.Attachment object at 0x10aa8bbb0&gt; is None or 'ready' == 'deleted'&#10;  &#10;  - deleted&#10;  + ready)">tests/integration/test_recheck_adversarial.py:216: in test_budget_purge_also_removes_receipts
    assert row is None or row.state == "deleted", "Workspace marked purged while receipt metadata/object remain"
E   AssertionError: Workspace marked purged while receipt metadata/object remain
E   assert (&lt;fintracker.db.models.platform.Attachment object at 0x10aa8bbb0&gt; is None or 'ready' == 'deleted'
E     
E     - deleted
E     + ready)</failure></testcase><testcase classname="tests.integration.test_recheck_adversarial" name="test_restore_replays_deleted_workspace_state" time="0.288"><failure message="AssertionError: Committed deletion state is omitted from ACL replay&#10;assert 'active' in ('deleting', 'deleted')&#10; +  where 'active' = &lt;fintracker.db.models.access.Workspace object at 0x10adbfd50&gt;.state">tests/integration/test_recheck_adversarial.py:229: in test_restore_replays_deleted_workspace_state
    assert row.state in ("deleting", "deleted"), "Committed deletion state is omitted from ACL replay"
E   AssertionError: Committed deletion state is omitted from ACL replay
E   assert 'active' in ('deleting', 'deleted')
E    +  where 'active' = &lt;fintracker.db.models.access.Workspace object at 0x10adbfd50&gt;.state</failure></testcase><testcase classname="tests.integration.test_recheck_adversarial" name="test_rejected_security_change_does_not_leave_fence" time="0.238"><failure message="AssertionError: Expected command rejection still leaves SecurityChange fenced outside delete precheck&#10;assert UUID('f107ef91-cb30-4d04-96fe-62190cb332f5') is None">tests/integration/test_recheck_adversarial.py:239: in test_rejected_security_change_does_not_leave_fence
    assert fence is None, "Expected command rejection still leaves SecurityChange fenced outside delete precheck"
E   AssertionError: Expected command rejection still leaves SecurityChange fenced outside delete precheck
E   assert UUID('f107ef91-cb30-4d04-96fe-62190cb332f5') is None</failure></testcase><testcase classname="tests.integration.test_recheck_adversarial" name="test_expired_lease_cannot_be_renewed" time="0.393"><failure message="AssertionError: Expired lease is renewed without checking its deadline&#10;assert not True">tests/integration/test_recheck_adversarial.py:248: in test_expired_lease_cannot_be_renewed
    assert not await queue.renew_lease(test_settings, job), "Expired lease is renewed without checking its deadline"
E   AssertionError: Expired lease is renewed without checking its deadline
E   assert not True</failure></testcase></testsuite></testsuites>