<?xml version="1.0" encoding="utf-8"?><testsuites name="pytest tests"><testsuite name="pytest" errors="0" failures="15" skipped="0" tests="36" time="34.318" timestamp="2026-09-13T21:45:45.283496+07:00" hostname="Bayramov-N-mb"><testcase classname="tests.integration.test_recheck_prior_v2" name="test_actual_worker_routes_accepted_start" time="1.539" /><testcase classname="tests.integration.test_recheck_prior_v2" name="test_actual_scheduler_discovers_active_budgets" time="0.170" /><testcase classname="tests.integration.test_recheck_prior_v2" name="test_ai_latency_within_provider_timeout_does_not_kill_transaction" time="11.444" /><testcase classname="tests.integration.test_recheck_prior_v2" name="test_downstream_retry_no_duplicate" time="0.512" /><testcase classname="tests.integration.test_recheck_prior_v2" name="test_downstream_stale_lease_cannot_post" time="0.272" /><testcase classname="tests.integration.test_recheck_prior_v2" name="test_downstream_failed_reply_is_retried" time="0.323" /><testcase classname="tests.integration.test_recheck_prior_v2" name="test_downstream_group_is_private" time="0.280" /><testcase classname="tests.integration.test_recheck_prior_v2" name="test_edit_versions_accept_third_update" time="0.252" /><testcase classname="tests.integration.test_recheck_prior_v2" name="test_transfer_semantics_survive_confirmation" time="0.220" /><testcase classname="tests.integration.test_recheck_prior_v2" name="test_import_export_actions[exp:xlsx]" time="0.381" /><testcase classname="tests.integration.test_recheck_prior_v2" name="test_import_export_actions[exp:csv]" time="0.225" /><testcase classname="tests.integration.test_recheck_prior_v2" name="test_import_export_actions[imp:start]" time="0.231" /><testcase classname="tests.integration.test_recheck_prior_v2" name="test_expired_lease_is_invalid" time="0.248" /><testcase classname="tests.integration.test_recheck_prior_v2" name="test_removed_member_cannot_finish_inflight_write" time="0.298" /><testcase classname="tests.integration.test_recheck_prior_v3" name="test_bad_delete_confirmation_does_not_fence_budget" time="0.208" /><testcase classname="tests.integration.test_recheck_prior_v3" name="test_void_refund_restores_refundable_amount" time="0.248" /><testcase classname="tests.integration.test_recheck_prior_v3" name="test_runtime_retention_clears_expired_private_draft" time="0.208" /><testcase classname="tests.integration.test_recheck_prior_v3" name="test_quarantined_budget_does_not_show_financial_history" time="0.214" /><testcase classname="tests.integration.test_recheck_prior_v3" name="test_completed_revoke_survives_restored_old_acl" time="0.314" /><testcase classname="tests.integration.test_recheck_prior_v3" name="test_deleted_budget_financial_data_is_purged_after_deadline" time="0.363" /><testcase classname="tests.integration.test_recheck_prior_v3" name="test_invite_secret_is_not_retained_in_global_job" time="0.238" /><testcase classname="tests.integration.test_recheck_adversarial" name="test_lease_lost_during_command_cannot_commit" time="0.327"><failure message="AssertionError: Old worker committed money after losing its lease during processing&#10;assert 1 == 0">tests/integration/test_recheck_adversarial.py:55: in test_lease_lost_during_command_cannot_commit
    assert await tx_count(test_settings, f) == 0, "Old worker committed money after losing its lease during processing"
E   AssertionError: Old worker committed money after losing its lease during processing
E   assert 1 == 0</failure></testcase><testcase classname="tests.integration.test_recheck_adversarial" name="test_same_event_concurrently_creates_one_expense" time="0.315"><failure message="AssertionError: Two executions of one inbound event created two expenses&#10;assert 2 == 1">tests/integration/test_recheck_adversarial.py:81: in test_same_event_concurrently_creates_one_expense
    assert await tx_count(test_settings, f) == 1, "Two executions of one inbound event created two expenses"
E   AssertionError: Two executions of one inbound event created two expenses
E   assert 2 == 1</failure></testcase><testcase classname="tests.integration.test_recheck_adversarial" name="test_edited_message_does_not_add_second_expense" time="0.584"><failure message="AssertionError: Editing one Telegram message adds a new expense instead of correcting or requesting confirmation&#10;assert 2 == 1">tests/integration/test_recheck_adversarial.py:95: in test_edited_message_does_not_add_second_expense
    assert await tx_count(test_settings, f) == 1, "Editing one Telegram message adds a new expense instead of correcting or requesting confirmation"
E   AssertionError: Editing one Telegram message adds a new expense instead of correcting or requesting confirmation
E   assert 2 == 1</failure></testcase><testcase classname="tests.integration.test_recheck_adversarial" name="test_restoring_old_refund_cannot_exceed_purchase" time="0.295"><failure message="AssertionError: Restoring an earlier refund permits 2000 RUB of actual refunds for a 1000 RUB purchase&#10;assert 200000 &lt;= 100000&#10; +  where 200000 = int((Decimal('200000')))">tests/integration/test_recheck_adversarial.py:120: in test_restoring_old_refund_cannot_exceed_purchase
    assert int(actual_refunds or 0) &lt;= 100000, "Restoring an earlier refund permits 2000 RUB of actual refunds for a 1000 RUB purchase"
E   AssertionError: Restoring an earlier refund permits 2000 RUB of actual refunds for a 1000 RUB purchase
E   assert 200000 &lt;= 100000
E    +  where 200000 = int((Decimal('200000')))</failure></testcase><testcase classname="tests.integration.test_recheck_adversarial" name="test_new_budget_has_default_weekly_analysis" time="0.171"><failure message="AssertionError: No analysis: transient AnalysisPreference has None server defaults&#10;assert False&#10; +  where False = any(&lt;generator object test_new_budget_has_default_weekly_analysis.&lt;locals&gt;.&lt;genexpr&gt; at 0x10da31970&gt;)">tests/integration/test_recheck_adversarial.py:128: in test_new_budget_has_default_weekly_analysis
    assert any(item.run_kind == "weekly_review" for item in due), "No analysis: transient AnalysisPreference has None server defaults"
E   AssertionError: No analysis: transient AnalysisPreference has None server defaults
E   assert False
E    +  where False = any(&lt;generator object test_new_budget_has_default_weekly_analysis.&lt;locals&gt;.&lt;genexpr&gt; at 0x10da31970&gt;)</failure></testcase><testcase classname="tests.integration.test_recheck_adversarial" name="test_background_slow_ai_does_not_break_transaction" time="11.397"><failure message="sqlalchemy.exc.InternalError: (psycopg.errors.IdleInTransactionSessionTimeout) terminating connection due to idle-in-transaction timeout&#10;[SQL: UPDATE workspaces SET event_seq=(workspaces.event_seq + %(event_seq_1)s::BIGINT) WHERE workspaces.id = %(id_1)s::UUID RETURNING workspaces.event_seq]&#10;[parameters: {'event_seq_1': 1, 'id_1': UUID('2049c478-e190-4998-a0ad-1aa6fcab1755')}]&#10;(Background on this error at: https://sqlalche.me/e/20/2j85)">/var/folders/gp/36jzrv8s3nv8hhml14b9k9740000gq/T/fintracker-recheck-probes-av69g7lc/.venv/lib/python3.13/site-packages/sqlalchemy/engine/base.py:1969: in _exec_single_context
    self.dialect.do_execute(
/var/folders/gp/36jzrv8s3nv8hhml14b9k9740000gq/T/fintracker-recheck-probes-av69g7lc/.venv/lib/python3.13/site-packages/sqlalchemy/engine/default.py:952: in do_execute
    cursor.execute(statement, parameters)
/var/folders/gp/36jzrv8s3nv8hhml14b9k9740000gq/T/fintracker-recheck-probes-av69g7lc/.venv/lib/python3.13/site-packages/sqlalchemy/dialects/postgresql/psycopg.py:642: in execute
    result = self.await_(self._cursor.execute(query, params, **kw))
             ^^^^^^^^^^^^^^^^^^^^^^^^^^^^^^^^^^^^^^^^^^^^^^^^^^^^^^
/var/folders/gp/36jzrv8s3nv8hhml14b9k9740000gq/T/fintracker-recheck-probes-av69g7lc/.venv/lib/python3.13/site-packages/sqlalchemy/util/_concurrency_py3k.py:132: in await_only
    return current.parent.switch(awaitable)  # type: ignore[no-any-return,attr-defined] # noqa: E501
           ^^^^^^^^^^^^^^^^^^^^^^^^^^^^^^^^
/var/folders/gp/36jzrv8s3nv8hhml14b9k9740000gq/T/fintracker-recheck-probes-av69g7lc/.venv/lib/python3.13/site-packages/sqlalchemy/util/_concurrency_py3k.py:196: in greenlet_spawn
    value = await result
            ^^^^^^^^^^^^
/var/folders/gp/36jzrv8s3nv8hhml14b9k9740000gq/T/fintracker-recheck-probes-av69g7lc/.venv/lib/python3.13/site-packages/psycopg/cursor_async.py:117: in execute
    raise ex.with_traceback(None)
E   psycopg.errors.IdleInTransactionSessionTimeout: terminating connection due to idle-in-transaction timeout

The above exception was the direct cause of the following exception:
tests/integration/test_recheck_adversarial.py:152: in test_background_slow_ai_does_not_break_transaction
    await handle_run_analysis(configured, jobs[0])
/var/folders/gp/36jzrv8s3nv8hhml14b9k9740000gq/T/fintracker-recheck-probes-av69g7lc/src/fintracker/application/intelligence/schedule.py:198: in handle_run_analysis
    outcome = await run_analysis(
/var/folders/gp/36jzrv8s3nv8hhml14b9k9740000gq/T/fintracker-recheck-probes-av69g7lc/src/fintracker/application/intelligence/analysis.py:526: in run_analysis
    await uow.emit(
/var/folders/gp/36jzrv8s3nv8hhml14b9k9740000gq/T/fintracker-recheck-probes-av69g7lc/src/fintracker/db/uow.py:209: in emit
    await self.session.execute(
/var/folders/gp/36jzrv8s3nv8hhml14b9k9740000gq/T/fintracker-recheck-probes-av69g7lc/.venv/lib/python3.13/site-packages/sqlalchemy/ext/asyncio/session.py:448: in execute
    result = await greenlet_spawn(
/var/folders/gp/36jzrv8s3nv8hhml14b9k9740000gq/T/fintracker-recheck-probes-av69g7lc/.venv/lib/python3.13/site-packages/sqlalchemy/util/_concurrency_py3k.py:203: in greenlet_spawn
    result = context.switch(value)
             ^^^^^^^^^^^^^^^^^^^^^
/var/folders/gp/36jzrv8s3nv8hhml14b9k9740000gq/T/fintracker-recheck-probes-av69g7lc/.venv/lib/python3.13/site-packages/sqlalchemy/orm/session.py:2373: in execute
    return self._execute_internal(
/var/folders/gp/36jzrv8s3nv8hhml14b9k9740000gq/T/fintracker-recheck-probes-av69g7lc/.venv/lib/python3.13/site-packages/sqlalchemy/orm/session.py:2271: in _execute_internal
    result: Result[Any] = compile_state_cls.orm_execute_statement(
/var/folders/gp/36jzrv8s3nv8hhml14b9k9740000gq/T/fintracker-recheck-probes-av69g7lc/.venv/lib/python3.13/site-packages/sqlalchemy/orm/bulk_persistence.py:1676: in orm_execute_statement
    return super().orm_execute_statement(
/var/folders/gp/36jzrv8s3nv8hhml14b9k9740000gq/T/fintracker-recheck-probes-av69g7lc/.venv/lib/python3.13/site-packages/sqlalchemy/orm/context.py:306: in orm_execute_statement
    result = conn.execute(
/var/folders/gp/36jzrv8s3nv8hhml14b9k9740000gq/T/fintracker-recheck-probes-av69g7lc/.venv/lib/python3.13/site-packages/sqlalchemy/engine/base.py:1421: in execute
    return meth(
/var/folders/gp/36jzrv8s3nv8hhml14b9k9740000gq/T/fintracker-recheck-probes-av69g7lc/.venv/lib/python3.13/site-packages/sqlalchemy/sql/elements.py:526: in _execute_on_connection
    return connection._execute_clauseelement(
/var/folders/gp/36jzrv8s3nv8hhml14b9k9740000gq/T/fintracker-recheck-probes-av69g7lc/.venv/lib/python3.13/site-packages/sqlalchemy/engine/base.py:1643: in _execute_clauseelement
    ret = self._execute_context(
/var/folders/gp/36jzrv8s3nv8hhml14b9k9740000gq/T/fintracker-recheck-probes-av69g7lc/.venv/lib/python3.13/site-packages/sqlalchemy/engine/base.py:1848: in _execute_context
    return self._exec_single_context(
/var/folders/gp/36jzrv8s3nv8hhml14b9k9740000gq/T/fintracker-recheck-probes-av69g7lc/.venv/lib/python3.13/site-packages/sqlalchemy/engine/base.py:1988: in _exec_single_context
    self._handle_dbapi_exception(
/var/folders/gp/36jzrv8s3nv8hhml14b9k9740000gq/T/fintracker-recheck-probes-av69g7lc/.venv/lib/python3.13/site-packages/sqlalchemy/engine/base.py:2365: in _handle_dbapi_exception
    raise sqlalchemy_exception.with_traceback(exc_info[2]) from e
/var/folders/gp/36jzrv8s3nv8hhml14b9k9740000gq/T/fintracker-recheck-probes-av69g7lc/.venv/lib/python3.13/site-packages/sqlalchemy/engine/base.py:1969: in _exec_single_context
    self.dialect.do_execute(
/var/folders/gp/36jzrv8s3nv8hhml14b9k9740000gq/T/fintracker-recheck-probes-av69g7lc/.venv/lib/python3.13/site-packages/sqlalchemy/engine/default.py:952: in do_execute
    cursor.execute(statement, parameters)
/var/folders/gp/36jzrv8s3nv8hhml14b9k9740000gq/T/fintracker-recheck-probes-av69g7lc/.venv/lib/python3.13/site-packages/sqlalchemy/dialects/postgresql/psycopg.py:642: in execute
    result = self.await_(self._cursor.execute(query, params, **kw))
             ^^^^^^^^^^^^^^^^^^^^^^^^^^^^^^^^^^^^^^^^^^^^^^^^^^^^^^
/var/folders/gp/36jzrv8s3nv8hhml14b9k9740000gq/T/fintracker-recheck-probes-av69g7lc/.venv/lib/python3.13/site-packages/sqlalchemy/util/_concurrency_py3k.py:132: in await_only
    return current.parent.switch(awaitable)  # type: ignore[no-any-return,attr-defined] # noqa: E501
           ^^^^^^^^^^^^^^^^^^^^^^^^^^^^^^^^
/var/folders/gp/36jzrv8s3nv8hhml14b9k9740000gq/T/fintracker-recheck-probes-av69g7lc/.venv/lib/python3.13/site-packages/sqlalchemy/util/_concurrency_py3k.py:196: in greenlet_spawn
    value = await result
            ^^^^^^^^^^^^
/var/folders/gp/36jzrv8s3nv8hhml14b9k9740000gq/T/fintracker-recheck-probes-av69g7lc/.venv/lib/python3.13/site-packages/psycopg/cursor_async.py:117: in execute
    raise ex.with_traceback(None)
E   sqlalchemy.exc.InternalError: (psycopg.errors.IdleInTransactionSessionTimeout) terminating connection due to idle-in-transaction timeout
E   [SQL: UPDATE workspaces SET event_seq=(workspaces.event_seq + %(event_seq_1)s::BIGINT) WHERE workspaces.id = %(id_1)s::UUID RETURNING workspaces.event_seq]
E   [parameters: {'event_seq_1': 1, 'id_1': UUID('2049c478-e190-4998-a0ad-1aa6fcab1755')}]
E   (Background on this error at: https://sqlalche.me/e/20/2j85)</failure></testcase><testcase classname="tests.integration.test_recheck_adversarial" name="test_deferred_reply_is_not_sent_after_member_removal" time="0.313"><failure message="AssertionError: Deferred private financial history delivered after completed membership revocation&#10;assert not [{'buttons': [[{'callback_data': 'tx:open:32ed6e97b0544c48', 'text': 'Запись 1'}], [{'callback_data': 'hist:filters:-:..., 'text': 'Фильтры: без ограничений · по дате операции\nЗаписи 1–1 из 1:\n12 сентября — 98\xa0765,00\xa0₽ · Продукты'}]&#10; +  where [{'buttons': [[{'callback_data': 'tx:open:32ed6e97b0544c48', 'text': 'Запись 1'}], [{'callback_data': 'hist:filters:-:..., 'text': 'Фильтры: без ограничений · по дате операции\nЗаписи 1–1 из 1:\n12 сентября — 98\xa0765,00\xa0₽ · Продукты'}] = RecordingSender(sent=[{'chat_id': 880099991, 'text': 'Фильтры: без ограничений · по дате операции\nЗаписи 1–1 из 1:\n1...back_data': 'menu:main'}]]}], documents=[], fail_for_chats=set(), blocked_chats=set(), unknown_chats=set(), _next_id=2).sent">tests/integration/test_recheck_adversarial.py:181: in test_deferred_reply_is_not_sent_after_member_removal
    assert not delivered.sent, "Deferred private financial history delivered after completed membership revocation"
E   AssertionError: Deferred private financial history delivered after completed membership revocation
E   assert not [{'buttons': [[{'callback_data': 'tx:open:32ed6e97b0544c48', 'text': 'Запись 1'}], [{'callback_data': 'hist:filters:-:..., 'text': 'Фильтры: без ограничений · по дате операции\nЗаписи 1–1 из 1:\n12 сентября — 98\xa0765,00\xa0₽ · Продукты'}]
E    +  where [{'buttons': [[{'callback_data': 'tx:open:32ed6e97b0544c48', 'text': 'Запись 1'}], [{'callback_data': 'hist:filters:-:..., 'text': 'Фильтры: без ограничений · по дате операции\nЗаписи 1–1 из 1:\n12 сентября — 98\xa0765,00\xa0₽ · Продукты'}] = RecordingSender(sent=[{'chat_id': 880099991, 'text': 'Фильтры: без ограничений · по дате операции\nЗаписи 1–1 из 1:\n1...back_data': 'menu:main'}]]}], documents=[], fail_for_chats=set(), blocked_chats=set(), unknown_chats=set(), _next_id=2).sent</failure></testcase><testcase classname="tests.integration.test_recheck_adversarial" name="test_runtime_retention_deletes_expired_receipt" time="0.212"><failure message="AssertionError: Global retention still cannot see expired receipt under RLS&#10;assert (&lt;fintracker.db.models.platform.Attachment object at 0x10d3987d0&gt; is None or 'ready' == 'deleted'&#10;  &#10;  - deleted&#10;  + ready)">tests/integration/test_recheck_adversarial.py:205: in test_runtime_retention_deletes_expired_receipt
    assert row is None or row.state == "deleted", "Global retention still cannot see expired receipt under RLS"
E   AssertionError: Global retention still cannot see expired receipt under RLS
E   assert (&lt;fintracker.db.models.platform.Attachment object at 0x10d3987d0&gt; is None or 'ready' == 'deleted'
E     
E     - deleted
E     + ready)</failure></testcase><testcase classname="tests.integration.test_recheck_adversarial" name="test_budget_purge_also_removes_receipts" time="0.342"><failure message="AssertionError: Workspace marked purged while receipt metadata/object remain&#10;assert (&lt;fintracker.db.models.platform.Attachment object at 0x10cbb8e90&gt; is None or 'ready' == 'deleted'&#10;  &#10;  - deleted&#10;  + ready)">tests/integration/test_recheck_adversarial.py:222: in test_budget_purge_also_removes_receipts
    assert row is None or row.state == "deleted", "Workspace marked purged while receipt metadata/object remain"
E   AssertionError: Workspace marked purged while receipt metadata/object remain
E   assert (&lt;fintracker.db.models.platform.Attachment object at 0x10cbb8e90&gt; is None or 'ready' == 'deleted'
E     
E     - deleted
E     + ready)</failure></testcase><testcase classname="tests.integration.test_recheck_adversarial" name="test_restore_replays_deleted_workspace_state" time="0.291"><failure message="AssertionError: Committed deletion state is omitted from ACL replay&#10;assert 'active' in ('deleting', 'deleted')&#10; +  where 'active' = &lt;fintracker.db.models.access.Workspace object at 0x10d1ac250&gt;.state">tests/integration/test_recheck_adversarial.py:235: in test_restore_replays_deleted_workspace_state
    assert row.state in ("deleting", "deleted"), "Committed deletion state is omitted from ACL replay"
E   AssertionError: Committed deletion state is omitted from ACL replay
E   assert 'active' in ('deleting', 'deleted')
E    +  where 'active' = &lt;fintracker.db.models.access.Workspace object at 0x10d1ac250&gt;.state</failure></testcase><testcase classname="tests.integration.test_recheck_adversarial" name="test_rejected_security_change_does_not_leave_fence" time="0.239"><failure message="AssertionError: Expected command rejection still leaves SecurityChange fenced outside delete precheck&#10;assert UUID('92fb6f15-cabc-4058-aaf0-cc0a9b63838d') is None">tests/integration/test_recheck_adversarial.py:245: in test_rejected_security_change_does_not_leave_fence
    assert fence is None, "Expected command rejection still leaves SecurityChange fenced outside delete precheck"
E   AssertionError: Expected command rejection still leaves SecurityChange fenced outside delete precheck
E   assert UUID('92fb6f15-cabc-4058-aaf0-cc0a9b63838d') is None</failure></testcase><testcase classname="tests.integration.test_recheck_adversarial" name="test_expired_lease_cannot_be_renewed" time="0.265"><failure message="AssertionError: Expired lease is renewed without checking its deadline&#10;assert not True">tests/integration/test_recheck_adversarial.py:254: in test_expired_lease_cannot_be_renewed
    assert not await queue.renew_lease(test_settings, job), "Expired lease is renewed without checking its deadline"
E   AssertionError: Expired lease is renewed without checking its deadline
E   assert not True</failure></testcase><testcase classname="tests.integration.test_recheck_adversarial" name="test_restored_refund_counts_in_remaining_limit" time="0.277"><failure message="AssertionError: Restored refund remains cancelled in TransactionLink, leaving full refund limit available&#10;assert 100000 == 0&#10; +  where 100000 = sum(&lt;generator object test_restored_refund_counts_in_remaining_limit.&lt;locals&gt;.&lt;genexpr&gt; at 0x10d23c580&gt;)">tests/integration/test_recheck_adversarial.py:267: in test_restored_refund_counts_in_remaining_limit
    assert sum(p.refundable_minor for p in remaining) == 0, "Restored refund remains cancelled in TransactionLink, leaving full refund limit available"
E   AssertionError: Restored refund remains cancelled in TransactionLink, leaving full refund limit available
E   assert 100000 == 0
E    +  where 100000 = sum(&lt;generator object test_restored_refund_counts_in_remaining_limit.&lt;locals&gt;.&lt;genexpr&gt; at 0x10d23c580&gt;)</failure></testcase><testcase classname="tests.integration.test_recheck_adversarial" name="test_xlsx_message_reaches_import_handler" time="0.209"><failure message="AssertionError: XLSX never reaches import handler: Формат application/vnd.openxmlformats-officedocument.spreadsheetml.sheet пока не поддерживается. Поддерживаются JPEG, PNG и WebP. Исходное сообщение сохранено.&#10;assert False">tests/integration/test_recheck_adversarial.py:287: in test_xlsx_message_reaches_import_handler
    assert reached, "XLSX never reaches import handler: " + " | ".join(r.text for r in replies)
E   AssertionError: XLSX never reaches import handler: Формат application/vnd.openxmlformats-officedocument.spreadsheetml.sheet пока не поддерживается. Поддерживаются JPEG, PNG и WebP. Исходное сообщение сохранено.
E   assert False</failure></testcase><testcase classname="tests.integration.test_recheck_adversarial" name="test_invite_expiring_after_preview_does_not_fence_budget" time="0.261"><failure message="AttributeError: module 'fintracker.application.identity.invites' has no attribute 'join_by_code'">tests/integration/test_recheck_adversarial.py:312: in test_invite_expiring_after_preview_does_not_fence_budget
    await invites.join_by_code(test_settings, user=guest, raw_code=issued.code, correlation_id="expired-join")
          ^^^^^^^^^^^^^^^^^^^^
E   AttributeError: module 'fintracker.application.identity.invites' has no attribute 'join_by_code'</failure></testcase></testsuite></testsuites>