<?xml version="1.0" encoding="utf-8"?><testsuites name="pytest tests"><testsuite name="pytest" errors="0" failures="0" skipped="0" tests="34" time="14.044" timestamp="2026-09-15T00:24:49.575555+07:00" hostname="Bayramov-N-mb"><testcase classname=".planning.audits.2026-09-14-recheck-5646887.flows.test_new_flow_recheck" name="test_cancel_clears_goal_creation_before_next_expense" time="2.042" /><testcase classname=".planning.audits.2026-09-14-recheck-5646887.flows.test_new_flow_recheck" name="test_invalid_limit_keeps_continuation_for_corrected_input" time="0.509" /><testcase classname=".planning.audits.2026-09-14-recheck-5646887.flows.test_new_flow_recheck" name="test_switching_budget_does_not_retarget_pending_goal" time="0.665" /><testcase classname=".planning.audits.2026-09-14-recheck-5646887.flows.test_new_flow_recheck" name="test_new_category_can_receive_first_limit" time="0.469" /><testcase classname=".planning.audits.2026-09-14-recheck-5646887.flows.test_new_flow_recheck" name="test_old_draft_confirmation_does_not_settle_unrelated_payment" time="0.350" /><testcase classname=".planning.audits.2026-09-14-recheck-5646887.flows.test_new_flow_recheck" name="test_long_comment_search_keeps_full_filter_on_next_page" time="1.305" /><testcase classname=".planning.audits.2026-09-14-recheck-5646887.flows.test_new_flow_recheck" name="test_goal_open_exposes_allocation_action" time="0.475" /><testcase classname=".planning.audits.2026-09-14-recheck-5646887.flows.test_new_flow_recheck" name="test_invalid_payment_date_does_not_silently_create_today" time="0.454" /><testcase classname=".planning.audits.2026-09-14-recheck-5646887.flows.test_new_flow_recheck" name="test_comment_search_survives_sort_change" time="0.640" /><testcase classname=".planning.audits.2026-09-14-recheck-5646887.flows.test_new_flow_recheck" name="test_receipt_amount_can_be_corrected_before_posting" time="0.559" /><testcase classname=".planning.audits.2026-09-14-recheck-5646887.money.test_money_recheck" name="test_restored_receivable_settlement_reapplies_debt_coverage" time="0.272" /><testcase classname=".planning.audits.2026-09-14-recheck-5646887.money.test_money_recheck" name="test_revised_receivable_settlement_recomputes_debt" time="0.231" /><testcase classname=".planning.audits.2026-09-14-recheck-5646887.money.test_money_recheck" name="test_restored_scheduled_payment_reapplies_obligation_coverage" time="0.248" /><testcase classname=".planning.audits.2026-09-14-recheck-5646887.money.test_money_recheck" name="test_revised_scheduled_payment_recomputes_obligation_coverage" time="0.237" /><testcase classname=".planning.audits.2026-09-14-recheck-5646887.money.test_money_recheck" name="test_void_uncollected_shared_purchase_removes_open_debt" time="0.229" /><testcase classname=".planning.audits.2026-09-14-recheck-5646887.money.test_money_recheck" name="test_cannot_shrink_collected_receivable_origin" time="0.222" /><testcase classname=".planning.audits.2026-09-14-recheck-5646887.money.test_money_recheck" name="test_restore_marks_accepted_reconciliation_stale" time="0.247" /><testcase classname=".planning.audits.2026-09-14-recheck-5646887.money.test_money_recheck" name="test_change_account_marks_old_and_new_reconciliations_stale" time="0.243" /><testcase classname=".planning.audits.2026-09-14-recheck-5646887.money.test_money_recheck" name="test_backdated_post_marks_accepted_reconciliation_stale" time="0.197" /><testcase classname=".planning.audits.2026-09-14-recheck-5646887.money.test_money_recheck" name="test_weekly_review_does_not_forecast_incomplete_history" time="0.222" /><testcase classname=".planning.audits.2026-09-14-recheck-5646887.money.test_money_recheck" name="test_period_with_existing_plan_still_closes_predecessor" time="0.223" /><testcase classname=".planning.audits.2026-09-14-recheck-5646887.async.test_async_recheck" name="test_notification_rechecks_authority_after_render[expired_lease]" time="0.298" /><testcase classname=".planning.audits.2026-09-14-recheck-5646887.async.test_async_recheck" name="test_notification_rechecks_authority_after_render[security_fence]" time="0.199" /><testcase classname=".planning.audits.2026-09-14-recheck-5646887.async.test_async_recheck" name="test_notification_rechecks_authority_after_render[quarantined]" time="0.224" /><testcase classname=".planning.audits.2026-09-14-recheck-5646887.async.test_async_recheck" name="test_paused_notification_remains_runnable_after_security_gate_clears" time="0.223" /><testcase classname=".planning.audits.2026-09-14-recheck-5646887.async.test_async_recheck" name="test_older_security_journal_does_not_confirm_current_database" time="0.247" /><testcase classname=".planning.audits.2026-09-14-recheck-5646887.async.test_async_recheck" name="test_published_recommendation_is_not_current_after_new_expense" time="0.309" /><testcase classname=".planning.audits.2026-09-14-recheck-5646887.async.test_async_recheck" name="test_cancelled_receipt_releases_slot_and_preserves_unknown_cost" time="0.169" /><testcase classname=".planning.audits.2026-09-14-recheck-5646887.async.test_async_recheck" name="test_maintenance_frees_abandoned_slot_without_erasing_cost" time="0.179" /><testcase classname=".planning.audits.2026-09-14-recheck-5646887.ops.test_ops_recheck" name="test_strict_response_allowed_null_is_accepted" time="0.052" /><testcase classname=".planning.audits.2026-09-14-recheck-5646887.ops.test_ops_recheck" name="test_truncated_png_rejected_before_vision" time="0.164" /><testcase classname=".planning.audits.2026-09-14-recheck-5646887.ops.test_ops_recheck" name="test_existing_readonly_root_is_not_ready" time="0.188" /><testcase classname=".planning.audits.2026-09-14-recheck-5646887.ops.test_ops_recheck" name="test_metrics_include_tenant_deliveries" time="0.215" /><testcase classname=".planning.audits.2026-09-14-recheck-5646887.ops.test_media_retention" name="test_media_caption_is_erased_at_raw_data_deadline" time="1.455" /></testsuite></testsuites>