<?xml version="1.0" encoding="utf-8"?><testsuites name="pytest tests"><testsuite name="pytest" errors="0" failures="0" skipped="0" tests="8" time="3.559" timestamp="2026-09-14T13:02:40.910446+07:00" hostname="Bayramov-N-mb"><testcase classname="tests.integration.test_money_readiness" name="test_read_opened_period_still_gets_plan_and_closure" time="1.624" /><testcase classname="tests.integration.test_money_readiness" name="test_void_settlement_reopens_receivable" time="0.282" /><testcase classname="tests.integration.test_money_readiness" name="test_void_paid_purchase_cannot_leave_collected_receivable" time="0.210" /><testcase classname="tests.integration.test_money_readiness" name="test_void_scheduled_payment_reopens_obligation" time="0.251" /><testcase classname="tests.integration.test_money_readiness" name="test_purchase_reallocation_cannot_shrink_refunded_part" time="0.209" /><testcase classname="tests.integration.test_money_readiness" name="test_void_transaction_invalidates_accepted_reconciliation" time="0.234" /><testcase classname="tests.integration.test_money_readiness" name="test_reconciliation_accept_revalidates_changed_basis" time="0.200" /><testcase classname="tests.integration.test_money_readiness" name="test_incomplete_calendar_days_are_not_observed_forecast_days" time="0.254" /></testsuite></testsuites>