<?xml version="1.0" encoding="utf-8"?><testsuites name="pytest tests"><testsuite name="pytest" errors="0" failures="0" skipped="0" tests="36" time="33.810" timestamp="2026-09-14T00:29:35.719176+07:00" hostname="Bayramov-N-mb"><testcase classname="tests.integration.test_recheck_prior_v2" name="test_actual_worker_routes_accepted_start" time="1.681" /><testcase classname="tests.integration.test_recheck_prior_v2" name="test_actual_scheduler_discovers_active_budgets" time="0.181" /><testcase classname="tests.integration.test_recheck_prior_v2" name="test_ai_latency_within_provider_timeout_does_not_kill_transaction" time="11.303" /><testcase classname="tests.integration.test_recheck_prior_v2" name="test_downstream_retry_no_duplicate" time="0.362" /><testcase classname="tests.integration.test_recheck_prior_v2" name="test_downstream_stale_lease_cannot_post" time="0.205" /><testcase classname="tests.integration.test_recheck_prior_v2" name="test_downstream_failed_reply_is_retried" time="0.225" /><testcase classname="tests.integration.test_recheck_prior_v2" name="test_downstream_group_is_private" time="0.206" /><testcase classname="tests.integration.test_recheck_prior_v2" name="test_edit_versions_accept_third_update" time="0.191" /><testcase classname="tests.integration.test_recheck_prior_v2" name="test_transfer_semantics_survive_confirmation" time="0.167" /><testcase classname="tests.integration.test_recheck_prior_v2" name="test_import_export_actions[exp:xlsx]" time="0.332" /><testcase classname="tests.integration.test_recheck_prior_v2" name="test_import_export_actions[exp:csv]" time="0.171" /><testcase classname="tests.integration.test_recheck_prior_v2" name="test_import_export_actions[imp:start]" time="0.173" /><testcase classname="tests.integration.test_recheck_prior_v2" name="test_expired_lease_is_invalid" time="0.186" /><testcase classname="tests.integration.test_recheck_prior_v2" name="test_removed_member_cannot_finish_inflight_write" time="0.214" /><testcase classname="tests.integration.test_recheck_prior_v3" name="test_bad_delete_confirmation_does_not_fence_budget" time="0.164" /><testcase classname="tests.integration.test_recheck_prior_v3" name="test_void_refund_restores_refundable_amount" time="0.173" /><testcase classname="tests.integration.test_recheck_prior_v3" name="test_runtime_retention_clears_expired_private_draft" time="0.165" /><testcase classname="tests.integration.test_recheck_prior_v3" name="test_quarantined_budget_does_not_show_financial_history" time="0.170" /><testcase classname="tests.integration.test_recheck_prior_v3" name="test_completed_revoke_survives_restored_old_acl" time="0.221" /><testcase classname="tests.integration.test_recheck_prior_v3" name="test_deleted_budget_financial_data_is_purged_after_deadline" time="0.252" /><testcase classname="tests.integration.test_recheck_prior_v3" name="test_invite_secret_is_not_retained_in_global_job" time="0.177" /><testcase classname="tests.integration.test_recheck_adversarial" name="test_lease_lost_during_command_cannot_commit" time="0.243" /><testcase classname="tests.integration.test_recheck_adversarial" name="test_same_event_concurrently_creates_one_expense" time="0.288" /><testcase classname="tests.integration.test_recheck_adversarial" name="test_edited_message_does_not_add_second_expense" time="0.363" /><testcase classname="tests.integration.test_recheck_adversarial" name="test_restoring_old_refund_cannot_exceed_purchase" time="0.195" /><testcase classname="tests.integration.test_recheck_adversarial" name="test_new_budget_has_default_weekly_analysis" time="0.204" /><testcase classname="tests.integration.test_recheck_adversarial" name="test_background_slow_ai_does_not_break_transaction" time="11.249" /><testcase classname="tests.integration.test_recheck_adversarial" name="test_deferred_reply_is_not_sent_after_member_removal" time="0.343" /><testcase classname="tests.integration.test_recheck_adversarial" name="test_runtime_retention_deletes_expired_receipt" time="0.175" /><testcase classname="tests.integration.test_recheck_adversarial" name="test_budget_purge_also_removes_receipts" time="0.271" /><testcase classname="tests.integration.test_recheck_adversarial" name="test_restore_replays_deleted_workspace_state" time="0.226" /><testcase classname="tests.integration.test_recheck_adversarial" name="test_rejected_security_change_does_not_leave_fence" time="0.196" /><testcase classname="tests.integration.test_recheck_adversarial" name="test_expired_lease_cannot_be_renewed" time="0.191" /><testcase classname="tests.integration.test_recheck_adversarial" name="test_restored_refund_counts_in_remaining_limit" time="0.213" /><testcase classname="tests.integration.test_recheck_adversarial" name="test_xlsx_message_reaches_import_handler" time="0.166" /><testcase classname="tests.integration.test_recheck_adversarial" name="test_invite_expiring_after_preview_does_not_fence_budget" time="2.057" /></testsuite></testsuites>