<?xml version="1.0" encoding="utf-8"?><testsuites name="pytest tests"><testsuite name="pytest" errors="0" failures="0" skipped="0" tests="11" time="7.397" timestamp="2026-09-14T01:50:06.419219+07:00" hostname="Bayramov-N-mb"><testcase classname="tests.integration.test_verification4_cases" name="test_both_concurrent_executors_return_a_result" time="1.570" /><testcase classname="tests.integration.test_verification4_cases" name="test_immediate_reply_rechecks_revocation" time="0.353" /><testcase classname="tests.integration.test_verification4_cases" name="test_expired_lease_cannot_send_deferred_reply" time="0.269" /><testcase classname="tests.integration.test_verification4_cases" name="test_analysis_resumes_after_process_interruption" time="0.275" /><testcase classname="tests.integration.test_verification4_cases" name="test_analysis_rechecks_authority_after_model[lease]" time="0.250" /><testcase classname="tests.integration.test_verification4_cases" name="test_analysis_rechecks_authority_after_model[quarantine]" time="0.251" /><testcase classname="tests.integration.test_verification4_cases" name="test_repeated_photo_event_reuses_its_draft" time="0.386" /><testcase classname="tests.integration.test_verification4_cases" name="test_downgrade_keeps_previous_purge_function_usable" time="1.709" /><testcase classname="tests.integration.test_verification4_cases" name="test_api_start_does_not_require_migration_credentials" time="0.389" /><testcase classname="tests.integration.test_verification4_cases" name="test_edited_message_confirmation_updates_original_transaction" time="0.498" /><testcase classname="tests.integration.test_verification4_cases" name="test_successful_summary_emits_one_completion_event" time="0.913" /></testsuite></testsuites>