<?xml version="1.0" encoding="utf-8"?><testsuites name="pytest tests"><testsuite name="pytest" errors="0" failures="10" skipped="0" tests="10" time="4.159" timestamp="2026-09-15T00:29:46.288162+07:00" hostname="Bayramov-N-mb"><testcase classname=".planning.audits.2026-09-15-recheck-597029c.money.REVIEW.md" name="test_restore_shared_origin_reopens_uncollected_debt" time="1.609"><failure message="AssertionError: (0, 'settled')">.planning/audits/2026-09-15-recheck-597029c/money/REVIEW.md:170: in test_restore_shared_origin_reopens_uncollected_debt
    assert (row.outstanding_minor, row.status) == (150000, 'open'), (row.outstanding_minor, row.status)
           ^^^^^^^^^^^^^^^^^^^^^^^^^^^^^^^^^^^^^^^^^^^^^^^^^^^^^^^
E   AssertionError: (0, 'settled')</failure></testcase><testcase classname=".planning.audits.2026-09-15-recheck-597029c.money.REVIEW.md" name="test_remove_uncollected_share_is_valid_correction" time="0.244"><failure message="sqlalchemy.exc.IntegrityError: (psycopg.errors.CheckViolation) new row for relation &quot;receivables&quot; violates check constraint &quot;ck_receivables_original_positive&quot;&#10;[SQL: UPDATE receivables SET original_minor=%(original_minor)s::BIGINT, outstanding_minor=%(outstanding_minor)s::BIGINT, status=%(status)s::VARCHAR, version=%(version)s::BIGINT WHERE receivables.id = %(receivables_id)s::UUID]&#10;[parameters: {'original_minor': 0, 'outstanding_minor': 0, 'status': 'settled', 'version': 2, 'receivables_id': UUID('6b120c95-2655-4678-8039-4c6ee4d28066')}]&#10;(Background on this error at: https://sqlalche.me/e/20/gkpj)">.venv/lib/python3.13/site-packages/sqlalchemy/engine/base.py:1969: in _exec_single_context
    self.dialect.do_execute(
.venv/lib/python3.13/site-packages/sqlalchemy/engine/default.py:952: in do_execute
    cursor.execute(statement, parameters)
.venv/lib/python3.13/site-packages/sqlalchemy/dialects/postgresql/psycopg.py:642: in execute
    result = self.await_(self._cursor.execute(query, params, **kw))
             ^^^^^^^^^^^^^^^^^^^^^^^^^^^^^^^^^^^^^^^^^^^^^^^^^^^^^^
.venv/lib/python3.13/site-packages/sqlalchemy/util/_concurrency_py3k.py:132: in await_only
    return current.parent.switch(awaitable)  # type: ignore[no-any-return,attr-defined] # noqa: E501
           ^^^^^^^^^^^^^^^^^^^^^^^^^^^^^^^^
.venv/lib/python3.13/site-packages/sqlalchemy/util/_concurrency_py3k.py:196: in greenlet_spawn
    value = await result
            ^^^^^^^^^^^^
.venv/lib/python3.13/site-packages/psycopg/cursor_async.py:117: in execute
    raise ex.with_traceback(None)
E   psycopg.errors.CheckViolation: new row for relation "receivables" violates check constraint "ck_receivables_original_positive"

The above exception was the direct cause of the following exception:
.planning/audits/2026-09-15-recheck-597029c/money/REVIEW.md:185: in test_remove_uncollected_share_is_valid_correction
    await revise_transaction(session, uow, actor=fixture.actor,
src/fintracker/application/ledger/service.py:995: in revise_transaction
    await _sync_money_dependents(
src/fintracker/application/ledger/service.py:894: in _sync_money_dependents
    await _sync_receivable_origins(
src/fintracker/application/ledger/service.py:701: in _sync_receivable_origins
    await session.flush()
.venv/lib/python3.13/site-packages/sqlalchemy/ext/asyncio/session.py:786: in flush
    await greenlet_spawn(self.sync_session.flush, objects=objects)
.venv/lib/python3.13/site-packages/sqlalchemy/util/_concurrency_py3k.py:203: in greenlet_spawn
    result = context.switch(value)
             ^^^^^^^^^^^^^^^^^^^^^
.venv/lib/python3.13/site-packages/sqlalchemy/orm/session.py:4353: in flush
    self._flush(objects)
.venv/lib/python3.13/site-packages/sqlalchemy/orm/session.py:4488: in _flush
    with util.safe_reraise():
         ^^^^^^^^^^^^^^^^^^^
.venv/lib/python3.13/site-packages/sqlalchemy/util/langhelpers.py:122: in __exit__
    raise exc_value.with_traceback(exc_tb)
.venv/lib/python3.13/site-packages/sqlalchemy/orm/session.py:4449: in _flush
    flush_context.execute()
.venv/lib/python3.13/site-packages/sqlalchemy/orm/unitofwork.py:465: in execute
    rec.execute(self)
.venv/lib/python3.13/site-packages/sqlalchemy/orm/unitofwork.py:641: in execute
    util.preloaded.orm_persistence.save_obj(
.venv/lib/python3.13/site-packages/sqlalchemy/orm/persistence.py:86: in save_obj
    _emit_update_statements(
.venv/lib/python3.13/site-packages/sqlalchemy/orm/persistence.py:913: in _emit_update_statements
    c = connection.execute(
.venv/lib/python3.13/site-packages/sqlalchemy/engine/base.py:1421: in execute
    return meth(
.venv/lib/python3.13/site-packages/sqlalchemy/sql/elements.py:526: in _execute_on_connection
    return connection._execute_clauseelement(
.venv/lib/python3.13/site-packages/sqlalchemy/engine/base.py:1643: in _execute_clauseelement
    ret = self._execute_context(
.venv/lib/python3.13/site-packages/sqlalchemy/engine/base.py:1848: in _execute_context
    return self._exec_single_context(
.venv/lib/python3.13/site-packages/sqlalchemy/engine/base.py:1988: in _exec_single_context
    self._handle_dbapi_exception(
.venv/lib/python3.13/site-packages/sqlalchemy/engine/base.py:2365: in _handle_dbapi_exception
    raise sqlalchemy_exception.with_traceback(exc_info[2]) from e
.venv/lib/python3.13/site-packages/sqlalchemy/engine/base.py:1969: in _exec_single_context
    self.dialect.do_execute(
.venv/lib/python3.13/site-packages/sqlalchemy/engine/default.py:952: in do_execute
    cursor.execute(statement, parameters)
.venv/lib/python3.13/site-packages/sqlalchemy/dialects/postgresql/psycopg.py:642: in execute
    result = self.await_(self._cursor.execute(query, params, **kw))
             ^^^^^^^^^^^^^^^^^^^^^^^^^^^^^^^^^^^^^^^^^^^^^^^^^^^^^^
.venv/lib/python3.13/site-packages/sqlalchemy/util/_concurrency_py3k.py:132: in await_only
    return current.parent.switch(awaitable)  # type: ignore[no-any-return,attr-defined] # noqa: E501
           ^^^^^^^^^^^^^^^^^^^^^^^^^^^^^^^^
.venv/lib/python3.13/site-packages/sqlalchemy/util/_concurrency_py3k.py:196: in greenlet_spawn
    value = await result
            ^^^^^^^^^^^^
.venv/lib/python3.13/site-packages/psycopg/cursor_async.py:117: in execute
    raise ex.with_traceback(None)
E   sqlalchemy.exc.IntegrityError: (psycopg.errors.CheckViolation) new row for relation "receivables" violates check constraint "ck_receivables_original_positive"
E   [SQL: UPDATE receivables SET original_minor=%(original_minor)s::BIGINT, outstanding_minor=%(outstanding_minor)s::BIGINT, status=%(status)s::VARCHAR, version=%(version)s::BIGINT WHERE receivables.id = %(receivables_id)s::UUID]
E   [parameters: {'original_minor': 0, 'outstanding_minor': 0, 'status': 'settled', 'version': 2, 'receivables_id': UUID('6b120c95-2655-4678-8039-4c6ee4d28066')}]
E   (Background on this error at: https://sqlalche.me/e/20/gkpj)</failure></testcase><testcase classname=".planning.audits.2026-09-15-recheck-597029c.money.REVIEW.md" name="test_refunded_share_survives_settlement_lifecycle[note]" time="0.274"><failure message="AssertionError: ('note', 100000, 50000)">.planning/audits/2026-09-15-recheck-597029c/money/REVIEW.md:221: in test_refunded_share_survives_settlement_lifecycle
    assert row.outstanding_minor == expected, (change, row.outstanding_minor, expected)
           ^^^^^^^^^^^^^^^^^^^^^^^^^^^^^^^^^
E   AssertionError: ('note', 100000, 50000)</failure></testcase><testcase classname=".planning.audits.2026-09-15-recheck-597029c.money.REVIEW.md" name="test_refunded_share_survives_settlement_lifecycle[void]" time="0.274"><failure message="AssertionError: ('void', 150000, 100000)">.planning/audits/2026-09-15-recheck-597029c/money/REVIEW.md:221: in test_refunded_share_survives_settlement_lifecycle
    assert row.outstanding_minor == expected, (change, row.outstanding_minor, expected)
           ^^^^^^^^^^^^^^^^^^^^^^^^^^^^^^^^^
E   AssertionError: ('void', 150000, 100000)</failure></testcase><testcase classname=".planning.audits.2026-09-15-recheck-597029c.money.REVIEW.md" name="test_refunded_share_survives_settlement_lifecycle[refund_void]" time="0.253"><failure message="AssertionError: ('refund_void', 50000, 100000)">.planning/audits/2026-09-15-recheck-597029c/money/REVIEW.md:221: in test_refunded_share_survives_settlement_lifecycle
    assert row.outstanding_minor == expected, (change, row.outstanding_minor, expected)
           ^^^^^^^^^^^^^^^^^^^^^^^^^^^^^^^^^
E   AssertionError: ('refund_void', 50000, 100000)</failure></testcase><testcase classname=".planning.audits.2026-09-15-recheck-597029c.money.REVIEW.md" name="test_note_edit_preserves_partial_occurrence_settlement" time="0.251"><failure message="AssertionError: (100000, 'settled')">.planning/audits/2026-09-15-recheck-597029c/money/REVIEW.md:245: in test_note_edit_preserves_partial_occurrence_settlement
    assert (row.settled_minor, row.state) == (50000, 'partially_settled'), (row.settled_minor, row.state)
           ^^^^^^^^^^^^^^^^^^^^^^^^^^^^^^^^^^^^^^^^^^^^^^^^^^^^^^^^^^^^^^
E   AssertionError: (100000, 'settled')</failure></testcase><testcase classname=".planning.audits.2026-09-15-recheck-597029c.money.REVIEW.md" name="test_goal_amount_needs_unambiguous_positive_currency[-100]" time="0.192"><failure message="AssertionError: ('-100', 490000, ['По цели использовано: 100,00\xa0₽.'])">.planning/audits/2026-09-15-recheck-597029c/money/REVIEW.md:260: in test_goal_amount_needs_unambiguous_positive_currency
    assert row.allocated_minor == 500000, (input_text, row.allocated_minor, [r.text for r in replies])
           ^^^^^^^^^^^^^^^^^^^^^^^^^^^^^
E   AssertionError: ('-100', 490000, ['По цели использовано: 100,00\xa0₽.'])</failure></testcase><testcase classname=".planning.audits.2026-09-15-recheck-597029c.money.REVIEW.md" name="test_goal_amount_needs_unambiguous_positive_currency[100 USD]" time="0.187"><failure message="AssertionError: ('100 USD', 490000, ['По цели использовано: 100,00\xa0₽.'])">.planning/audits/2026-09-15-recheck-597029c/money/REVIEW.md:260: in test_goal_amount_needs_unambiguous_positive_currency
    assert row.allocated_minor == 500000, (input_text, row.allocated_minor, [r.text for r in replies])
           ^^^^^^^^^^^^^^^^^^^^^^^^^^^^^
E   AssertionError: ('100 USD', 490000, ['По цели использовано: 100,00\xa0₽.'])</failure></testcase><testcase classname=".planning.audits.2026-09-15-recheck-597029c.money.REVIEW.md" name="test_goal_amount_needs_unambiguous_positive_currency[1.500]" time="0.182"><failure message="AssertionError: ('1.500', 350000, ['По цели использовано: 1\xa0500,00\xa0₽.'])">.planning/audits/2026-09-15-recheck-597029c/money/REVIEW.md:260: in test_goal_amount_needs_unambiguous_positive_currency
    assert row.allocated_minor == 500000, (input_text, row.allocated_minor, [r.text for r in replies])
           ^^^^^^^^^^^^^^^^^^^^^^^^^^^^^
E   AssertionError: ('1.500', 350000, ['По цели использовано: 1\xa0500,00\xa0₽.'])</failure></testcase><testcase classname=".planning.audits.2026-09-15-recheck-597029c.money.REVIEW.md" name="test_existing_plan_still_schedules_period_opening" time="0.287"><failure message="AssertionError: (0, 0)">.planning/audits/2026-09-15-recheck-597029c/money/REVIEW.md:285: in test_existing_plan_still_schedules_period_opening
    assert (len(jobs), len(events)) == (1, 1), (len(jobs), len(events))
           ^^^^^^^^^^^^^^^^^^^^^^^^^^^^^^^^^^
E   AssertionError: (0, 0)</failure></testcase></testsuite></testsuites>