<?xml version="1.0" encoding="utf-8"?><testsuites name="pytest tests"><testsuite name="pytest" errors="0" failures="0" skipped="0" tests="499" time="310.794" timestamp="2026-09-14T01:19:03.137723+07:00" hostname="Bayramov-N-mb"><properties><property name="hypothesis-statistics-tests/unit/test_calendar.py::test_sequence_has_no_gaps_or_overlaps" value="dGVzdHMvdW5pdC90ZXN0X2NhbGVuZGFyLnB5Ojp0ZXN0X3NlcXVlbmNlX2hhc19ub19nYXBzX29yX292ZXJsYXBzOgoKICAtIGR1cmluZyBnZW5lcmF0ZSBwaGFzZSAoMC4yMyBzZWNvbmRzKToKICAgIC0gVHlwaWNhbCBydW50aW1lczogPCAxbXMsIG9mIHdoaWNoIDwgMW1zIGluIGRhdGEgZ2VuZXJhdGlvbgogICAgLSAyNTAgcGFzc2luZywgMCBmYWlsaW5nLCBhbmQgMCBpbnZhbGlkIHRlc3QgY2FzZXMKCiAgLSBTdG9wcGVkIGJlY2F1c2Ugc2V0dGluZ3MubWF4X2V4YW1wbGVzPTI1MA==" /><property name="hypothesis-statistics-tests/unit/test_calendar.py::test_every_date_belongs_to_exactly_one_period" value="dGVzdHMvdW5pdC90ZXN0X2NhbGVuZGFyLnB5Ojp0ZXN0X2V2ZXJ5X2RhdGVfYmVsb25nc190b19leGFjdGx5X29uZV9wZXJpb2Q6CgogIC0gZHVyaW5nIGdlbmVyYXRlIHBoYXNlICgwLjEzIHNlY29uZHMpOgogICAgLSBUeXBpY2FsIHJ1bnRpbWVzOiA8IDFtcywgb2Ygd2hpY2ggPCAxbXMgaW4gZGF0YSBnZW5lcmF0aW9uCiAgICAtIDI1MCBwYXNzaW5nLCAwIGZhaWxpbmcsIGFuZCAwIGludmFsaWQgdGVzdCBjYXNlcwoKICAtIFN0b3BwZWQgYmVjYXVzZSBzZXR0aW5ncy5tYXhfZXhhbXBsZXM9MjUw" /><property name="hypothesis-statistics-tests/unit/test_money.py::test_allocation_preserves_total" value="dGVzdHMvdW5pdC90ZXN0X21vbmV5LnB5Ojp0ZXN0X2FsbG9jYXRpb25fcHJlc2VydmVzX3RvdGFsOgoKICAtIGR1cmluZyBnZW5lcmF0ZSBwaGFzZSAoMC4xOCBzZWNvbmRzKToKICAgIC0gVHlwaWNhbCBydW50aW1lczogPCAxbXMsIG9mIHdoaWNoIDwgMW1zIGluIGRhdGEgZ2VuZXJhdGlvbgogICAgLSAzMDAgcGFzc2luZywgMCBmYWlsaW5nLCBhbmQgNzEgaW52YWxpZCB0ZXN0IGNhc2VzCgogIC0gU3RvcHBlZCBiZWNhdXNlIHNldHRpbmdzLm1heF9leGFtcGxlcz0zMDA=" /><property name="hypothesis-statistics-tests/unit/test_money.py::test_sum_is_exact" value="dGVzdHMvdW5pdC90ZXN0X21vbmV5LnB5Ojp0ZXN0X3N1bV9pc19leGFjdDoKCiAgLSBkdXJpbmcgZ2VuZXJhdGUgcGhhc2UgKDAuMDUgc2Vjb25kcyk6CiAgICAtIFR5cGljYWwgcnVudGltZXM6IDwgMW1zLCBvZiB3aGljaCA8IDFtcyBpbiBkYXRhIGdlbmVyYXRpb24KICAgIC0gMTAwIHBhc3NpbmcsIDAgZmFpbGluZywgYW5kIDE0IGludmFsaWQgdGVzdCBjYXNlcwoKICAtIFN0b3BwZWQgYmVjYXVzZSBzZXR0aW5ncy5tYXhfZXhhbXBsZXM9MTAw" /></properties><testcase classname="tests.acceptance.test_access_lifecycle" name="test_a168_member_leaves_and_loses_access" time="2.124" /><testcase classname="tests.acceptance.test_access_lifecycle" name="test_a169_old_buttons_do_not_restore_access" time="0.593" /><testcase classname="tests.acceptance.test_access_lifecycle" name="test_a172_admin_cannot_leave_without_transfer" time="0.524" /><testcase classname="tests.acceptance.test_access_lifecycle" name="test_a173_admin_transfer_swaps_roles_atomically" time="0.660" /><testcase classname="tests.acceptance.test_access_lifecycle" name="test_a170_removed_member_cannot_rejoin_by_code" time="0.626" /><testcase classname="tests.acceptance.test_access_lifecycle" name="test_a171_rejoin_gets_member_role_and_new_generation" time="0.664" /><testcase classname="tests.acceptance.test_access_lifecycle" name="test_a176_a177_delete_closes_budget_and_spares_other" time="0.818" /><testcase classname="tests.acceptance.test_access_lifecycle" name="test_a175_member_cannot_delete_budget" time="0.534" /><testcase classname="tests.acceptance.test_access_lifecycle" name="test_a157_joining_does_not_import_personal_data" time="0.684" /><testcase classname="tests.acceptance.test_category_scenarios" name="test_a115_create_category_and_move_record" time="0.650" /><testcase classname="tests.acceptance.test_category_scenarios" name="test_a118_archive_keeps_expenses_in_reports" time="0.638" /><testcase classname="tests.acceptance.test_category_scenarios" name="test_a120_reassign_shows_links_before_archive" time="0.750" /><testcase classname="tests.acceptance.test_category_scenarios" name="test_a126_conflicting_correction_is_reported" time="0.617" /><testcase classname="tests.acceptance.test_clarifications" name="test_bare_amount_answers_the_single_open_question" time="0.536" /><testcase classname="tests.acceptance.test_clarifications" name="test_two_open_questions_require_explicit_choice" time="0.485" /><testcase classname="tests.acceptance.test_clarifications" name="test_answer_to_closed_question_does_not_touch_other_draft" time="0.727" /><testcase classname="tests.acceptance.test_context_scenarios" name="test_a156_link_and_manual_code_give_same_path" time="0.620" /><testcase classname="tests.acceptance.test_context_scenarios" name="test_a165_a166_context_is_pinned_at_receipt" time="0.832" /><testcase classname="tests.acceptance.test_context_scenarios" name="test_a167_reply_corrects_the_card_budget" time="0.680" /><testcase classname="tests.acceptance.test_context_scenarios" name="test_a162_shared_change_is_visible_to_everyone" time="0.538" /><testcase classname="tests.acceptance.test_context_scenarios" name="test_a197_note_author_survives_leaving" time="0.763" /><testcase classname="tests.acceptance.test_context_scenarios" name="test_a174_stale_admin_transfer_is_not_applied" time="0.621" /><testcase classname="tests.acceptance.test_entry_scenarios" name="test_a02_beneficiary_does_not_replace_author" time="0.627" /><testcase classname="tests.acceptance.test_entry_scenarios" name="test_a03_shared_expense_is_counted_once" time="0.531" /><testcase classname="tests.acceptance.test_entry_scenarios" name="test_a17_unlinked_self_is_not_invented" time="0.433" /><testcase classname="tests.acceptance.test_entry_scenarios" name="test_a188_comment_in_same_message_is_one_expense" time="0.553" /><testcase classname="tests.acceptance.test_entry_scenarios" name="test_a199_note_scope_is_clarified_for_two_expenses" time="0.445" /><testcase classname="tests.acceptance.test_entry_scenarios" name="test_a184_note_append_is_idempotent" time="0.687" /><testcase classname="tests.acceptance.test_entry_scenarios" name="test_a186_shared_note_visible_to_members" time="0.679" /><testcase classname="tests.acceptance.test_first_cycle" name="test_a141_new_user_sees_create_and_join" time="0.142" /><testcase classname="tests.acceptance.test_first_cycle" name="test_a142_create_budget_from_scratch" time="0.425" /><testcase classname="tests.acceptance.test_first_cycle" name="test_a143_publish_is_idempotent" time="0.434" /><testcase classname="tests.acceptance.test_first_cycle" name="test_a144_income_plan_does_not_create_money" time="0.439" /><testcase classname="tests.acceptance.test_first_cycle" name="test_first_expense_and_card" time="0.558" /><testcase classname="tests.acceptance.test_first_cycle" name="test_a158_shared_visibility_counts_once" time="0.651" /><testcase classname="tests.acceptance.test_first_cycle" name="test_a163_member_corrects_admin_record" time="0.719" /><testcase classname="tests.acceptance.test_first_cycle" name="test_a152_joined_member_sees_history_before_join" time="0.661" /><testcase classname="tests.acceptance.test_first_cycle" name="test_a153_invalid_code_reveals_nothing" time="0.415" /><testcase classname="tests.acceptance.test_first_cycle" name="test_a151_budget_id_is_not_an_invite" time="0.411" /><testcase classname="tests.acceptance.test_first_cycle" name="test_a155_repeated_join_does_not_duplicate" time="0.509" /><testcase classname="tests.acceptance.test_first_cycle" name="test_a150_member_cannot_issue_invite" time="0.519" /><testcase classname="tests.acceptance.test_first_cycle" name="test_a106_foreign_workspace_id_is_denied" time="0.662" /><testcase classname="tests.acceptance.test_history_filters" name="test_history_shows_filters_and_counts" time="0.742" /><testcase classname="tests.acceptance.test_history_filters" name="test_history_filter_toggle_narrows_journal" time="0.730" /><testcase classname="tests.acceptance.test_history_filters" name="test_history_sort_switches_to_recently_added" time="0.581" /><testcase classname="tests.acceptance.test_history_filters" name="test_history_search_by_comment_text" time="0.630" /><testcase classname="tests.acceptance.test_history_filters" name="test_history_is_shared_between_members" time="0.652" /><testcase classname="tests.acceptance.test_history_filters" name="test_transaction_card_shows_history_and_links" time="0.640" /><testcase classname="tests.acceptance.test_history_filters" name="test_history_paging_keeps_all_entries" time="1.370" /><testcase classname="tests.acceptance.test_input_guards" name="test_a09_hypothetical_does_not_create_expense" time="0.455" /><testcase classname="tests.acceptance.test_input_guards" name="test_a10_negated_purchase_is_not_recorded" time="0.472" /><testcase classname="tests.acceptance.test_input_guards" name="test_a11_question_returns_report_not_expense" time="0.453" /><testcase classname="tests.acceptance.test_input_guards" name="test_a12_limit_change_requires_confirmation" time="0.455" /><testcase classname="tests.acceptance.test_input_guards" name="test_a15_autopost_disabled_shows_confirmation" time="0.401" /><testcase classname="tests.acceptance.test_input_guards" name="test_a06_missing_amount_asks_without_inventing" time="0.411" /><testcase classname="tests.acceptance.test_input_guards" name="test_a04_two_expenses_create_batch" time="0.540" /><testcase classname="tests.acceptance.test_input_guards" name="test_a05_incomplete_batch_stays_draft" time="0.486" /><testcase classname="tests.acceptance.test_input_guards" name="test_a21_long_voice_rejected_before_paid_processing" time="0.432" /><testcase classname="tests.acceptance.test_input_guards" name="test_a33_oversized_file_is_refused_safely" time="0.402" /><testcase classname="tests.acceptance.test_input_guards" name="test_voice_without_asr_keeps_draft_not_zero_expense" time="0.429" /><testcase classname="tests.acceptance.test_input_guards" name="test_photo_without_ai_degrades_to_manual" time="0.442" /><testcase classname="tests.acceptance.test_input_guards" name="test_no_budget_selected_blocks_recording" time="0.137" /><testcase classname="tests.acceptance.test_report_slices" name="test_a53_calendar_month_differs_from_budget_period" time="0.527" /><testcase classname="tests.acceptance.test_report_slices" name="test_a229_month_question_on_short_period_is_clarified" time="0.701" /><testcase classname="tests.acceptance.test_report_slices" name="test_a86_ai_free_answer_matches_snapshot" time="0.554" /><testcase classname="tests.acceptance.test_report_slices" name="test_a91_incomplete_history_gives_no_confident_permission" time="0.545" /><testcase classname="tests.acceptance.test_report_slices" name="test_spender_slice_requires_linked_profile" time="0.575" /><testcase classname="tests.acceptance.test_report_slices" name="test_a132_choosing_action_changes_nothing_financial" time="0.591" /><testcase classname="tests.acceptance.test_report_slices" name="test_a137_done_mark_does_not_claim_proven_savings" time="0.389" /><testcase classname="tests.acceptance.test_reviews_flow" name="test_weekly_review_available_by_command_and_button" time="0.563" /><testcase classname="tests.acceptance.test_reviews_flow" name="test_period_summary_and_next_plan" time="0.536" /><testcase classname="tests.acceptance.test_reviews_flow" name="test_plan_command_keeps_income_and_balance_separate" time="0.470" /><testcase classname="tests.acceptance.test_reviews_flow" name="test_help_lists_review_commands" time="0.399" /><testcase classname="tests.acceptance.test_settings_and_rules" name="test_personal_settings_open_and_toggle" time="0.488" /><testcase classname="tests.acceptance.test_settings_and_rules" name="test_personal_settings_do_not_affect_other_member" time="0.587" /><testcase classname="tests.acceptance.test_settings_and_rules" name="test_input_preferences_toggle" time="0.451" /><testcase classname="tests.acceptance.test_settings_and_rules" name="test_quiet_hours_preset" time="0.473" /><testcase classname="tests.acceptance.test_settings_and_rules" name="test_category_correction_offers_rule" time="0.701" /><testcase classname="tests.acceptance.test_settings_and_rules" name="test_rule_can_be_removed" time="0.700" /><testcase classname="tests.acceptance.test_settings_and_rules" name="test_account_deletion_blocked_for_admin" time="0.398" /><testcase classname="tests.acceptance.test_settings_and_rules" name="test_account_deletion_for_plain_member" time="0.692" /><testcase classname="tests.acceptance.test_start_menu" name="test_fr05_new_user_sees_two_paths" time="0.120" /><testcase classname="tests.acceptance.test_start_menu" name="test_fr05_unfinished_setup_can_be_resumed" time="0.173" /><testcase classname="tests.acceptance.test_start_menu" name="test_fr05_repeat_start_does_not_duplicate_budget" time="0.487" /><testcase classname="tests.acceptance.test_voice_and_receipts" name="test_a20_audio_without_speech_keeps_problem_state" time="0.491" /><testcase classname="tests.acceptance.test_voice_and_receipts" name="test_voice_without_configured_asr_keeps_material" time="0.460" /><testcase classname="tests.acceptance.test_voice_and_receipts" name="test_a21_long_audio_is_refused_before_paid_call" time="0.588" /><testcase classname="tests.acceptance.test_voice_and_receipts" name="test_a31_photo_without_ai_key_keeps_draft" time="0.412" /><testcase classname="tests.acceptance.test_voice_and_receipts" name="test_a18_clear_voice_gives_correct_card" time="0.464" /><testcase classname="tests.acceptance.test_voice_and_receipts" name="test_a19_ambiguous_voice_amount_asks_once" time="0.459" /><testcase classname="tests.acceptance.test_voice_and_receipts" name="test_a182_voice_note_is_kept_for_correction" time="0.565" /><testcase classname="tests.acceptance.test_voice_and_receipts" name="test_a28_album_of_one_receipt_is_single_package" time="0.472" /><testcase classname="tests.acceptance.test_voice_and_receipts" name="test_a183_receipt_caption_is_linked_to_operation" time="0.449" /><testcase classname="tests.integration.test_ai_contract" name="test_profile_is_fixed_by_adr17" time="0.003" /><testcase classname="tests.integration.test_ai_contract" name="test_profile_substitution_is_rejected[FINTRACKER_AI__MODEL-gpt-4o]" time="0.006" /><testcase classname="tests.integration.test_ai_contract" name="test_profile_substitution_is_rejected[FINTRACKER_AI__REASONING_EFFORT-high]" time="0.005" /><testcase classname="tests.integration.test_ai_contract" name="test_profile_substitution_is_rejected[FINTRACKER_AI__SERVICE_TIER-flex]" time="0.007" /><testcase classname="tests.integration.test_ai_contract" name="test_profile_substitution_is_rejected[FINTRACKER_AI__BASE_URL-https://openrouter.ai/api/v1]" time="0.007" /><testcase classname="tests.integration.test_ai_contract" name="test_a16_unknown_category_id_is_rejected" time="0.153" /><testcase classname="tests.integration.test_ai_contract" name="test_server_resolves_date_and_money" time="0.160" /><testcase classname="tests.integration.test_ai_contract" name="test_extra_fields_and_bad_types_are_rejected" time="0.004" /><testcase classname="tests.integration.test_ai_contract" name="test_a102_invalid_schema_retries_once_then_keeps_draft" time="0.251" /><testcase classname="tests.integration.test_ai_contract" name="test_parse_attempt_records_full_profile" time="0.239" /><testcase classname="tests.integration.test_ai_contract" name="test_ai09_instruction_in_data_is_not_executed" time="0.220" /><testcase classname="tests.integration.test_ai_contract" name="test_ar29_quota_reservation_and_settlement" time="0.141" /><testcase classname="tests.integration.test_ai_contract" name="test_ar29_unknown_cost_stays_reserved" time="0.130" /><testcase classname="tests.integration.test_ai_contract" name="test_a103_quota_exhausted_blocks_only_ai" time="0.126" /><testcase classname="tests.integration.test_ai_contract" name="test_reasoning_tokens_are_not_double_charged" time="0.005" /><testcase classname="tests.integration.test_ai_contract" name="test_upper_bound_uses_max_output" time="0.004" /><testcase classname="tests.integration.test_ai_contract" name="test_provider_unavailable_is_retryable" time="0.209" /><testcase classname="tests.integration.test_ai_contract" name="test_ar36_error_stages_are_separated" time="0.257" /><testcase classname="tests.integration.test_ai_contract" name="test_ai07_model_proposes_but_does_not_change_plan" time="0.293" /><testcase classname="tests.integration.test_ar_money_sequences" name="test_ar16_random_sequences_keep_invariants[11]" time="0.287" /><testcase classname="tests.integration.test_ar_money_sequences" name="test_ar16_random_sequences_keep_invariants[29]" time="0.282" /><testcase classname="tests.integration.test_ar_money_sequences" name="test_ar16_random_sequences_keep_invariants[47]" time="0.254" /><testcase classname="tests.integration.test_ar_money_sequences" name="test_ar16_random_sequences_keep_invariants[101]" time="0.268" /><testcase classname="tests.integration.test_ar_money_sequences" name="test_ar16_untracked_legs_do_not_create_balance" time="0.175" /><testcase classname="tests.integration.test_architecture_review" name="test_ar01_same_update_hundred_times" time="0.888" /><testcase classname="tests.integration.test_architecture_review" name="test_ar01_concurrent_delivery_is_accepted_once" time="0.165" /><testcase classname="tests.integration.test_architecture_review" name="test_ar02_no_state_before_commit_and_no_second_job_after" time="0.128" /><testcase classname="tests.integration.test_architecture_review" name="test_ar03_outbox_survives_worker_crash" time="0.192" /><testcase classname="tests.integration.test_architecture_review" name="test_ar14_old_generation_does_not_revive" time="0.174" /><testcase classname="tests.integration.test_architecture_review" name="test_ar13_private_material_is_not_shared" time="0.184" /><testcase classname="tests.integration.test_architecture_review" name="test_ar13_review_gets_only_allowed_counter" time="0.182" /><testcase classname="tests.integration.test_architecture_review" name="test_ar27_failed_deletion_is_retried" time="0.168" /><testcase classname="tests.integration.test_architecture_review" name="test_ar27_stale_staging_is_cleaned" time="0.169" /><testcase classname="tests.integration.test_architecture_review" name="test_ar26_report_snapshot_is_versioned" time="0.206" /><testcase classname="tests.integration.test_architecture_review" name="test_ar25_manual_accounting_works_without_plan_and_ai" time="0.166" /><testcase classname="tests.integration.test_architecture_review" name="test_ar21_reference_account_has_no_invented_balance" time="0.189" /><testcase classname="tests.integration.test_architecture_review" name="test_ar22_partial_settlement_keeps_single_remainder" time="0.216" /><testcase classname="tests.integration.test_architecture_review" name="test_ar18_goal_reserve_changes_only_by_chosen_action" time="0.234" /><testcase classname="tests.integration.test_architecture_review" name="test_ar35_unknown_job_payload_is_rejected_explicitly" time="0.158" /><testcase classname="tests.integration.test_audit_access_money" name="test_aud05_bad_delete_confirmation_does_not_fence_budget" time="0.206" /><testcase classname="tests.integration.test_audit_access_money" name="test_aud06_completed_revoke_survives_restored_old_acl" time="0.433" /><testcase classname="tests.integration.test_audit_access_money" name="test_aud09_void_refund_restores_refundable_amount" time="0.211" /><testcase classname="tests.integration.test_audit_access_money" name="test_aud15_deleted_budget_is_purged_after_deadline" time="0.322" /><testcase classname="tests.integration.test_audit_access_money" name="test_aud18_quarantined_budget_hides_financial_history" time="0.204" /><testcase classname="tests.integration.test_audit_regressions" name="test_aud01_worker_routes_accepted_start" time="0.301" /><testcase classname="tests.integration.test_audit_regressions" name="test_aud01_scheduler_discovers_active_budgets" time="0.201" /><testcase classname="tests.integration.test_audit_regressions" name="test_aud01_retention_clears_expired_private_draft" time="0.197" /><testcase classname="tests.integration.test_audit_regressions" name="test_aud02_retry_after_commit_does_not_duplicate" time="0.415" /><testcase classname="tests.integration.test_audit_regressions" name="test_aud03_stale_lease_cannot_post" time="0.234" /><testcase classname="tests.integration.test_audit_regressions" name="test_aud03_expired_lease_is_invalid" time="0.235" /><testcase classname="tests.integration.test_audit_regressions" name="test_aud04_removed_member_cannot_finish_inflight_write" time="0.241" /><testcase classname="tests.integration.test_audit_regressions" name="test_aud07_slow_model_does_not_break_transaction" time="11.377" /><testcase classname="tests.integration.test_audit_regressions" name="test_aud08_transfer_is_not_converted_into_expense" time="0.215" /><testcase classname="tests.integration.test_audit_regressions" name="test_aud10_multiple_edits_are_accepted" time="0.211" /><testcase classname="tests.integration.test_audit_regressions" name="test_aud11_failed_reply_remains_retryable" time="0.314" /><testcase classname="tests.integration.test_audit_regressions" name="test_aud12_group_message_does_not_disclose_budgets" time="0.229" /><testcase classname="tests.integration.test_audit_regressions" name="test_aud13_import_export_buttons_are_wired[exp:xlsx]" time="0.337" /><testcase classname="tests.integration.test_audit_regressions" name="test_aud13_import_export_buttons_are_wired[exp:csv]" time="0.202" /><testcase classname="tests.integration.test_audit_regressions" name="test_aud13_import_export_buttons_are_wired[imp:start]" time="0.209" /><testcase classname="tests.integration.test_audit_regressions" name="test_aud16_invite_secret_is_not_retained_in_job" time="0.203" /><testcase classname="tests.integration.test_budget_math" name="test_b1_remaining_and_future_payment" time="0.230" /><testcase classname="tests.integration.test_budget_math" name="test_b2_zero_and_unset_limit" time="0.215" /><testcase classname="tests.integration.test_budget_math" name="test_b2_negative_rollover_shows_deficit" time="0.182" /><testcase classname="tests.integration.test_budget_math" name="test_b3_group_and_beneficiaries_counted_once" time="0.168" /><testcase classname="tests.integration.test_budget_math" name="test_b4_baseline_versus_working_plan" time="0.164" /><testcase classname="tests.integration.test_budget_math" name="test_b5_positive_rollover" time="0.199" /><testcase classname="tests.integration.test_budget_math" name="test_b5_incomplete_period_rollover_is_proposal" time="0.191" /><testcase classname="tests.integration.test_budget_math" name="test_b6_fund_contribution_rounding" time="0.004" /><testcase classname="tests.integration.test_budget_math" name="test_b6_fund_usage_is_not_double_reserved" time="0.206" /><testcase classname="tests.integration.test_budget_math" name="test_b10_negative_net_spending" time="0.246" /><testcase classname="tests.integration.test_category_lifecycle" name="test_a113_new_category_without_limit_is_available" time="0.189" /><testcase classname="tests.integration.test_category_lifecycle" name="test_a114_repeated_create_gives_one_category" time="0.169" /><testcase classname="tests.integration.test_category_lifecycle" name="test_a116_rename_keeps_identity_and_sums" time="0.195" /><testcase classname="tests.integration.test_category_lifecycle" name="test_a117_a119_delete_and_restore" time="0.211" /><testcase classname="tests.integration.test_category_lifecycle" name="test_a121_group_removal_shows_branch" time="0.167" /><testcase classname="tests.integration.test_category_lifecycle" name="test_a122_merge_keeps_total_spending" time="0.462" /><testcase classname="tests.integration.test_category_lifecycle" name="test_a123_archived_category_blocks_posting" time="0.164" /><testcase classname="tests.integration.test_category_lifecycle" name="test_a124_correction_changes_linked_record" time="0.217" /><testcase classname="tests.integration.test_category_lifecycle" name="test_a127_void_and_restore_without_fake_refund" time="0.216" /><testcase classname="tests.integration.test_category_lifecycle" name="test_a125_ambiguous_correction_offers_choice" time="0.220" /><testcase classname="tests.integration.test_category_lifecycle" name="test_a76_unknown_beneficiary_is_not_invented" time="0.184" /><testcase classname="tests.integration.test_collaboration_scenarios" name="test_a164_concurrent_edit_gives_one_revision" time="0.191" /><testcase classname="tests.integration.test_collaboration_scenarios" name="test_a187_concurrent_note_edit_keeps_first_text" time="0.307" /><testcase classname="tests.integration.test_collaboration_scenarios" name="test_a192_note_does_not_silently_change_spender" time="0.273" /><testcase classname="tests.integration.test_collaboration_scenarios" name="test_a198_instruction_in_note_stays_data" time="0.187" /><testcase classname="tests.integration.test_collaboration_scenarios" name="test_a230_export_covers_multi_month_period" time="0.198" /><testcase classname="tests.integration.test_collaboration_scenarios" name="test_a92_goal_change_recalculates_funding" time="0.174" /><testcase classname="tests.integration.test_commitments" name="test_monthly_rule_uses_last_existing_day" time="0.004" /><testcase classname="tests.integration.test_commitments" name="test_weekly_and_yearly_rules" time="0.003" /><testcase classname="tests.integration.test_commitments" name="test_a227_monthly_payment_not_duplicated_by_weekly_budget" time="0.167" /><testcase classname="tests.integration.test_commitments" name="test_r04_partial_payment_keeps_overdue_remainder_once" time="0.207" /><testcase classname="tests.integration.test_commitments" name="test_overpayment_requires_explicit_decision" time="0.166" /><testcase classname="tests.integration.test_commitments" name="test_repeated_settlement_event_is_idempotent" time="0.176" /><testcase classname="tests.integration.test_commitments" name="test_skip_does_not_create_income" time="0.181" /><testcase classname="tests.integration.test_concurrency" name="test_ar07_a98_concurrent_edits_conflict_without_overwrite" time="0.214" /><testcase classname="tests.integration.test_concurrency" name="test_ar09_a154_last_invite_use_goes_to_one_of_two" time="0.251" /><testcase classname="tests.integration.test_concurrency" name="test_ar10_a173_two_admin_transfers_keep_single_admin" time="0.177" /><testcase classname="tests.integration.test_concurrency" name="test_a99_same_idempotency_key_other_payload_conflicts" time="0.171" /><testcase classname="tests.integration.test_concurrency" name="test_ar08_revoked_access_blocks_posting" time="0.255" /><testcase classname="tests.integration.test_context_filters" name="test_a181_author_spender_beneficiary_are_independent" time="0.193" /><testcase classname="tests.integration.test_context_filters" name="test_a185_note_change_does_not_touch_money" time="0.211" /><testcase classname="tests.integration.test_context_filters" name="test_note_length_limit_is_not_silently_truncated" time="0.188" /><testcase classname="tests.integration.test_context_filters" name="test_a189_person_profile_does_not_create_membership" time="0.177" /><testcase classname="tests.integration.test_context_filters" name="test_a191_ambiguous_alias_requires_clarification" time="0.166" /><testcase classname="tests.integration.test_context_filters" name="test_a193_ar19_combined_filters_do_not_multiply_sums" time="0.210" /><testcase classname="tests.integration.test_context_filters" name="test_a195_text_search_and_person_filter_differ" time="0.206" /><testcase classname="tests.integration.test_context_filters" name="test_a194_unknown_spender_is_not_attributed" time="0.197" /><testcase classname="tests.integration.test_context_filters" name="test_note_search_is_case_insensitive_and_escapes_wildcards" time="0.206" /><testcase classname="tests.integration.test_context_filters" name="test_has_note_filters" time="0.206" /><testcase classname="tests.integration.test_coverage" name="test_fr71_reconciliation_shows_difference" time="0.192" /><testcase classname="tests.integration.test_coverage" name="test_rv05_matching_balance_does_not_prove_completeness" time="0.162" /><testcase classname="tests.integration.test_coverage" name="test_reconciliation_adjustment_is_not_income" time="0.164" /><testcase classname="tests.integration.test_coverage" name="test_reference_account_cannot_be_reconciled" time="0.156" /><testcase classname="tests.integration.test_coverage" name="test_ar20_money_change_marks_reconciliation_stale_note_does_not" time="0.210" /><testcase classname="tests.integration.test_coverage" name="test_fr69_personal_confirmation_does_not_close_whole_period" time="0.173" /><testcase classname="tests.integration.test_coverage" name="test_r02_quality_check_lists_open_items" time="0.188" /><testcase classname="tests.integration.test_coverage" name="test_a83_a84_aggregate_replacement_requires_matching_sum" time="0.486" /><testcase classname="tests.integration.test_deep_audit" name="test_audit_ai_enabled_text_can_finish" time="0.293" /><testcase classname="tests.integration.test_deep_audit" name="test_audit_restart_after_post_does_not_duplicate" time="0.459" /><testcase classname="tests.integration.test_deep_audit" name="test_audit_stale_lease_cannot_post" time="0.248" /><testcase classname="tests.integration.test_deep_audit" name="test_audit_failed_immediate_reply_remains_retryable" time="0.290" /><testcase classname="tests.integration.test_deep_audit" name="test_audit_group_message_does_not_disclose_private_budgets" time="0.230" /><testcase classname="tests.integration.test_deep_audit" name="test_audit_multiple_edits_are_accepted" time="0.225" /><testcase classname="tests.integration.test_deep_audit" name="test_audit_transfer_is_not_converted_into_expense" time="0.213" /><testcase classname="tests.integration.test_deep_audit" name="test_audit_export_import_buttons_are_wired[exp:xlsx]" time="0.221" /><testcase classname="tests.integration.test_deep_audit" name="test_audit_export_import_buttons_are_wired[exp:csv]" time="0.187" /><testcase classname="tests.integration.test_deep_audit" name="test_audit_export_import_buttons_are_wired[imp:start]" time="0.215" /><testcase classname="tests.integration.test_deep_audit" name="test_audit_expired_lease_is_invalid_without_reclaim" time="0.236" /><testcase classname="tests.integration.test_delivery" name="test_a95_duplicate_update_accepted_once" time="0.303" /><testcase classname="tests.integration.test_delivery" name="test_invite_secret_never_stored_in_payload" time="0.145" /><testcase classname="tests.integration.test_delivery" name="test_a158_one_event_creates_personal_deliveries" time="0.216" /><testcase classname="tests.integration.test_delivery" name="test_a159_failed_delivery_does_not_block_others" time="0.373" /><testcase classname="tests.integration.test_delivery" name="test_a66_blocked_recipient_stops_only_own_delivery" time="0.412" /><testcase classname="tests.integration.test_delivery" name="test_a100_unknown_send_result_keeps_record" time="0.359" /><testcase classname="tests.integration.test_delivery" name="test_a64_daily_quota_limits_proactive_messages" time="0.166" /><testcase classname="tests.integration.test_delivery" name="test_ar04_expired_lease_result_is_rejected" time="0.141" /><testcase classname="tests.integration.test_goal_and_import_semantics" name="test_a39_goal_allocation_is_not_an_expense" time="0.170" /><testcase classname="tests.integration.test_goal_and_import_semantics" name="test_a40_transfer_with_goal_is_single_contribution" time="0.190" /><testcase classname="tests.integration.test_goal_and_import_semantics" name="test_a87_zero_previous_period_has_no_percent" time="0.004" /><testcase classname="tests.integration.test_goal_and_import_semantics" name="test_a88_partial_period_comparison_is_marked" time="0.003" /><testcase classname="tests.integration.test_goal_and_import_semantics" name="test_a71_a75_source_mapping_is_by_meaning" time="0.101" /><testcase classname="tests.integration.test_goal_and_import_semantics" name="test_a78_savings_row_is_not_consumption" time="0.103" /><testcase classname="tests.integration.test_goal_and_import_semantics" name="test_a148_deficit_requires_explicit_confirmation" time="0.093" /><testcase classname="tests.integration.test_goal_and_import_semantics" name="test_a217_monthly_income_is_not_copied_to_short_period" time="0.160" /><testcase classname="tests.integration.test_goal_and_import_semantics" name="test_a190_beneficiary_without_spender" time="0.170" /><testcase classname="tests.integration.test_handover" name="test_ops06_handover_kit_is_complete" time="0.004" /><testcase classname="tests.integration.test_import_export" name="test_a68_sheet_title_gives_period_bounds" time="0.002" /><testcase classname="tests.integration.test_import_export" name="test_a69_a74_a82_real_source_reconciles_to_kopeck" time="0.109" /><testcase classname="tests.integration.test_import_export" name="test_a73_formula_is_preserved_as_text" time="0.103" /><testcase classname="tests.integration.test_import_export" name="test_a72_daily_cell_becomes_single_aggregate" time="0.226" /><testcase classname="tests.integration.test_import_export" name="test_a79_repeated_snapshot_adds_nothing" time="0.226" /><testcase classname="tests.integration.test_import_export" name="test_a81_preview_alone_changes_nothing" time="0.176" /><testcase classname="tests.integration.test_import_export" name="test_a82_unbalanced_import_is_blocked" time="0.153" /><testcase classname="tests.integration.test_import_export" name="test_a77_historic_debt_keeps_unknown_meaning" time="0.230" /><testcase classname="tests.integration.test_import_export" name="test_import_revert_uses_ledger" time="0.293" /><testcase classname="tests.integration.test_import_export" name="test_a63_import_batch_limit" time="0.174" /><testcase classname="tests.integration.test_import_export" name="test_a108_formula_text_is_escaped" time="0.002" /><testcase classname="tests.integration.test_import_export" name="test_a200_export_preserves_note_and_roles" time="0.192" /><testcase classname="tests.integration.test_import_export" name="test_export_matrix_is_not_limited_to_31_columns" time="0.201" /><testcase classname="tests.integration.test_import_scenarios" name="test_a70_same_row_number_does_not_merge_categories" time="0.099" /><testcase classname="tests.integration.test_import_scenarios" name="test_a80_changed_cell_creates_revision_not_sum" time="0.204" /><testcase classname="tests.integration.test_import_scenarios" name="test_a196_import_does_not_invent_spender" time="0.172" /><testcase classname="tests.integration.test_import_scenarios" name="test_a37_refund_in_next_period_reduces_current_line" time="0.218" /><testcase classname="tests.integration.test_import_scenarios" name="test_a85_group_total_equals_sum_of_operations" time="0.457" /><testcase classname="tests.integration.test_import_scenarios" name="test_a89_average_check_is_refused_on_aggregates" time="0.168" /><testcase classname="tests.integration.test_import_scenarios" name="test_a90_category_contribution_without_causality" time="0.200" /><testcase classname="tests.integration.test_journal_filters" name="test_journal_filters_by_category_and_account" time="0.206" /><testcase classname="tests.integration.test_journal_filters" name="test_journal_filters_by_note_and_presence" time="0.206" /><testcase classname="tests.integration.test_journal_filters" name="test_journal_excludes_voided_until_asked" time="0.203" /><testcase classname="tests.integration.test_journal_filters" name="test_journal_filters_by_type_and_origin" time="0.214" /><testcase classname="tests.integration.test_journal_filters" name="test_journal_sort_by_added_differs_from_occurred" time="0.188" /><testcase classname="tests.integration.test_journal_filters" name="test_journal_pages_without_losing_rows" time="0.249" /><testcase classname="tests.integration.test_journal_filters" name="test_journal_period_bounds_are_half_open" time="0.187" /><testcase classname="tests.integration.test_money_scenarios" name="test_a34_transfer_between_own_accounts" time="0.188" /><testcase classname="tests.integration.test_money_scenarios" name="test_a35_withdrawal_then_cash_purchase" time="0.187" /><testcase classname="tests.integration.test_money_scenarios" name="test_a36_partial_refund_reduces_net_spending" time="0.203" /><testcase classname="tests.integration.test_money_scenarios" name="test_a38_second_refund_cannot_exceed_purchase" time="0.200" /><testcase classname="tests.integration.test_money_scenarios" name="test_a41_a42_mixed_payment_and_settlement" time="0.216" /><testcase classname="tests.integration.test_money_scenarios" name="test_a45_a46_ar15_revision_sequence" time="0.263" /><testcase classname="tests.integration.test_money_scenarios" name="test_a45_correction_blocked_by_linked_refund" time="0.199" /><testcase classname="tests.integration.test_money_scenarios" name="test_a47_date_change_moves_between_periods" time="0.220" /><testcase classname="tests.integration.test_ops_scenarios" name="test_a96_transaction_survives_worker_crash_after_commit" time="0.456" /><testcase classname="tests.integration.test_ops_scenarios" name="test_a97_failure_before_commit_leaves_no_partial_state" time="0.176" /><testcase classname="tests.integration.test_ops_scenarios" name="test_a101_rate_limit_retry_respects_delay" time="0.152" /><testcase classname="tests.integration.test_ops_scenarios" name="test_a110_deleted_workspace_is_not_restored_into_access" time="0.172" /><testcase classname="tests.integration.test_ops_scenarios" name="test_a111_restore_evidence_is_recorded" time="0.004" /><testcase classname="tests.integration.test_ops_scenarios" name="test_a112_logs_do_not_contain_secrets" time="0.133" /><testcase classname="tests.integration.test_period_automation" name="test_a212_period_opens_without_ai_and_keeps_identity" time="0.156" /><testcase classname="tests.integration.test_period_automation" name="test_a213_concurrent_open_creates_single_period" time="0.207" /><testcase classname="tests.integration.test_period_automation" name="test_a214_recovery_after_missed_boundaries" time="0.163" /><testcase classname="tests.integration.test_period_automation" name="test_a215_late_processing_keeps_purchase_in_its_period" time="0.217" /><testcase classname="tests.integration.test_period_automation" name="test_a218_template_copies_limits_not_facts" time="0.202" /><testcase classname="tests.integration.test_period_automation" name="test_a221_disabled_template_gives_unapproved_draft" time="0.207" /><testcase classname="tests.integration.test_period_automation" name="test_approved_plan_is_not_overwritten_by_template" time="0.172" /><testcase classname="tests.integration.test_period_automation" name="test_a214_template_version_of_boundary_is_used" time="0.158" /><testcase classname="tests.integration.test_period_automation" name="test_a223_future_start_blocks_today_purchase" time="0.163" /><testcase classname="tests.integration.test_period_automation" name="test_a226_policy_change_keeps_single_sequence" time="0.166" /><testcase classname="tests.integration.test_plan_review" name="test_form10_lead_days_by_period_length" time="0.003" /><testcase classname="tests.integration.test_plan_review" name="test_form10_review_date_stays_inside_period" time="0.004" /><testcase classname="tests.integration.test_plan_review" name="test_form05_contribution_is_rounded_up" time="0.004" /><testcase classname="tests.integration.test_plan_review" name="test_a228_single_day_period_has_no_separate_review_job" time="0.184" /><testcase classname="tests.integration.test_plan_scenarios" name="test_a67_plan_is_anchored_to_period_start" time="0.167" /><testcase classname="tests.integration.test_plan_scenarios" name="test_a145_income_estimate_keeps_its_precision" time="0.170" /><testcase classname="tests.integration.test_plan_scenarios" name="test_a146_detailed_sources_do_not_double_income" time="0.177" /><testcase classname="tests.integration.test_plan_scenarios" name="test_a147_limit_is_not_a_purchase" time="0.194" /><testcase classname="tests.integration.test_plan_scenarios" name="test_a216_income_belongs_to_its_period" time="0.179" /><testcase classname="tests.integration.test_plan_scenarios" name="test_a219_period_change_does_not_touch_template" time="0.185" /><testcase classname="tests.integration.test_plan_scenarios" name="test_a225_member_cannot_change_template" time="0.170" /><testcase classname="tests.integration.test_plan_scenarios" name="test_a220_rollover_does_not_change_template_limit" time="0.181" /><testcase classname="tests.integration.test_plan_scenarios" name="test_a222_deficit_marks_plan_for_review" time="0.182" /><testcase classname="tests.integration.test_qa_integrations" name="test_qa02_webhook_repeat_and_edit_are_separate" time="0.156" /><testcase classname="tests.integration.test_qa_integrations" name="test_qa02_worker_restart_keeps_single_job" time="0.168" /><testcase classname="tests.integration.test_qa_integrations" name="test_qa02_corrupted_image_is_rejected_before_paid_call" time="0.184" /><testcase classname="tests.integration.test_qa_integrations" name="test_qa02_export_repeat_is_stable" time="0.197" /><testcase classname="tests.integration.test_qa_integrations" name="test_nfr12_export_available_to_every_member" time="0.173" /><testcase classname="tests.integration.test_receipts_and_voice" name="test_a22_mixed_receipt_splits_into_two_allocations" time="0.004" /><testcase classname="tests.integration.test_receipts_and_voice" name="test_a23_cash_and_change_do_not_replace_total" time="0.004" /><testcase classname="tests.integration.test_receipts_and_voice" name="test_a24_mismatch_blocks_autopost_without_invented_line" time="0.004" /><testcase classname="tests.integration.test_receipts_and_voice" name="test_a25_unreadable_lines_offer_total_with_incomplete_detail" time="0.003" /><testcase classname="tests.integration.test_receipts_and_voice" name="test_a26_included_vat_is_not_added_twice" time="0.004" /><testcase classname="tests.integration.test_receipts_and_voice" name="test_a27_one_kopeck_discount_distributes_deterministically" time="0.004" /><testcase classname="tests.integration.test_receipts_and_voice" name="test_tip_is_added_to_total_not_to_lines" time="0.003" /><testcase classname="tests.integration.test_receipts_and_voice" name="test_reconcile_only_within_tolerance" time="0.004" /><testcase classname="tests.integration.test_receipts_and_voice" name="test_a29_bank_screenshot_balance_is_not_a_transaction" time="0.003" /><testcase classname="tests.integration.test_receipts_and_voice" name="test_a30_cart_requires_payment_confirmation" time="0.003" /><testcase classname="tests.integration.test_receipts_and_voice" name="test_a32_instruction_inside_receipt_is_data" time="0.003" /><testcase classname="tests.integration.test_receipts_and_voice" name="test_receipt_schema_rejects_extra_fields" time="0.002" /><testcase classname="tests.integration.test_recheck_regressions" name="test_lease_lost_during_command_cannot_commit" time="0.322" /><testcase classname="tests.integration.test_recheck_regressions" name="test_expired_lease_cannot_be_renewed" time="0.213" /><testcase classname="tests.integration.test_recheck_regressions" name="test_same_event_concurrently_creates_one_expense" time="0.319" /><testcase classname="tests.integration.test_recheck_regressions" name="test_edited_message_does_not_add_second_expense" time="0.413" /><testcase classname="tests.integration.test_recheck_regressions" name="test_restored_refund_counts_in_remaining_limit" time="0.211" /><testcase classname="tests.integration.test_recheck_regressions" name="test_restoring_old_refund_cannot_exceed_purchase" time="0.535" /><testcase classname="tests.integration.test_recheck_regressions" name="test_deferred_reply_is_not_sent_after_member_removal" time="0.378" /><testcase classname="tests.integration.test_recheck_regressions" name="test_prepared_reply_text_is_not_in_global_job" time="0.292" /><testcase classname="tests.integration.test_recheck_regressions" name="test_new_budget_has_default_weekly_analysis" time="0.175" /><testcase classname="tests.integration.test_recheck_regressions" name="test_background_slow_ai_does_not_break_transaction" time="11.326" /><testcase classname="tests.integration.test_recheck_regressions" name="test_xlsx_message_reaches_import_handler" time="0.215" /><testcase classname="tests.integration.test_recheck_regressions" name="test_runtime_retention_deletes_expired_receipt" time="0.192" /><testcase classname="tests.integration.test_recheck_regressions" name="test_budget_purge_also_removes_receipts" time="0.305" /><testcase classname="tests.integration.test_recheck_regressions" name="test_restore_replays_deleted_workspace_state" time="0.252" /><testcase classname="tests.integration.test_recheck_regressions" name="test_rejected_security_change_does_not_leave_fence" time="0.223" /><testcase classname="tests.integration.test_recheck_regressions" name="test_invite_expiring_after_preview_does_not_fence_budget" time="0.245" /><testcase classname="tests.integration.test_recommendations" name="test_a128_repeated_task_creates_one_run" time="0.295" /><testcase classname="tests.integration.test_recommendations" name="test_a129_no_new_data_does_not_repeat_advice" time="0.295" /><testcase classname="tests.integration.test_recommendations" name="test_a130_incomplete_history_blocks_recommendations" time="0.239" /><testcase classname="tests.integration.test_recommendations" name="test_a138_generation_failure_gives_numeric_summary" time="0.261" /><testcase classname="tests.integration.test_recommendations" name="test_a93_no_ai_key_keeps_report" time="0.220" /><testcase classname="tests.integration.test_recommendations" name="test_ai08_card_without_metric_reference_is_rejected" time="0.184" /><testcase classname="tests.integration.test_recommendations" name="test_ai08_unknown_metric_and_missing_formula_rejected" time="0.185" /><testcase classname="tests.integration.test_recommendations" name="test_a94_protected_line_is_not_offered_for_cut" time="0.197" /><testcase classname="tests.integration.test_recommendations" name="test_a135_alternatives_share_group" time="0.193" /><testcase classname="tests.integration.test_recommendations" name="test_a136_unknown_price_gives_card_without_effect" time="0.204" /><testcase classname="tests.integration.test_recommendations" name="test_a133_correction_marks_recommendation_stale" time="0.312" /><testcase classname="tests.integration.test_recommendations" name="test_a134_muted_direction_is_not_offered" time="0.185" /><testcase classname="tests.integration.test_recommendations" name="test_fallback_summary_marks_incomplete_coverage" time="0.005" /><testcase classname="tests.integration.test_recommendations" name="test_a131_alternative_effect_names_conditions_and_horizon" time="0.280" /><testcase classname="tests.integration.test_recommendations" name="test_a140_unknown_subscription_is_not_claimed_detected" time="0.214" /><testcase classname="tests.integration.test_recommendations" name="test_a179_one_run_gives_independent_deliveries" time="0.293" /><testcase classname="tests.integration.test_release_and_runtime" name="test_adr01_single_artifact_runs_all_roles" time="0.304" /><testcase classname="tests.integration.test_release_and_runtime" name="test_ops02_readiness_is_separate_from_liveness" time="0.340" /><testcase classname="tests.integration.test_release_and_runtime" name="test_adr15_ops01_migrations_run_as_separate_step" time="0.093" /><testcase classname="tests.integration.test_release_and_runtime" name="test_ops04_job_payload_carries_schema_version" time="0.116" /><testcase classname="tests.integration.test_release_and_runtime" name="test_adr16_architecture_change_has_measured_basis" time="0.005" /><testcase classname="tests.integration.test_release_and_runtime" name="test_ops03_secrets_are_outside_repository" time="0.051" /><testcase classname="tests.integration.test_release_and_runtime" name="test_ops05_downgrade_and_upgrade_are_reversible" time="1.556" /><testcase classname="tests.integration.test_release_and_runtime" name="test_ops04_expected_revision_resolves_outside_repository" time="0.010" /><testcase classname="tests.integration.test_reminders" name="test_reminder_appears_only_within_lead_time" time="0.186" /><testcase classname="tests.integration.test_reminders" name="test_a61_settled_payment_is_not_reminded" time="0.166" /><testcase classname="tests.integration.test_reminders" name="test_reminder_text_marks_expectation_not_expense" time="0.192" /><testcase classname="tests.integration.test_reminders" name="test_reminders_are_not_duplicated_within_a_day" time="0.229" /><testcase classname="tests.integration.test_reminders" name="test_a62_author_card_is_immediate_summary_waits" time="0.210" /><testcase classname="tests.integration.test_reminders" name="test_a63_import_sends_one_summary" time="0.210" /><testcase classname="tests.integration.test_reminders" name="test_a139_coinciding_proactive_events_are_merged" time="0.240" /><testcase classname="tests.integration.test_reminders" name="test_a161_quiet_hours_are_personal_for_each_recipient" time="0.214" /><testcase classname="tests.integration.test_reminders" name="test_a160_disabled_family_keeps_shared_history" time="0.204" /><testcase classname="tests.integration.test_reminders" name="test_a149_boundary_creates_one_period_without_command" time="0.241" /><testcase classname="tests.integration.test_retention" name="test_ret08_raw_payload_is_deleted_after_term" time="0.146" /><testcase classname="tests.integration.test_retention" name="test_ret08_draft_sources_cleared_but_transaction_remains" time="0.179" /><testcase classname="tests.integration.test_retention" name="test_expired_draft_never_becomes_posted" time="0.169" /><testcase classname="tests.integration.test_retention" name="test_a109_attachment_removed_but_operation_remains" time="0.195" /><testcase classname="tests.integration.test_retention" name="test_ret10_staging_objects_cleaned_after_day" time="0.170" /><testcase classname="tests.integration.test_retention" name="test_ret07_export_file_expires" time="0.188" /><testcase classname="tests.integration.test_retention" name="test_stale_delivery_is_cancelled_not_retried_forever" time="0.172" /><testcase classname="tests.integration.test_reviews" name="test_early_risk_needs_enough_observed_days" time="0.004" /><testcase classname="tests.integration.test_reviews" name="test_early_risk_triggers_above_both_thresholds" time="0.004" /><testcase classname="tests.integration.test_reviews" name="test_early_risk_skips_unset_zero_and_protected_limits" time="0.004" /><testcase classname="tests.integration.test_reviews" name="test_early_risk_threshold_is_configurable" time="0.003" /><testcase classname="tests.integration.test_reviews" name="test_explain_changes_separates_count_and_average" time="0.240" /><testcase classname="tests.integration.test_reviews" name="test_explain_changes_without_counts_for_aggregates" time="0.576" /><testcase classname="tests.integration.test_reviews" name="test_weekly_review_has_required_sections" time="0.199" /><testcase classname="tests.integration.test_reviews" name="test_period_summary_does_not_call_leftovers_savings" time="0.193" /><testcase classname="tests.integration.test_reviews" name="test_period_summary_separates_income_and_other_flows" time="0.189" /><testcase classname="tests.integration.test_reviews" name="test_next_period_draft_shows_balance_apart_from_income" time="0.186" /><testcase classname="tests.integration.test_reviews" name="test_next_period_draft_reports_deficit" time="0.203" /><testcase classname="tests.integration.test_reviews" name="test_next_period_draft_without_income_basis" time="0.176" /><testcase classname="tests.integration.test_reviews" name="test_b8_fixed_expense_forecast_uses_commitments" time="0.005" /><testcase classname="tests.integration.test_rules_and_preferences" name="test_member_rule_beats_workspace_rule" time="0.176" /><testcase classname="tests.integration.test_rules_and_preferences" name="test_rule_beats_alias_and_alias_beats_nothing" time="0.157" /><testcase classname="tests.integration.test_rules_and_preferences" name="test_more_specific_rule_wins_inside_level" time="0.160" /><testcase classname="tests.integration.test_rules_and_preferences" name="test_equally_specific_conflict_is_refused" time="0.150" /><testcase classname="tests.integration.test_rules_and_preferences" name="test_learning_does_not_reclassify_past" time="0.184" /><testcase classname="tests.integration.test_rules_and_preferences" name="test_rule_for_archived_category_is_refused" time="0.179" /><testcase classname="tests.integration.test_rules_and_preferences" name="test_archived_rule_stops_matching" time="0.191" /><testcase classname="tests.integration.test_rules_and_preferences" name="test_notification_family_is_personal" time="0.165" /><testcase classname="tests.integration.test_rules_and_preferences" name="test_notification_family_validation_and_conflict" time="0.169" /><testcase classname="tests.integration.test_rules_and_preferences" name="test_quiet_hours_saved_in_personal_timezone" time="0.173" /><testcase classname="tests.integration.test_rules_and_preferences" name="test_input_preferences_are_per_member" time="0.178" /><testcase classname="tests.integration.test_rules_and_preferences" name="test_currency_change_refused_when_money_exists" time="0.174" /><testcase classname="tests.integration.test_rules_and_preferences" name="test_workspace_settings_require_admin" time="0.170" /><testcase classname="tests.integration.test_schema_constraints" name="test_postgres_is_version_17" time="0.107" /><testcase classname="tests.integration.test_schema_constraints" name="test_periods_cannot_overlap" time="0.123" /><testcase classname="tests.integration.test_schema_constraints" name="test_periods_of_different_workspaces_may_overlap" time="0.124" /><testcase classname="tests.integration.test_schema_constraints" name="test_only_one_active_admin" time="0.111" /><testcase classname="tests.integration.test_schema_constraints" name="test_active_workspace_requires_exactly_one_admin" time="0.107" /><testcase classname="tests.integration.test_schema_constraints" name="test_category_parent_must_be_same_workspace" time="0.114" /><testcase classname="tests.integration.test_schema_constraints" name="test_duplicate_active_category_name_rejected" time="0.113" /><testcase classname="tests.integration.test_schema_constraints" name="test_rls_isolates_workspaces" time="0.143" /><testcase classname="tests.integration.test_schema_constraints" name="test_rls_bootstrap_reveals_only_own_memberships" time="0.137" /><testcase classname="tests.integration.test_schema_constraints" name="test_runtime_role_cannot_update_account_entries" time="0.120" /><testcase classname="tests.integration.test_schema_constraints" name="test_runtime_role_is_not_superuser_and_not_bypassrls" time="0.118" /><testcase classname="tests.integration.test_security_change" name="test_ar31_unavailable_journal_stops_before_success" time="0.197" /><testcase classname="tests.integration.test_security_change" name="test_ar31_second_change_waits_for_fence" time="0.209" /><testcase classname="tests.integration.test_security_change" name="test_ar32_acl_revision_grows_with_applied_change" time="0.220" /><testcase classname="tests.integration.test_security_change" name="test_ar17_two_refunds_cannot_exceed_returnable" time="0.188" /><testcase classname="tests.integration.test_security_change" name="test_ar05_late_model_answer_does_not_override_manual_value" time="0.197" /><testcase classname="tests.integration.test_thresholds" name="test_a56_jump_from_70_to_105_gives_single_overspend" time="0.225" /><testcase classname="tests.integration.test_thresholds" name="test_a57_exact_limit_is_exhausted_not_overspent" time="0.194" /><testcase classname="tests.integration.test_thresholds" name="test_a58_repeated_evaluation_creates_no_duplicate" time="0.194" /><testcase classname="tests.integration.test_thresholds" name="test_a59_refund_then_growth_does_not_repeat_threshold" time="0.262" /><testcase classname="tests.integration.test_thresholds" name="test_a60_plan_change_keeps_threshold_history" time="0.202" /><testcase classname="tests.integration.test_thresholds" name="test_thresholds_skip_unset_and_zero_limits" time="0.237" /><testcase classname="tests.performance.test_performance" name="test_nfr06_report_on_large_journal" time="29.347" /><testcase classname="tests.performance.test_performance" name="test_nfr06_filtered_journal_on_large_volume" time="97.553" /><testcase classname="tests.performance.test_performance" name="test_nfr01_nfr07_intake_rate" time="30.585" /><testcase classname="tests.performance.test_performance" name="test_nfr08_concurrent_workspaces" time="7.642" /><testcase classname="tests.performance.test_performance" name="test_nfr02_nfr03_dialog_latency" time="2.001" /><testcase classname="tests.performance.test_performance" name="test_ar33_nfr10_restore_drill" time="2.551" /><testcase classname="tests.quality.test_extraction_accuracy" name="test_ai04_measured_accuracy_by_field" time="0.233" /><testcase classname="tests.quality.test_extraction_accuracy" name="test_ai04_guarded_inputs_are_not_recorded" time="0.179" /><testcase classname="tests.quality.test_extraction_accuracy" name="test_ai04_autopost_ignores_model_self_confidence" time="0.003" /><testcase classname="tests.unit.test_calendar" name="test_a201_first_period_and_preview" time="0.003" /><testcase classname="tests.unit.test_calendar" name="test_a202_monthly_cycle_10_to_9" time="0.002" /><testcase classname="tests.unit.test_calendar" name="test_a203_fixed_fourteen_days" time="0.002" /><testcase classname="tests.unit.test_calendar" name="test_a204_month_versus_thirty_days_diverge" time="0.002" /><testcase classname="tests.unit.test_calendar" name="test_a205_options_offered_without_silent_correction" time="0.002" /><testcase classname="tests.unit.test_calendar" name="test_a206_invalid_intervals_rejected" time="0.003" /><testcase classname="tests.unit.test_calendar" name="test_a207_single_day_period" time="0.002" /><testcase classname="tests.unit.test_calendar" name="test_a208_january_31_anchor_keeps_original_day" time="0.002" /><testcase classname="tests.unit.test_calendar" name="test_a209_leap_year_february_boundary" time="0.002" /><testcase classname="tests.unit.test_calendar" name="test_a210_quarterly_cycle" time="0.002" /><testcase classname="tests.unit.test_calendar" name="test_a211_fixed_week_across_dst_shift" time="0.006" /><testcase classname="tests.unit.test_calendar" name="test_a48_a49_period_boundary_at_local_midnight" time="0.002" /><testcase classname="tests.unit.test_calendar" name="test_a224_transition_period_on_calendar_change" time="0.002" /><testcase classname="tests.unit.test_calendar" name="test_transition_absent_when_boundary_matches" time="0.003" /><testcase classname="tests.unit.test_calendar" name="test_date_before_anchor_has_no_sequence" time="0.002" /><testcase classname="tests.unit.test_calendar" name="test_a52_month_clamp_does_not_drift" time="0.002" /><testcase classname="tests.unit.test_calendar" name="test_a51_timezone_change_keeps_confirmed_date" time="0.002" /><testcase classname="tests.unit.test_calendar" name="test_sequence_has_no_gaps_or_overlaps" time="0.234" /><testcase classname="tests.unit.test_calendar" name="test_every_date_belongs_to_exactly_one_period" time="0.129" /><testcase classname="tests.unit.test_money" name="test_rub_minor_units" time="0.001" /><testcase classname="tests.unit.test_money" name="test_zero_exponent_currency" time="0.002" /><testcase classname="tests.unit.test_money" name="test_float_is_rejected" time="0.001" /><testcase classname="tests.unit.test_money" name="test_currency_mismatch_blocked" time="0.002" /><testcase classname="tests.unit.test_money" name="test_unknown_currency_rejected" time="0.002" /><testcase classname="tests.unit.test_money" name="test_amount_limit" time="0.001" /><testcase classname="tests.unit.test_money" name="test_format_groups_digits" time="0.001" /><testcase classname="tests.unit.test_money" name="test_money_sum_of_empty_is_explicit_zero" time="0.001" /><testcase classname="tests.unit.test_money" name="test_allocate_one_kopeck_over_three_equal_items" time="0.001" /><testcase classname="tests.unit.test_money" name="test_allocate_proportional" time="0.001" /><testcase classname="tests.unit.test_money" name="test_allocate_negative_total_preserves_sum" time="0.001" /><testcase classname="tests.unit.test_money" name="test_allocation_preserves_total" time="0.185" /><testcase classname="tests.unit.test_money" name="test_sum_is_exact" time="0.056" /><testcase classname="tests.unit.test_parsing" name="test_a01_simple_amount" time="0.003" /><testcase classname="tests.unit.test_parsing" name="test_a07_two_items_by_price" time="0.004" /><testcase classname="tests.unit.test_parsing" name="test_a08_thousand_suffix" time="0.003" /><testcase classname="tests.unit.test_parsing" name="test_thousands_separated_by_spaces" time="0.003" /><testcase classname="tests.unit.test_parsing" name="test_ambiguous_dot_thousand_is_flagged" time="0.003" /><testcase classname="tests.unit.test_parsing" name="test_decimal_comma_is_not_ambiguous" time="0.004" /><testcase classname="tests.unit.test_parsing" name="test_a14_currency_is_not_guessed_from_letters" time="0.003" /><testcase classname="tests.unit.test_parsing" name="test_multiple_amounts_detected" time="0.003" /><testcase classname="tests.unit.test_parsing" name="test_a06_no_amount_found" time="0.003" /><testcase classname="tests.unit.test_parsing" name="test_arithmetic_is_limited_and_exact" time="0.003" /><testcase classname="tests.unit.test_parsing" name="test_arithmetic_rejects_code_and_overlong_input" time="0.002" /><testcase classname="tests.unit.test_parsing" name="test_a50_yesterday_is_relative_to_source_event" time="0.002" /><testcase classname="tests.unit.test_parsing" name="test_relative_and_explicit_dates" time="0.003" /><testcase classname="tests.unit.test_parsing" name="test_future_date_is_marked" time="0.003" /><testcase classname="tests.unit.test_parsing" name="test_invalid_date_returns_none" time="0.003" /><testcase classname="tests.unit.test_parsing" name="test_intent_guards[\u043a\u043e\u0444\u0435 250-record_transaction]" time="0.002" /><testcase classname="tests.unit.test_parsing" name="test_intent_guards[\u0415\u0441\u043b\u0438 \u0437\u0430\u0432\u0442\u0440\u0430 \u043f\u043e\u0442\u0440\u0430\u0447\u0443 3000 \u043d\u0430 \u0440\u0435\u0441\u0442\u043e\u0440\u0430\u043d, \u0441\u043a\u043e\u043b\u044c\u043a\u043e \u043e\u0441\u0442\u0430\u043d\u0435\u0442\u0441\u044f?-hypothetical]" time="0.003" /><testcase classname="tests.unit.test_parsing" name="test_intent_guards[\u0425\u043e\u0442\u0435\u043b \u043a\u0443\u043f\u0438\u0442\u044c \u0437\u0430 5000, \u043d\u043e \u043f\u0435\u0440\u0435\u0434\u0443\u043c\u0430\u043b-negated]" time="0.002" /><testcase classname="tests.unit.test_parsing" name="test_intent_guards[\u0421\u043a\u043e\u043b\u044c\u043a\u043e \u044f \u043f\u043e\u0442\u0440\u0430\u0442\u0438\u043b \u0437\u0430 \u043c\u0435\u0441\u044f\u0446?-question]" time="0.001" /><testcase classname="tests.unit.test_parsing" name="test_intent_guards[\u041f\u043e\u0441\u0442\u0430\u0432\u044c \u043b\u0438\u043c\u0438\u0442 \u043d\u0430 \u0440\u0435\u0441\u0442\u043e\u0440\u0430\u043d\u044b 8000-change_limit]" time="0.003" /><testcase classname="tests.unit.test_parsing" name="test_intent_guards[\u0421\u043e\u0437\u0434\u0430\u0439 \u043a\u0430\u0442\u0435\u0433\u043e\u0440\u0438\u044e \u041f\u0443\u0442\u0435\u0448\u0435\u0441\u0442\u0432\u0438\u044f-create_category]" time="0.003" /><testcase classname="tests.unit.test_parsing" name="test_intent_guards[\u041d\u0430\u043f\u043e\u043c\u043d\u0438 \u043e\u043f\u043b\u0430\u0442\u0438\u0442\u044c \u0438\u043d\u0442\u0435\u0440\u043d\u0435\u0442-reminder]" time="0.004" /><testcase classname="tests.unit.test_parsing" name="test_intent_guards[\u0417\u0434\u0435\u0441\u044c \u0431\u044b\u043b\u043e 800, \u0430 \u043d\u0435 1800-correct_transaction]" time="0.003" /><testcase classname="tests.unit.test_parsing" name="test_intent_guards[\u0423\u0434\u0430\u043b\u0438 \u044d\u0442\u0443 \u0442\u0440\u0430\u0442\u0443, \u0432\u043d\u0451\u0441 \u043f\u043e \u043e\u0448\u0438\u0431\u043a\u0435-cancel_transaction]" time="0.003" /><testcase classname="tests.unit.test_parsing" name="test_intent_guards[\u0414\u043e\u0431\u0430\u0432\u044c \u043a\u043e\u043c\u043c\u0435\u043d\u0442\u0430\u0440\u0438\u0439: \u043a\u0443\u043f\u0438\u043b\u0438 \u043f\u0435\u0440\u0435\u0434 \u043f\u043e\u0435\u0437\u0434\u043a\u043e\u0439-add_note]" time="0.002" /><testcase classname="tests.unit.test_parsing" name="test_intent_without_digits_is_unknown" time="0.002" /><testcase classname="tests.unit.test_parsing" name="test_purchase_verb_without_amount_is_a_transaction" time="0.003" /><testcase classname="tests.unit.test_parsing" name="test_transaction_kind_hint[\u0437\u0430\u0440\u043f\u043b\u0430\u0442\u0430 100000-income]" time="0.003" /><testcase classname="tests.unit.test_parsing" name="test_transaction_kind_hint[\u0430\u0432\u0430\u043d\u0441 40000-income]" time="0.003" /><testcase classname="tests.unit.test_parsing" name="test_transaction_kind_hint[\u0432\u0435\u0440\u043d\u0443\u043b\u0438 900 \u0437\u0430 \u043e\u0431\u0443\u0432\u044c-refund]" time="0.003" /><testcase classname="tests.unit.test_parsing" name="test_transaction_kind_hint[\u043f\u0435\u0440\u0435\u0432\u0451\u043b 10000 \u043d\u0430 \u043d\u0430\u043a\u043e\u043f\u0438\u0442\u0435\u043b\u044c\u043d\u044b\u0439-transfer]" time="0.003" /><testcase classname="tests.unit.test_parsing" name="test_transaction_kind_hint[\u0441\u043d\u044f\u043b \u043d\u0430\u043b\u0438\u0447\u043d\u044b\u0435 5000-transfer]" time="0.004" /><testcase classname="tests.unit.test_parsing" name="test_transaction_kind_hint[\u043a\u043e\u0444\u0435 250-expense]" time="0.088" /></testsuite></testsuites>