<?xml version="1.0" encoding="utf-8"?><testsuites name="pytest tests"><testsuite name="pytest" errors="0" failures="10" skipped="0" tests="11" time="6.858" timestamp="2026-09-14T01:26:46.948078+07:00" hostname="Bayramov-N-mb"><testcase classname="tests.integration.test_verification3_cases" name="test_both_concurrent_executors_return_a_result" time="1.795"><failure message="AssertionError: One expense exists, but the second executor crashes: [&quot;InvalidRequestError: Can't operate on closed transaction inside context manager.  Please complete the context manager before emitting further commands.&quot;]&#10;assert not [&quot;InvalidRequestError: Can't operate on closed transaction inside context manager.  Please complete the context manager before emitting further commands.&quot;]">tests/integration/test_verification3_cases.py:72: in test_both_concurrent_executors_return_a_result
    assert not failures, f"One expense exists, but the second executor crashes: {failures}"
E   AssertionError: One expense exists, but the second executor crashes: ["InvalidRequestError: Can't operate on closed transaction inside context manager.  Please complete the context manager before emitting further commands."]
E   assert not ["InvalidRequestError: Can't operate on closed transaction inside context manager.  Please complete the context manager before emitting further commands."]</failure></testcase><testcase classname="tests.integration.test_verification3_cases" name="test_immediate_reply_rechecks_revocation" time="0.327"><failure message="AssertionError: Immediate path sends rendered financial history after remove_member has completed&#10;assert not [{'buttons': [[{'callback_data': 'tx:open:1b0f841eeac84e01', 'text': 'Запись 1'}], [{'callback_data': 'hist:filters:-:..., 'text': 'Фильтры: без ограничений · по дате операции\nЗаписи 1–1 из 1:\n12 сентября — 98\xa0765,00\xa0₽ · Продукты'}]">tests/integration/test_verification3_cases.py:110: in test_immediate_reply_rechecks_revocation
    assert not exposed, "Immediate path sends rendered financial history after remove_member has completed"
E   AssertionError: Immediate path sends rendered financial history after remove_member has completed
E   assert not [{'buttons': [[{'callback_data': 'tx:open:1b0f841eeac84e01', 'text': 'Запись 1'}], [{'callback_data': 'hist:filters:-:..., 'text': 'Фильтры: без ограничений · по дате операции\nЗаписи 1–1 из 1:\n12 сентября — 98\xa0765,00\xa0₽ · Продукты'}]</failure></testcase><testcase classname="tests.integration.test_verification3_cases" name="test_expired_lease_cannot_send_deferred_reply" time="0.300"><failure message="AssertionError: Execution fence is installed, but deferred delivery never checks it&#10;assert not [{'buttons': [[{'callback_data': 'tx:open:cf29aaafe0e84784', 'text': 'Запись 1'}], [{'callback_data': 'hist:filters:-:..., 'text': 'Фильтры: без ограничений · по дате операции\nЗаписи 1–1 из 1:\n12 сентября — 98\xa0765,00\xa0₽ · Продукты'}]&#10; +  where [{'buttons': [[{'callback_data': 'tx:open:cf29aaafe0e84784', 'text': 'Запись 1'}], [{'callback_data': 'hist:filters:-:..., 'text': 'Фильтры: без ограничений · по дате операции\nЗаписи 1–1 из 1:\n12 сентября — 98\xa0765,00\xa0₽ · Продукты'}] = RecordingSender(sent=[{'chat_id': 880099881, 'text': 'Фильтры: без ограничений · по дате операции\nЗаписи 1–1 из 1:\n1...back_data': 'menu:main'}]]}], documents=[], fail_for_chats=set(), blocked_chats=set(), unknown_chats=set(), _next_id=2).sent">tests/integration/test_verification3_cases.py:128: in test_expired_lease_cannot_send_deferred_reply
    assert not sender.sent, "Execution fence is installed, but deferred delivery never checks it"
E   AssertionError: Execution fence is installed, but deferred delivery never checks it
E   assert not [{'buttons': [[{'callback_data': 'tx:open:cf29aaafe0e84784', 'text': 'Запись 1'}], [{'callback_data': 'hist:filters:-:..., 'text': 'Фильтры: без ограничений · по дате операции\nЗаписи 1–1 из 1:\n12 сентября — 98\xa0765,00\xa0₽ · Продукты'}]
E    +  where [{'buttons': [[{'callback_data': 'tx:open:cf29aaafe0e84784', 'text': 'Запись 1'}], [{'callback_data': 'hist:filters:-:..., 'text': 'Фильтры: без ограничений · по дате операции\nЗаписи 1–1 из 1:\n12 сентября — 98\xa0765,00\xa0₽ · Продукты'}] = RecordingSender(sent=[{'chat_id': 880099881, 'text': 'Фильтры: без ограничений · по дате операции\nЗаписи 1–1 из 1:\n1...back_data': 'menu:main'}]]}], documents=[], fail_for_chats=set(), blocked_chats=set(), unknown_chats=set(), _next_id=2).sent</failure></testcase><testcase classname="tests.integration.test_verification3_cases" name="test_analysis_resumes_after_process_interruption" time="0.208"><failure message="AssertionError: Retry returns 'running'; persisted running analysis is never resumed&#10;assert 'running' in {'fallback', 'succeeded'}&#10; +  where 'running' = AnalysisOutcome(run_id=UUID('09a7287f-b552-418c-b497-f09cdedeb46a'), status='running', summary='', recommendations=(), abstained_reason=None, fallback_used=False).status">tests/integration/test_verification3_cases.py:151: in test_analysis_resumes_after_process_interruption
    assert result.status in {"succeeded", "fallback"}, (
E   AssertionError: Retry returns 'running'; persisted running analysis is never resumed
E   assert 'running' in {'fallback', 'succeeded'}
E    +  where 'running' = AnalysisOutcome(run_id=UUID('09a7287f-b552-418c-b497-f09cdedeb46a'), status='running', summary='', recommendations=(), abstained_reason=None, fallback_used=False).status</failure></testcase><testcase classname="tests.integration.test_verification3_cases" name="test_analysis_rechecks_authority_after_model[lease]" time="0.271"><failure message="AssertionError: After lease invalidation, result was accepted: status=succeeded, completion events=2&#10;assert ('succeeded' != 'succeeded')">tests/integration/test_verification3_cases.py:190: in test_analysis_rechecks_authority_after_model
    assert status != "succeeded" and events == 0, (
E   AssertionError: After lease invalidation, result was accepted: status=succeeded, completion events=2
E   assert ('succeeded' != 'succeeded')</failure></testcase><testcase classname="tests.integration.test_verification3_cases" name="test_analysis_rechecks_authority_after_model[quarantine]" time="0.273"><failure message="AssertionError: After quarantine invalidation, result was accepted: status=succeeded, completion events=2&#10;assert ('succeeded' != 'succeeded')">tests/integration/test_verification3_cases.py:190: in test_analysis_rechecks_authority_after_model
    assert status != "succeeded" and events == 0, (
E   AssertionError: After quarantine invalidation, result was accepted: status=succeeded, completion events=2
E   assert ('succeeded' != 'succeeded')</failure></testcase><testcase classname="tests.integration.test_verification3_cases" name="test_repeated_photo_event_reuses_its_draft" time="0.456"><failure message="AssertionError: One retried photo event made 2 cards and 2 expenses; source keys=[None, None]&#10;assert (2 == 1)">tests/integration/test_verification3_cases.py:231: in test_repeated_photo_event_reuses_its_draft
    assert count == 1 and len(drafts) == 1, (
E   AssertionError: One retried photo event made 2 cards and 2 expenses; source keys=[None, None]
E   assert (2 == 1)</failure></testcase><testcase classname="tests.integration.test_verification3_cases" name="test_downgrade_keeps_previous_purge_function_usable" time="1.642"><failure message="AssertionError: Downgrade succeeds but previous application purge is broken: ProgrammingError: (psycopg.errors.UndefinedTable) relation &quot;author_replies&quot; does not exist&#10;  LINE 1: DELETE FROM author_replies WHERE workspace_id = $1&#10;                      ^&#10;  QUERY:  DELETE FROM author_replies WHERE workspace_id = $1&#10;  CONTEXT:  PL/pgSQL function purge_workspace_data(uuid) line 38 at EXECUTE&#10;  [SQL: SELECT purge_workspace_data(%(id)s)]&#10;  [parameters: {'id': UUID('96ea5712-945a-4bdb-9e80-03191db17175')}]&#10;  (Background on this error at: https://sqlalche.me/e/20/f405)&#10;assert 'ProgrammingError: (psycopg.errors.UndefinedTable) relation &quot;author_replies&quot; does not exist\nLINE 1: DELETE FROM autho...\'id\': UUID(\'96ea5712-945a-4bdb-9e80-03191db17175\')}]\n(Background on this error at: https://sqlalche.me/e/20/f405)' is None">tests/integration/test_verification3_cases.py:260: in test_downgrade_keeps_previous_purge_function_usable
    assert failure is None, f"Downgrade succeeds but previous application purge is broken: {failure}"
E   AssertionError: Downgrade succeeds but previous application purge is broken: ProgrammingError: (psycopg.errors.UndefinedTable) relation "author_replies" does not exist
E     LINE 1: DELETE FROM author_replies WHERE workspace_id = $1
E                         ^
E     QUERY:  DELETE FROM author_replies WHERE workspace_id = $1
E     CONTEXT:  PL/pgSQL function purge_workspace_data(uuid) line 38 at EXECUTE
E     [SQL: SELECT purge_workspace_data(%(id)s)]
E     [parameters: {'id': UUID('96ea5712-945a-4bdb-9e80-03191db17175')}]
E     (Background on this error at: https://sqlalche.me/e/20/f405)
E   assert 'ProgrammingError: (psycopg.errors.UndefinedTable) relation "author_replies" does not exist\nLINE 1: DELETE FROM autho...\'id\': UUID(\'96ea5712-945a-4bdb-9e80-03191db17175\')}]\n(Background on this error at: https://sqlalche.me/e/20/f405)' is None</failure></testcase><testcase classname="tests.integration.test_verification3_cases" name="test_api_start_does_not_require_migration_credentials" time="0.383"><failure message="AssertionError: API startup requires the forbidden migration connection: OperationalError: (psycopg.OperationalError) connection failed: connection to server at &quot;127.0.0.1&quot;, port 1 failed: could not receive data from server: Connection refused&#10;  (Background on this error at: https://sqlalche.me/e/20/e3q8)&#10;assert 'OperationalError: (psycopg.OperationalError) connection failed: connection to server at &quot;127.0.0.1&quot;, port 1 failed: could not receive data from server: Connection refused\n(Background on this error at: https://sqlalche.me/e/20/e3q8)' is None">tests/integration/test_verification3_cases.py:281: in test_api_start_does_not_require_migration_credentials
    assert failure is None, f"API startup requires the forbidden migration connection: {failure}"
E   AssertionError: API startup requires the forbidden migration connection: OperationalError: (psycopg.OperationalError) connection failed: connection to server at "127.0.0.1", port 1 failed: could not receive data from server: Connection refused
E     (Background on this error at: https://sqlalche.me/e/20/e3q8)
E   assert 'OperationalError: (psycopg.OperationalError) connection failed: connection to server at "127.0.0.1", port 1 failed: could not receive data from server: Connection refused\n(Background on this error at: https://sqlalche.me/e/20/e3q8)' is None</failure></testcase><testcase classname="tests.integration.test_verification3_cases" name="test_edited_message_confirmation_updates_original_transaction" time="0.498" /><testcase classname="tests.integration.test_verification3_cases" name="test_successful_summary_emits_one_completion_event" time="0.353"><failure message="AssertionError: A single successful model summary emitted 2 completion events&#10;assert 2 == 1&#10; +  where 2 = len([&lt;fintracker.db.models.platform.OutboxEvent object at 0x10ca16510&gt;, &lt;fintracker.db.models.platform.OutboxEvent object at 0x10ca16390&gt;])">tests/integration/test_verification3_cases.py:329: in test_successful_summary_emits_one_completion_event
    assert len(events) == 1, f"A single successful model summary emitted {len(events)} completion events"
E   AssertionError: A single successful model summary emitted 2 completion events
E   assert 2 == 1
E    +  where 2 = len([&lt;fintracker.db.models.platform.OutboxEvent object at 0x10ca16510&gt;, &lt;fintracker.db.models.platform.OutboxEvent object at 0x10ca16390&gt;])</failure></testcase></testsuite></testsuites>