<?xml version="1.0" encoding="utf-8"?><testsuites name="pytest tests"><testsuite name="pytest" errors="0" failures="8" skipped="0" tests="8" time="9.748" timestamp="2026-09-14T18:43:03.600355+07:00" hostname="Bayramov-N-mb"><testcase classname="tests.readiness.test_new_flow_recheck" name="test_cancel_clears_goal_creation_before_next_expense" time="1.928"><failure message="AssertionError: ('Цель «продукты 450» на 450,00\xa0₽ создана. Резерв не списывает деньги со счёта.', ['продукты 450'], [])&#10;assert (not ['продукты 450'])">tests/readiness/test_new_flow_recheck.py:36: in test_cancel_clears_goal_creation_before_next_expense
    assert not goals and amounts == [45000], (user.text(), goals, amounts)
E   AssertionError: ('Цель «продукты 450» на 450,00\xa0₽ создана. Резерв не списывает деньги со счёта.', ['продукты 450'], [])
E   assert (not ['продукты 450'])</failure></testcase><testcase classname="tests.readiness.test_new_flow_recheck" name="test_invalid_limit_keeps_continuation_for_corrected_input" time="0.507"><failure message="AssertionError: ('Проверьте запись перед сохранением:&#10;  8\xa0000,00\xa0₽ · без описания · 12 сентября 2026', [None, 500000, None, None, None, 500000, ...])&#10;assert 800000 in [None, 500000, None, None, None, 500000, ...]">tests/readiness/test_new_flow_recheck.py:50: in test_invalid_limit_keeps_continuation_for_corrected_input
    assert 800000 in limits, (user.text(), limits)
E   AssertionError: ('Проверьте запись перед сохранением:
E     8\xa0000,00\xa0₽ · без описания · 12 сентября 2026', [None, 500000, None, None, None, 500000, ...])
E   assert 800000 in [None, 500000, None, None, None, 500000, ...]</failure></testcase><testcase classname="tests.readiness.test_new_flow_recheck" name="test_switching_budget_does_not_retarget_pending_goal" time="0.688"><failure message="AssertionError: ('Цель «Отпуск» на 100\xa0000,00\xa0₽ создана. Резерв не списывает деньги со счёта.', [('Отпуск', 'Бюджет Б')])&#10;assert ('Отпуск', 'Бюджет Б') not in [('Отпуск', 'Бюджет Б')]">tests/readiness/test_new_flow_recheck.py:66: in test_switching_budget_does_not_retarget_pending_goal
    assert ("Отпуск", "Бюджет Б") not in rows, (user.text(), rows)
E   AssertionError: ('Цель «Отпуск» на 100\xa0000,00\xa0₽ создана. Резерв не списывает деньги со счёта.', [('Отпуск', 'Бюджет Б')])
E   assert ('Отпуск', 'Бюджет Б') not in [('Отпуск', 'Бюджет Б')]</failure></testcase><testcase classname="tests.readiness.test_new_flow_recheck" name="test_new_category_can_receive_first_limit" time="0.492"><failure message="AssertionError: ('Строка плана не найдена', [])&#10;assert 800000 in []">tests/readiness/test_new_flow_recheck.py:79: in test_new_category_can_receive_first_limit
    assert 800000 in limits, (user.text(), limits)
E   AssertionError: ('Строка плана не найдена', [])
E   assert 800000 in []</failure></testcase><testcase classname="tests.readiness.test_new_flow_recheck" name="test_old_draft_confirmation_does_not_settle_unrelated_payment" time="0.296"><failure message="AssertionError: Кнопка «Записать» не найдена в ответе:&#10;Бюджет: Тестовый бюджет&#10;Записано 450,00 ₽ — Продукты&#10;12 сентября 2026&#10;Период: 10 сентября — 9 октября&#10;По статье: Лимит не задан">tests/readiness/test_new_flow_recheck.py:92: in test_old_draft_confirmation_does_not_settle_unrelated_payment
    old_confirm = user.button_data("Записать")
                  ^^^^^^^^^^^^^^^^^^^^^^^^^^^^
tests/acceptance/conftest.py:134: in button_data
    raise AssertionError(f"Кнопка «{needle}» не найдена в ответе:\n{self.text()}")
E   AssertionError: Кнопка «Записать» не найдена в ответе:
E   Бюджет: Тестовый бюджет
E   Записано 450,00 ₽ — Продукты
E   12 сентября 2026
E   Период: 10 сентября — 9 октября
E   По статье: Лимит не задан</failure></testcase><testcase classname="tests.readiness.test_new_flow_recheck" name="test_long_comment_search_keeps_full_filter_on_next_page" time="1.533"><failure message="AssertionError: Фильтры: без ограничений · по дате операции&#10;  Поиск по комментарию: «abcdefghijklmnop»&#10;  Записи 9–10 из 10:&#10;  12 сентября — 101,00 ₽ · Продукты #x1F4AC&#10;  12 сентября — 100,00 ₽ · Продукты #x1F4AC&#10;assert ('из 9' in 'Фильтры: без ограничений · по дате операции\nПоиск по комментарию: «abcdefghijklmnop»\nЗаписи 9–10 из 10:\n12 сентября — 101,00\xa0₽ · Продукты #x1F4AC\n12 сентября — 100,00\xa0₽ · Продукты #x1F4AC')&#10; +  where 'Фильтры: без ограничений · по дате операции\nПоиск по комментарию: «abcdefghijklmnop»\nЗаписи 9–10 из 10:\n12 сентября — 101,00\xa0₽ · Продукты #x1F4AC\n12 сентября — 100,00\xa0₽ · Продукты #x1F4AC' = text()&#10; +    where text = BotUser(settings=Settings(env=&lt;Environment.TEST: 'test'&gt;, app_name='fintracker', db=DatabaseSettings(owner_dsn='postgr...t:sort:-:o:0:-:abcdefghijklmnop')), (Button(text='← Меню', data='menu:main'),)), transaction_id=None, immediate=True)]).text">tests/readiness/test_new_flow_recheck.py:111: in test_long_comment_search_keeps_full_filter_on_next_page
    assert "из 9" in user.text() and query in user.text(), user.text()
E   AssertionError: Фильтры: без ограничений · по дате операции
E     Поиск по комментарию: «abcdefghijklmnop»
E     Записи 9–10 из 10:
E     12 сентября — 101,00 ₽ · Продукты #x1F4AC
E     12 сентября — 100,00 ₽ · Продукты #x1F4AC
E   assert ('из 9' in 'Фильтры: без ограничений · по дате операции\nПоиск по комментарию: «abcdefghijklmnop»\nЗаписи 9–10 из 10:\n12 сентября — 101,00\xa0₽ · Продукты #x1F4AC\n12 сентября — 100,00\xa0₽ · Продукты #x1F4AC')
E    +  where 'Фильтры: без ограничений · по дате операции\nПоиск по комментарию: «abcdefghijklmnop»\nЗаписи 9–10 из 10:\n12 сентября — 101,00\xa0₽ · Продукты #x1F4AC\n12 сентября — 100,00\xa0₽ · Продукты #x1F4AC' = text()
E    +    where text = BotUser(settings=Settings(env=&lt;Environment.TEST: 'test'&gt;, app_name='fintracker', db=DatabaseSettings(owner_dsn='postgr...t:sort:-:o:0:-:abcdefghijklmnop')), (Button(text='← Меню', data='menu:main'),)), transaction_id=None, immediate=True)]).text</failure></testcase><testcase classname="tests.readiness.test_new_flow_recheck" name="test_goal_open_exposes_allocation_action" time="0.530"><failure message="AssertionError: Цели накоплений:&#10;  • Отпуск: выделено 0,00 ₽ из 100 000,00 ₽&#10;  «Выделено» — резервирование внутри бюджета. Подтверждённый остаток на накопительном счёте показывается отдельно после сверки.&#10;assert False&#10; +  where False = any(&lt;generator object test_goal_open_exposes_allocation_action.&lt;locals&gt;.&lt;genexpr&gt; at 0x10c28bc40&gt;)">tests/readiness/test_new_flow_recheck.py:123: in test_goal_open_exposes_allocation_action
    assert any(word in button.text.casefold() for reply in user.last_replies for row in reply.buttons for button in row for word in ("выделить", "пополнить", "внести", "резерв")), user.text()
E   AssertionError: Цели накоплений:
E     • Отпуск: выделено 0,00 ₽ из 100 000,00 ₽
E     «Выделено» — резервирование внутри бюджета. Подтверждённый остаток на накопительном счёте показывается отдельно после сверки.
E   assert False
E    +  where False = any(&lt;generator object test_goal_open_exposes_allocation_action.&lt;locals&gt;.&lt;genexpr&gt; at 0x10c28bc40&gt;)</failure></testcase><testcase classname="tests.readiness.test_new_flow_recheck" name="test_invalid_payment_date_does_not_silently_create_today" time="3.642"><failure message="AssertionError: ('Платёж «Интернет» на 1\xa0000,00\xa0₽ создан, ближайший срок 2026-09-14. Расход появится после записи оплаты.', ['Интернет'])&#10;assert not ['Интернет']">tests/readiness/test_new_flow_recheck.py:134: in test_invalid_payment_date_does_not_silently_create_today
    assert not schedules, (user.text(), schedules)
E   AssertionError: ('Платёж «Интернет» на 1\xa0000,00\xa0₽ создан, ближайший срок 2026-09-14. Расход появится после записи оплаты.', ['Интернет'])
E   assert not ['Интернет']</failure></testcase></testsuite></testsuites>